#
# A fatal error has been detected by the Java Runtime Environment:
#
#  SIGSEGV (0xb) at pc=0x0000000181bf8132, pid=3244, tid=259
#
# JRE version: OpenJDK Runtime Environment (21.0.2+13) (build 21.0.2+13-58)
# Java VM: OpenJDK 64-Bit Server VM (21.0.2+13-58, mixed mode, sharing, tiered, compressed oops, compressed class ptrs, g1 gc, bsd-amd64)
# Problematic frame:
# C  [libjfxmedia_avf.dylib+0x5132]
#
# No core dump will be written. Core dumps have been disabled. To enable core dumping, try "ulimit -c unlimited" before starting Java again
#
# If you would like to submit a bug report, please visit:
#   https://bugreport.java.com/bugreport/crash.jsp
# The crash happened outside the Java Virtual Machine in native code.
# See problematic frame for where to report the bug.
#

---------------  S U M M A R Y ------------

Command Line: --module-path=/Users/Amin/Desktop/AM/Progmeth/javafx-sdk-21.0.2/lib --add-modules=javafx.controls,javafx.fxml,javafx.graphics,javafx.media -javaagent:/Applications/IntelliJ IDEA CE.app/Contents/lib/idea_rt.jar=49462:/Applications/IntelliJ IDEA CE.app/Contents/bin -Dfile.encoding=UTF-8 -Dsun.stdout.encoding=UTF-8 -Dsun.stderr.encoding=UTF-8 main.Main

Host: "MacBookPro13,2" x86_64 2900 MHz, 4 cores, 8G, Darwin 21.6.0, macOS 12.7 (21G816)
Time: Sat May  4 18:02:10 2024 +07 elapsed time: 13.829849 seconds (0d 0h 0m 13s)

---------------  T H R E A D  ---------------

Current thread (0x00007f8464051400):  JavaThread "JavaFX Application Thread"        [_thread_in_native, id=259, stack(0x00007ff7b1669000,0x00007ff7b1e69000) (8192K)]

Stack: [0x00007ff7b1669000,0x00007ff7b1e69000],  sp=0x00007ff7b1e63e70,  free space=8171k
Native frames: (J=compiled Java code, j=interpreted, Vv=VM code, C=native code)
C  [libjfxmedia_avf.dylib+0x5132]
C  [libjfxmedia_avf.dylib+0x3866]
C  [Foundation+0x75d7e]  -[NSKeyValueObservance observeValueForKeyPath:ofObject:change:context:]+0x175
C  [Foundation+0x75d7e]  -[NSKeyValueObservance observeValueForKeyPath:ofObject:change:context:]+0x175
C  [Foundation+0x75d7e]  -[NSKeyValueObservance observeValueForKeyPath:ofObject:change:context:]+0x175
C  [Foundation+0x3415a]  NSKeyValueNotifyObserver+0x132
C  [Foundation+0xf8059]  NSKeyValueDidChange+0x1af
C  [Foundation+0x1a07ee]  NSKeyValueDidChangeWithPerThreadPendingNotifications+0x92
C  [AVFCore+0x5ad4b]  -[AVPlayerItem _informObserversAboutAvailabilityOfTracks:]+0xad
C  [AVFCore+0x5c987]  -[AVPlayerItem _respondToBecomingReadyForBasicInspectionWithDuration:]+0x117
C  [AVFCore+0x72eb4]  __avplayeritem_fpItemNotificationCallback_block_invoke+0x8f7
C  [libdispatch.dylib+0x20cc]  _dispatch_call_block_and_release+0xc
C  [libdispatch.dylib+0x3317]  _dispatch_client_callout+0x8
C  [libdispatch.dylib+0xfc78]  _dispatch_main_queue_drain+0x3af
C  [libdispatch.dylib+0xf8bb]  _dispatch_main_queue_callback_4CF+0x1f
C  [CoreFoundation+0xbde77]  __CFRUNLOOP_IS_SERVICING_THE_MAIN_DISPATCH_QUEUE__+0x9
C  [CoreFoundation+0x7ef0f]  __CFRunLoopRun+0xad3
C  [CoreFoundation+0x7dd7c]  CFRunLoopRunSpecific+0x232
C  [HIToolbox+0x2e5e6]  RunCurrentEventLoopInMode+0x124
C  [HIToolbox+0x2e34a]  ReceiveNextEventCommon+0x252
C  [HIToolbox+0x2e0e5]  _BlockUntilNextEventMatchingListInModeWithFilter+0x46
C  [AppKit+0x3ef6d]  _DPSNextEvent+0x39f
C  [AppKit+0x3d62a]  -[NSApplication(NSEvent) _nextEventMatchingEventMask:untilDate:inMode:dequeue:]+0x572
C  [AppKit+0x2fcd9]  -[NSApplication run]+0x24a
C  [libglass.dylib+0xa613]  JNI_OnLoad+0x20c3
C  [Foundation+0x814e7]  __NSThreadPerformPerform+0xb3
C  [CoreFoundation+0x800bb]  __CFRUNLOOP_IS_CALLING_OUT_TO_A_SOURCE0_PERFORM_FUNCTION__+0x11
C  [CoreFoundation+0x80023]  __CFRunLoopDoSource0+0xb4
C  [CoreFoundation+0x7fd9d]  __CFRunLoopDoSources0+0xf2
C  [CoreFoundation+0x7e7b8]  __CFRunLoopRun+0x37c
C  [CoreFoundation+0x7dd7c]  CFRunLoopRunSpecific+0x232
C  [libjli.dylib+0x6ee2]  CreateExecutionEnvironment+0x182
C  [libjli.dylib+0x28bd]  JLI_Launch+0x54d
C  [java+0x3c0f]  main+0x18f
C  0x000000011332752e

siginfo: si_signo: 11 (SIGSEGV), si_code: 1 (SEGV_MAPERR), si_addr: 0x00003a1a3979d5d8

Registers:
RAX=0x00003a1a3979d5a0, RBX=0x0000600002db1800, RCX=0x0000000000000002, RDX=0x00007ff7b1e63e10
RSP=0x00007ff7b1e63e70, RBP=0x00007ff7b1e64120, RSI=0x0000600002db1800, RDI=0x000060000091d5a0
R8 =0x0000000000000001, R9 =0x00007ff7b1e63f00, R10=0x00007ff84ba4b8d8, R11=0x00007ff630266b8d
R12=0x0000000181bff588, R13=0x00006000009215c0, R14=0x0000000000000001, R15=0x0000000000000001
RIP=0x0000000181bf8132, EFLAGS=0x0000000000010246, ERR=0x0000000000000004
  TRAPNO=0x000000000000000e


Register to memory mapping:

RAX=0x00003a1a3979d5a0 is an unknown value
RBX=0x0000600002db1800 points into unknown readable memory: 0x0000000181bd32e8 | e8 32 bd 81 01 00 00 00
RCX=0x0000000000000002 is an unknown value
RDX=0x00007ff7b1e63e10 is pointing into the stack for thread: 0x00007f8464051400
RSP=0x00007ff7b1e63e70 is pointing into the stack for thread: 0x00007f8464051400
RBP=0x00007ff7b1e64120 is pointing into the stack for thread: 0x00007f8464051400
RSI=0x0000600002db1800 points into unknown readable memory: 0x0000000181bd32e8 | e8 32 bd 81 01 00 00 00
RDI=0x000060000091d5a0 points into unknown readable memory: 0x00003a1a3979d5a0 | a0 d5 79 39 1a 3a 00 00
R8 =0x0000000000000001 is an unknown value
R9 =0x00007ff7b1e63f00 is pointing into the stack for thread: 0x00007f8464051400
R10=0x00007ff84ba4b8d8: __CFConstantStringClassReference+0 in /System/Library/Frameworks/CoreFoundation.framework/Versions/A/CoreFoundation at 0x00007ff80a4d8000
R11=0x00007ff630266b8d is an unknown value
R12=0x0000000181bff588: <offset 0xc588> in /Users/Amin/Desktop/AM/Progmeth/javafx-sdk-21.0.2/lib/libjfxmedia_avf.dylib at 0x0000000181bf3000
R13=0x00006000009215c0 points into unknown readable memory: 0x011dfff84ba4b8b1 | b1 b8 a4 4b f8 ff 1d 01
R14=0x0000000000000001 is an unknown value
R15=0x0000000000000001 is an unknown value

Top of Stack: (sp=0x00007ff7b1e63e70)
0x00007ff7b1e63e70:   0000000000000002 0000000000000003
0x00007ff7b1e63e80:   ffffffffffffffff 0000600000ba3248
0x00007ff7b1e63e90:   00007ff80a852af0 0000000000000000
0x00007ff7b1e63ea0:   0000000000000000 0000000000000000
0x00007ff7b1e63eb0:   0000000000000000 0000000000000000
0x00007ff7b1e63ec0:   00007ff7b1e63f00 0000000000000000
0x00007ff7b1e63ed0:   0000600000ba2ee0 0000000000000000
0x00007ff7b1e63ee0:   0000000000000000 54206f696475411a
0x00007ff7b1e63ef0:   000031206b636172 0000000000000010
0x00007ff7b1e63f00:   00007f00646e7506 0000000000000000
0x00007ff7b1e63f10:   00007ff80b670e47 0000000000000000
0x00007ff7b1e63f20:   0000000000000001 0000000000000000
0x00007ff7b1e63f30:   0000000000000000 0063006100720074
0x00007ff7b1e63f40:   000060000073006b 00007ff824efc880
0x00007ff7b1e63f50:   00007ff824a64900 00007ff824ef558f
0x00007ff7b1e63f60:   0000000000000001 0000000000000001
0x00007ff7b1e63f70:   00007ff84aff8278 00007ff8248b79b7
0x00007ff7b1e63f80:   00007ff824ef6979 00007ff84aff8478
0x00007ff7b1e63f90:   00007ff8248b79bd 00007ff824c17f63
0x00007ff7b1e63fa0:   00007ff84aff8298 00007ff8249c18bd
0x00007ff7b1e63fb0:   00007ff826a48939 00007ff82684da56
0x00007ff7b1e63fc0:   00007ff824efb096 00007ff84aff82d8
0x00007ff7b1e63fd0:   00007ff8248bdb6c 00007ff824ef4aa5
0x00007ff7b1e63fe0:   0000000000000000 0000600000ba2f80
0x00007ff7b1e63ff0:   00007ff824907f7d 00007ff8248b7226
0x00007ff7b1e64000:   00007ff824b99873 00007ff8248c74e1
0x00007ff7b1e64010:   472c440000000001 0000000100000001
0x00007ff7b1e64020:   8bf21ea2ce5868c3 00007ff8248b7342
0x00007ff7b1e64030:   0000600000ba3240 0000000000000000
0x00007ff7b1e64040:   0000600003ba2400 0000600002db1800
0x00007ff7b1e64050:   0000000181bff588 0000600000ba3160
0x00007ff7b1e64060:   00006000009215c0 0000000381c04880 

Instructions: (pc=0x0000000181bf8132)
0x0000000181bf8032:   fe ff ff 48 8b 1d 9c 70 00 00 ff d3 41 89 c6 48
0x0000000181bf8042:   8b bd 40 ff ff ff e8 bd 3d 00 00 49 89 c5 48 89
0x0000000181bf8052:   c7 48 8b b5 08 ff ff ff ff d3 48 8d bd c8 fd ff
0x0000000181bf8062:   ff 48 89 c6 e8 47 0d 00 00 48 8b bd 38 ff ff ff
0x0000000181bf8072:   48 8b b5 e8 fe ff ff ff d3 41 89 c7 48 8b bd 30
0x0000000181bf8082:   ff ff ff e8 80 3d 00 00 48 89 c3 48 89 c7 48 8b
0x0000000181bf8092:   b5 08 ff ff ff ff 15 3b 70 00 00 48 8d bd e0 fd
0x0000000181bf80a2:   ff ff 48 89 c6 e8 06 0d 00 00 49 63 f6 45 31 c0
0x0000000181bf80b2:   45 84 ff 41 0f 95 c0 44 89 24 24 c7 44 24 08 03
0x0000000181bf80c2:   00 00 00 48 8b bd 28 ff ff ff 48 8d 95 c8 fd ff
0x0000000181bf80d2:   ff 8b 8d 4c ff ff ff 4c 8d 8d e0 fd ff ff f3 0f
0x0000000181bf80e2:   10 85 f4 fe ff ff e8 85 3b 00 00 f6 85 e0 fd ff
0x0000000181bf80f2:   ff 01 74 0c 48 8b bd f0 fd ff ff e8 d6 3b 00 00
0x0000000181bf8102:   49 89 dc f6 85 c8 fd ff ff 01 74 0c 48 8b bd d8
0x0000000181bf8112:   fd ff ff e8 be 3b 00 00 48 8b 85 20 ff ff ff 48
0x0000000181bf8122:   8b 78 28 48 8b 07 48 8b 9d 28 ff ff ff 48 89 de
0x0000000181bf8132:   ff 50 38 48 8b 03 48 89 df ff 50 08 ff 85 f8 fe
0x0000000181bf8142:   ff ff 48 8b bd c8 fe ff ff 48 8b 1d 8e 6f 00 00
0x0000000181bf8152:   ff d3 4c 89 e7 ff d3 4c 89 ef ff d3 48 8b bd 00
0x0000000181bf8162:   ff ff ff ff d3 48 8b bd 38 ff ff ff ff d3 48 8b
0x0000000181bf8172:   8d c0 fe ff ff 48 ff c1 48 8b 9d 40 fe ff ff 48
0x0000000181bf8182:   89 c8 48 89 8d c0 fe ff ff 48 39 cb 0f 85 47 f7
0x0000000181bf8192:   ff ff eb 44 c7 85 4c ff ff ff 02 00 00 00 e9 85
0x0000000181bf81a2:   f8 ff ff 45 31 ed e9 af fc ff ff c7 85 4c ff ff
0x0000000181bf81b2:   ff 05 00 00 00 e9 6e f8 ff ff c7 85 4c ff ff ff
0x0000000181bf81c2:   03 00 00 00 e9 5f f8 ff ff c7 85 4c ff ff ff 01
0x0000000181bf81d2:   00 00 00 e9 50 f8 ff ff 41 b8 10 00 00 00 48 8b
0x0000000181bf81e2:   bd 10 ff ff ff 48 8b 35 ea c0 00 00 48 8d 95 60
0x0000000181bf81f2:   fd ff ff 48 8d 8d 50 ff ff ff ff 15 d6 6e 00 00
0x0000000181bf8202:   48 89 c3 48 85 c0 0f 85 c1 f5 ff ff 48 8b 9d 10
0x0000000181bf8212:   ff ff ff 48 89 df ff 15 c2 6e 00 00 80 bd 18 ff
0x0000000181bf8222:   ff ff 00 74 26 48 8b 35 b2 c0 00 00 48 8b bd 20 


Stack slot to memory mapping:

stack at sp + 0 slots: 0x0000000000000002 is an unknown value
stack at sp + 1 slots: 0x0000000000000003 is an unknown value
stack at sp + 2 slots: 0xffffffffffffffff: <offset 0xf1f68fff> in /Users/Amin/Library/Java/JavaVirtualMachines/openjdk-21.0.2/Contents/Home/bin/java at 0x000000010e097000
stack at sp + 3 slots: 0x0000600000ba3248 points into unknown readable memory: 0x0000600000ba2ed0 | d0 2e ba 00 00 60 00 00
stack at sp + 4 slots: 0x00007ff80a852af0: countByEnumeratingWithState:objects:count:.const_mu+0 in /System/Library/Frameworks/CoreFoundation.framework/Versions/A/CoreFoundation at 0x00007ff80a4d8000
stack at sp + 5 slots: 0x0 is null
stack at sp + 6 slots: 0x0 is null
stack at sp + 7 slots: 0x0 is null


---------------  P R O C E S S  ---------------

Threads class SMR info:
_java_thread_list=0x0000600000918260, length=26, elements={
0x00007f8464008200, 0x00007f846383d000, 0x00007f846302f000, 0x00007f846300b000,
0x00007f846300b800, 0x00007f846302f800, 0x00007f8463030000, 0x00007f846405d400,
0x00007f8462020800, 0x00007f846335b600, 0x00007f846335be00, 0x00007f8463840e00,
0x00007f8463bfa200, 0x00007f8464051400, 0x00007f8463c81200, 0x00007f8462240000,
0x00007f8464255e00, 0x00007f846224f000, 0x00007f8463cf4800, 0x00007f84642e9000,
0x00007f84641fe800, 0x00007f846224c000, 0x00007f8464335200, 0x00007f8463943a00,
0x00007f846395c200, 0x00007f8463bf9a00
}

Java Threads: ( => current thread )
  0x00007f8464008200 JavaThread "main"                              [_thread_blocked, id=9987, stack(0x0000700007227000,0x0000700007327000) (1024K)]
  0x00007f846383d000 JavaThread "Reference Handler"          daemon [_thread_blocked, id=42755, stack(0x0000700007b45000,0x0000700007c45000) (1024K)]
  0x00007f846302f000 JavaThread "Finalizer"                  daemon [_thread_blocked, id=22531, stack(0x0000700007c48000,0x0000700007d48000) (1024K)]
  0x00007f846300b000 JavaThread "Signal Dispatcher"          daemon [_thread_blocked, id=41987, stack(0x0000700007d4b000,0x0000700007e4b000) (1024K)]
  0x00007f846300b800 JavaThread "Service Thread"             daemon [_thread_blocked, id=23043, stack(0x0000700007e4e000,0x0000700007f4e000) (1024K)]
  0x00007f846302f800 JavaThread "Monitor Deflation Thread"   daemon [_thread_blocked, id=41475, stack(0x0000700007f51000,0x0000700008051000) (1024K)]
  0x00007f8463030000 JavaThread "C2 CompilerThread0"         daemon [_thread_blocked, id=23299, stack(0x0000700008054000,0x0000700008154000) (1024K)]
  0x00007f846405d400 JavaThread "C1 CompilerThread0"         daemon [_thread_blocked, id=40707, stack(0x0000700008157000,0x0000700008257000) (1024K)]
  0x00007f8462020800 JavaThread "Common-Cleaner"             daemon [_thread_blocked, id=40195, stack(0x000070000825a000,0x000070000835a000) (1024K)]
  0x00007f846335b600 JavaThread "Monitor Ctrl-Break"         daemon [_thread_in_native, id=23555, stack(0x000070000835d000,0x000070000845d000) (1024K)]
  0x00007f846335be00 JavaThread "Notification Thread"        daemon [_thread_blocked, id=23811, stack(0x0000700008460000,0x0000700008560000) (1024K)]
  0x00007f8463840e00 JavaThread "QuantumRenderer-0"          daemon [_thread_blocked, id=39171, stack(0x0000700008563000,0x0000700008663000) (1024K)]
  0x00007f8463bfa200 JavaThread "InvokeLaterDispatcher"      daemon [_thread_blocked, id=34819, stack(0x000070000886c000,0x000070000896c000) (1024K)]
=>0x00007f8464051400 JavaThread "JavaFX Application Thread"         [_thread_in_native, id=259, stack(0x00007ff7b1669000,0x00007ff7b1e69000) (8192K)]
  0x00007f8463c81200 JavaThread "JavaFX-Launcher"                   [_thread_blocked, id=55555, stack(0x0000700008d01000,0x0000700008e01000) (1024K)]
  0x00007f8462240000 JavaThread "Prism Font Disposer"        daemon [_thread_blocked, id=78087, stack(0x00007000089f2000,0x0000700008af2000) (1024K)]
  0x00007f8464255e00 JavaThread "Cleaner-0"                  daemon [_thread_blocked, id=48139, stack(0x000070000900d000,0x000070000910d000) (1024K)]
  0x00007f846224f000 JavaThread "PulseTimer-CVDisplayLink thread" daemon [_thread_in_native, id=66839, stack(0x0000700008f8a000,0x000070000900a000) (512K)]
  0x00007f8463cf4800 JavaThread "JFXMedia Player EventQueueThread" daemon [_thread_blocked, id=130831, stack(0x0000700009193000,0x0000700009293000) (1024K)]
  0x00007f84642e9000 JavaThread "JFXMedia Player EventQueueThread" daemon [_thread_blocked, id=126211, stack(0x0000700009522000,0x0000700009622000) (1024K)]
  0x00007f84641fe800 JavaThread "JFXMedia Player EventQueueThread" daemon [_thread_blocked, id=113667, stack(0x0000700009728000,0x0000700009828000) (1024K)]
  0x00007f846224c000 JavaThread "JFXMedia Player EventQueueThread" daemon [_thread_blocked, id=100611, stack(0x000070000982b000,0x000070000992b000) (1024K)]
  0x00007f8464335200 JavaThread "Media Resource Disposer"    daemon [_thread_blocked, id=104707, stack(0x0000700009e4c000,0x0000700009f4c000) (1024K)]
  0x00007f8463943a00 JavaThread "Timer-0"                    daemon [_thread_blocked, id=161551, stack(0x000070000b0b5000,0x000070000b1b5000) (1024K)]
  0x00007f846395c200 JavaThread "Timer-1"                    daemon [_thread_blocked, id=142339, stack(0x000070000b1b8000,0x000070000b2b8000) (1024K)]
  0x00007f8463bf9a00 JavaThread "C2 CompilerThread1"         daemon [_thread_in_native, id=107787, stack(0x0000700009625000,0x0000700009725000) (1024K)]
Total: 26

Other Threads:
  0x00007f8462807270 VMThread "VM Thread"                           [id=16899, stack(0x000070000793c000,0x0000700007a3c000) (1024K)]
  0x00007f8462806630 WatcherThread "VM Periodic Task Thread"        [id=14339, stack(0x0000700007839000,0x0000700007939000) (1024K)]
  0x00007f8462a05a80 WorkerThread "GC Thread#0"                     [id=13059, stack(0x000070000732a000,0x000070000742a000) (1024K)]
  0x00007f8461f14ef0 WorkerThread "GC Thread#1"                     [id=27907, stack(0x0000700008666000,0x0000700008766000) (1024K)]
  0x00007f8461f15460 WorkerThread "GC Thread#2"                     [id=28163, stack(0x0000700008769000,0x0000700008869000) (1024K)]
  0x00007f8462936900 WorkerThread "GC Thread#3"                     [id=63255, stack(0x0000700008e87000,0x0000700008f87000) (1024K)]
  0x00007f8461f047a0 ConcurrentGCThread "G1 Main Marker"            [id=20483, stack(0x000070000742d000,0x000070000752d000) (1024K)]
  0x00007f8461f05110 WorkerThread "G1 Conc#0"                       [id=19715, stack(0x0000700007530000,0x0000700007630000) (1024K)]
  0x00007f846380a800 ConcurrentGCThread "G1 Refine#0"               [id=19203, stack(0x0000700007633000,0x0000700007733000) (1024K)]
  0x00007f8461f05a70 ConcurrentGCThread "G1 Service"                [id=18691, stack(0x0000700007736000,0x0000700007836000) (1024K)]
Total: 10

Threads with active compile tasks:
C2 CompilerThread1    13903 3633       4       logic.PlayerMovement::repaint (1020 bytes)
Total: 1

VM state: not at safepoint (normal execution)

VM Mutex/Monitor currently owned by a thread: None

Heap address: 0x0000000780000000, size: 2048 MB, Compressed Oops mode: Zero based, Oop shift amount: 3

CDS archive(s) mapped at: [0x000000012d000000-0x000000012dca4000-0x000000012dca4000), size 13254656, SharedBaseAddress: 0x000000012d000000, ArchiveRelocationMode: 1.
Compressed class space mapped at: 0x000000012e000000-0x000000016e000000, reserved size: 1073741824
Narrow klass base: 0x000000012d000000, Narrow klass shift: 0, Narrow klass range: 0x100000000

GC Precious Log:
 CardTable entry size: 512
 Card Set container configuration: InlinePtr #cards 5 size 8 Array Of Cards #cards 12 size 40 Howl #buckets 4 coarsen threshold 1843 Howl Bitmap #cards 512 size 80 coarsen threshold 460 Card regions per heap region 1 cards per card region 2048
 CPUs: 4 total, 4 available
 Memory: 8192M
 Large Page Support: Disabled
 NUMA Support: Disabled
 Compressed Oops: Enabled (Zero based)
 Heap Region Size: 1M
 Heap Min Capacity: 8M
 Heap Initial Capacity: 128M
 Heap Max Capacity: 2G
 Pre-touch: Disabled
 Parallel Workers: 4
 Concurrent Workers: 1
 Concurrent Refinement Workers: 4
 Periodic GC: Disabled

Heap:
 garbage-first heap   total 45056K, used 12442K [0x0000000780000000, 0x0000000800000000)
  region size 1024K, 2 young (2048K), 0 survivors (0K)
 Metaspace       used 15288K, committed 15616K, reserved 1114112K
  class space    used 1947K, committed 2112K, reserved 1048576K

Heap Regions: E=young(eden), S=young(survivor), O=old, HS=humongous(starts), HC=humongous(continues), CS=collection set, F=free, TAMS=top-at-mark-start, PB=parsable bottom
|   0|0x0000000780000000, 0x0000000780100000, 0x0000000780100000|100%| O|  |TAMS 0x0000000780000000| PB 0x0000000780000000| Untracked 
|   1|0x0000000780100000, 0x00000007801fffe0, 0x0000000780200000| 99%| O|  |TAMS 0x0000000780100000| PB 0x0000000780100000| Untracked 
|   2|0x0000000780200000, 0x0000000780300000, 0x0000000780300000|100%|HS|  |TAMS 0x0000000780200000| PB 0x0000000780200000| Untracked 
|   3|0x0000000780300000, 0x0000000780400000, 0x0000000780400000|100%|HC|  |TAMS 0x0000000780300000| PB 0x0000000780300000| Untracked 
|   4|0x0000000780400000, 0x00000007804ffff8, 0x0000000780500000| 99%| O|  |TAMS 0x0000000780400000| PB 0x0000000780400000| Untracked 
|   5|0x0000000780500000, 0x000000078050ff40, 0x0000000780600000|  6%| O|  |TAMS 0x0000000780500000| PB 0x0000000780500000| Untracked 
|   6|0x0000000780600000, 0x0000000780700000, 0x0000000780700000|100%| O|  |TAMS 0x0000000780600000| PB 0x0000000780600000| Untracked 
|   7|0x0000000780700000, 0x0000000780716ad0, 0x0000000780800000|  8%| O|  |TAMS 0x0000000780700000| PB 0x0000000780700000| Untracked 
|   8|0x0000000780800000, 0x0000000780800000, 0x0000000780900000|  0%| F|  |TAMS 0x0000000780800000| PB 0x0000000780800000| Untracked 
|   9|0x0000000780900000, 0x0000000780900000, 0x0000000780a00000|  0%| F|  |TAMS 0x0000000780900000| PB 0x0000000780900000| Untracked 
|  10|0x0000000780a00000, 0x0000000780a00000, 0x0000000780b00000|  0%| F|  |TAMS 0x0000000780a00000| PB 0x0000000780a00000| Untracked 
|  11|0x0000000780b00000, 0x0000000780b00000, 0x0000000780c00000|  0%| F|  |TAMS 0x0000000780b00000| PB 0x0000000780b00000| Untracked 
|  12|0x0000000780c00000, 0x0000000780c00000, 0x0000000780d00000|  0%| F|  |TAMS 0x0000000780c00000| PB 0x0000000780c00000| Untracked 
|  13|0x0000000780d00000, 0x0000000780d00000, 0x0000000780e00000|  0%| F|  |TAMS 0x0000000780d00000| PB 0x0000000780d00000| Untracked 
|  14|0x0000000780e00000, 0x0000000780e00000, 0x0000000780f00000|  0%| F|  |TAMS 0x0000000780e00000| PB 0x0000000780e00000| Untracked 
|  15|0x0000000780f00000, 0x0000000780f00000, 0x0000000781000000|  0%| F|  |TAMS 0x0000000780f00000| PB 0x0000000780f00000| Untracked 
|  16|0x0000000781000000, 0x0000000781000000, 0x0000000781100000|  0%| F|  |TAMS 0x0000000781000000| PB 0x0000000781000000| Untracked 
|  17|0x0000000781100000, 0x0000000781100000, 0x0000000781200000|  0%| F|  |TAMS 0x0000000781100000| PB 0x0000000781100000| Untracked 
|  18|0x0000000781200000, 0x0000000781200000, 0x0000000781300000|  0%| F|  |TAMS 0x0000000781200000| PB 0x0000000781200000| Untracked 
|  19|0x0000000781300000, 0x0000000781300000, 0x0000000781400000|  0%| F|  |TAMS 0x0000000781300000| PB 0x0000000781300000| Untracked 
|  20|0x0000000781400000, 0x0000000781400000, 0x0000000781500000|  0%| F|  |TAMS 0x0000000781400000| PB 0x0000000781400000| Untracked 
|  21|0x0000000781500000, 0x0000000781500000, 0x0000000781600000|  0%| F|  |TAMS 0x0000000781500000| PB 0x0000000781500000| Untracked 
|  22|0x0000000781600000, 0x0000000781600000, 0x0000000781700000|  0%| F|  |TAMS 0x0000000781600000| PB 0x0000000781600000| Untracked 
|  23|0x0000000781700000, 0x0000000781700000, 0x0000000781800000|  0%| F|  |TAMS 0x0000000781700000| PB 0x0000000781700000| Untracked 
|  24|0x0000000781800000, 0x0000000781800000, 0x0000000781900000|  0%| F|  |TAMS 0x0000000781800000| PB 0x0000000781800000| Untracked 
|  25|0x0000000781900000, 0x0000000781900000, 0x0000000781a00000|  0%| F|  |TAMS 0x0000000781900000| PB 0x0000000781900000| Untracked 
|  26|0x0000000781a00000, 0x0000000781a00000, 0x0000000781b00000|  0%| F|  |TAMS 0x0000000781a00000| PB 0x0000000781a00000| Untracked 
|  27|0x0000000781b00000, 0x0000000781b00000, 0x0000000781c00000|  0%| F|  |TAMS 0x0000000781b00000| PB 0x0000000781b00000| Untracked 
|  28|0x0000000781c00000, 0x0000000781c00000, 0x0000000781d00000|  0%| F|  |TAMS 0x0000000781c00000| PB 0x0000000781c00000| Untracked 
|  29|0x0000000781d00000, 0x0000000781d00000, 0x0000000781e00000|  0%| F|  |TAMS 0x0000000781d00000| PB 0x0000000781d00000| Untracked 
|  30|0x0000000781e00000, 0x0000000781e00000, 0x0000000781f00000|  0%| F|  |TAMS 0x0000000781e00000| PB 0x0000000781e00000| Untracked 
|  31|0x0000000781f00000, 0x0000000781f00000, 0x0000000782000000|  0%| F|  |TAMS 0x0000000781f00000| PB 0x0000000781f00000| Untracked 
|  32|0x0000000782000000, 0x0000000782000000, 0x0000000782100000|  0%| F|  |TAMS 0x0000000782000000| PB 0x0000000782000000| Untracked 
|  33|0x0000000782100000, 0x0000000782100000, 0x0000000782200000|  0%| F|  |TAMS 0x0000000782100000| PB 0x0000000782100000| Untracked 
|  34|0x0000000782200000, 0x0000000782200000, 0x0000000782300000|  0%| F|  |TAMS 0x0000000782200000| PB 0x0000000782200000| Untracked 
|  35|0x0000000782300000, 0x0000000782300000, 0x0000000782400000|  0%| F|  |TAMS 0x0000000782300000| PB 0x0000000782300000| Untracked 
|  36|0x0000000782400000, 0x0000000782400000, 0x0000000782500000|  0%| F|  |TAMS 0x0000000782400000| PB 0x0000000782400000| Untracked 
|  37|0x0000000782500000, 0x000000078250a578, 0x0000000782600000|  4%| E|  |TAMS 0x0000000782500000| PB 0x0000000782500000| Complete 
|  38|0x0000000782600000, 0x0000000782700000, 0x0000000782700000|100%| E|CS|TAMS 0x0000000782600000| PB 0x0000000782600000| Complete 
|  46|0x0000000782e00000, 0x0000000782f00000, 0x0000000782f00000|100%| O|  |TAMS 0x0000000782e00000| PB 0x0000000782e00000| Untracked 
|  47|0x0000000782f00000, 0x0000000783000000, 0x0000000783000000|100%| O|  |TAMS 0x0000000782f00000| PB 0x0000000782f00000| Untracked 
|  48|0x0000000783000000, 0x0000000783100000, 0x0000000783100000|100%| O|  |TAMS 0x0000000783000000| PB 0x0000000783000000| Untracked 
|  49|0x0000000783100000, 0x0000000783200000, 0x0000000783200000|100%| O|  |TAMS 0x0000000783100000| PB 0x0000000783100000| Untracked 
|  51|0x0000000783300000, 0x0000000783400000, 0x0000000783400000|100%| O|  |TAMS 0x0000000783300000| PB 0x0000000783300000| Untracked 

Card table byte_map: [0x000000010e892000,0x000000010ec92000] _byte_map_base: 0x000000010ac92000

Marking Bits: (CMBitMap*) 0x00007f8462008810
 Bits: [0x00000001106c8000, 0x00000001126c8000)

Polling page: 0x000000010e1be000

Metaspace:

Usage:
  Non-class:     13.03 MB used.
      Class:      1.90 MB used.
       Both:     14.93 MB used.

Virtual space:
  Non-class space:       64.00 MB reserved,      13.19 MB ( 21%) committed,  1 nodes.
      Class space:        1.00 GB reserved,       2.06 MB ( <1%) committed,  1 nodes.
             Both:        1.06 GB reserved,      15.25 MB (  1%) committed. 

Chunk freelists:
   Non-Class:  2.55 MB
       Class:  13.85 MB
        Both:  16.39 MB

MaxMetaspaceSize: unlimited
CompressedClassSpaceSize: 1.00 GB
Initial GC threshold: 21.00 MB
Current GC threshold: 25.44 MB
CDS: on
 - commit_granule_bytes: 65536.
 - commit_granule_words: 8192.
 - virtual_space_node_default_size: 8388608.
 - enlarge_chunks_in_place: 1.
 - use_allocation_guard: 0.


Internal statistics:

num_allocs_failed_limit: 0.
num_arena_births: 320.
num_arena_deaths: 8.
num_vsnodes_births: 2.
num_vsnodes_deaths: 0.
num_space_committed: 244.
num_space_uncommitted: 0.
num_chunks_returned_to_freelist: 12.
num_chunks_taken_from_freelist: 829.
num_chunk_merges: 4.
num_chunk_splits: 569.
num_chunks_enlarged: 408.
num_inconsistent_stats: 0.

CodeHeap 'non-profiled nmethods': size=120032Kb used=1253Kb max_used=1256Kb free=118778Kb
 bounds [0x00000001231ed000, 0x000000012345d000, 0x000000012a725000]
CodeHeap 'profiled nmethods': size=120028Kb used=6163Kb max_used=6190Kb free=113864Kb
 bounds [0x000000011b725000, 0x000000011bd35000, 0x0000000122c5c000]
CodeHeap 'non-nmethods': size=5700Kb used=1770Kb max_used=1859Kb free=3929Kb
 bounds [0x0000000122c5c000, 0x0000000122ecc000, 0x00000001231ed000]
 total_blobs=4002 nmethods=3183 adapters=724
 compilation: enabled
              stopped_count=0, restarted_count=0
 full_count=0

Compilation events (20 events):
Event: 13.582 Thread 0x00007f8463030000 3636       4       java.lang.CharacterDataLatin1::getType (11 bytes)
Event: 13.583 Thread 0x00007f8463030000 nmethod 3636 0x0000000123310c90 code [0x0000000123310e00, 0x0000000123310ec0]
Event: 13.615 Thread 0x00007f8463030000 3637       4       java.util.HashMap::put (13 bytes)
Event: 13.616 Thread 0x00007f8463030000 nmethod 3637 0x0000000123310890 code [0x0000000123310a20, 0x0000000123310b78]
Event: 13.631 Thread 0x00007f8463030000 3638       4       java.util.concurrent.locks.AbstractQueuedSynchronizer$Node::setPrevRelaxed (12 bytes)
Event: 13.633 Thread 0x00007f8463030000 nmethod 3638 0x0000000123310510 code [0x0000000123310680, 0x00000001233107f0]
Event: 13.633 Thread 0x00007f8463030000 3639       4       java.util.concurrent.locks.AbstractQueuedSynchronizer::casTail (13 bytes)
Event: 13.636 Thread 0x00007f8463030000 nmethod 3639 0x0000000123310190 code [0x0000000123310300, 0x0000000123310490]
Event: 13.647 Thread 0x00007f8463030000 3640       4       java.lang.StringConcatHelper::prepend (37 bytes)
Event: 13.650 Thread 0x00007f8463030000 nmethod 3640 0x000000012330fc90 code [0x000000012330fe20, 0x000000012330fff0]
Event: 13.698 Thread 0x00007f8463030000 3641       4       java.util.HashMap$HashIterator::hasNext (13 bytes)
Event: 13.699 Thread 0x00007f8463030000 nmethod 3641 0x000000012330f990 code [0x000000012330fb00, 0x000000012330fb90]
Event: 13.714 Thread 0x00007f846405d400 3642       3       javafx.scene.Node::invalidateBoundsInLocal (15 bytes)
Event: 13.715 Thread 0x00007f846405d400 nmethod 3642 0x000000011bd2fd90 code [0x000000011bd2ff60, 0x000000011bd30420]
Event: 13.796 Thread 0x00007f846405d400 3644       3       javafx.collections.ModifiableObservableListBase::<init> (5 bytes)
Event: 13.797 Thread 0x00007f8463030000 3643       4       java.lang.String::indexOf (7 bytes)
Event: 13.797 Thread 0x00007f846405d400 nmethod 3644 0x000000011bd30610 code [0x000000011bd307c0, 0x000000011bd30a40]
Event: 13.800 Thread 0x00007f8463030000 nmethod 3643 0x000000012330f490 code [0x000000012330f620, 0x000000012330f858]
Event: 13.823 Thread 0x00007f846405d400 3645       3       com.sun.prism.impl.PrismTrace::rttDisposed (78 bytes)
Event: 13.824 Thread 0x00007f846405d400 nmethod 3645 0x000000011b79dd10 code [0x000000011b79dea0, 0x000000011b79df90]

GC Heap History (20 events):
Event: 8.316 GC heap before
{Heap before GC invocations=5 (full 2):
 garbage-first heap   total 45056K, used 16474K [0x0000000780000000, 0x0000000800000000)
  region size 1024K, 6 young (6144K), 0 survivors (0K)
 Metaspace       used 14596K, committed 14912K, reserved 1114112K
  class space    used 1945K, committed 2112K, reserved 1048576K
}
Event: 8.337 GC heap after
{Heap after GC invocations=6 (full 3):
 garbage-first heap   total 45056K, used 11382K [0x0000000780000000, 0x0000000800000000)
  region size 1024K, 0 young (0K), 0 survivors (0K)
 Metaspace       used 14596K, committed 14912K, reserved 1114112K
  class space    used 1945K, committed 2112K, reserved 1048576K
}
Event: 8.916 GC heap before
{Heap before GC invocations=6 (full 3):
 garbage-first heap   total 45056K, used 15478K [0x0000000780000000, 0x0000000800000000)
  region size 1024K, 5 young (5120K), 0 survivors (0K)
 Metaspace       used 14731K, committed 15040K, reserved 1114112K
  class space    used 1945K, committed 2112K, reserved 1048576K
}
Event: 8.932 GC heap after
{Heap after GC invocations=7 (full 4):
 garbage-first heap   total 45056K, used 11391K [0x0000000780000000, 0x0000000800000000)
  region size 1024K, 0 young (0K), 0 survivors (0K)
 Metaspace       used 14731K, committed 15040K, reserved 1114112K
  class space    used 1945K, committed 2112K, reserved 1048576K
}
Event: 9.520 GC heap before
{Heap before GC invocations=7 (full 4):
 garbage-first heap   total 45056K, used 15487K [0x0000000780000000, 0x0000000800000000)
  region size 1024K, 5 young (5120K), 0 survivors (0K)
 Metaspace       used 14839K, committed 15168K, reserved 1114112K
  class space    used 1945K, committed 2112K, reserved 1048576K
}
Event: 9.536 GC heap after
{Heap after GC invocations=8 (full 5):
 garbage-first heap   total 45056K, used 11400K [0x0000000780000000, 0x0000000800000000)
  region size 1024K, 0 young (0K), 0 survivors (0K)
 Metaspace       used 14839K, committed 15168K, reserved 1114112K
  class space    used 1945K, committed 2112K, reserved 1048576K
}
Event: 10.108 GC heap before
{Heap before GC invocations=8 (full 5):
 garbage-first heap   total 45056K, used 14472K [0x0000000780000000, 0x0000000800000000)
  region size 1024K, 5 young (5120K), 0 survivors (0K)
 Metaspace       used 15021K, committed 15360K, reserved 1114112K
  class space    used 1945K, committed 2112K, reserved 1048576K
}
Event: 10.124 GC heap after
{Heap after GC invocations=9 (full 6):
 garbage-first heap   total 45056K, used 11397K [0x0000000780000000, 0x0000000800000000)
  region size 1024K, 0 young (0K), 0 survivors (0K)
 Metaspace       used 15021K, committed 15360K, reserved 1114112K
  class space    used 1945K, committed 2112K, reserved 1048576K
}
Event: 10.697 GC heap before
{Heap before GC invocations=9 (full 6):
 garbage-first heap   total 45056K, used 16517K [0x0000000780000000, 0x0000000800000000)
  region size 1024K, 6 young (6144K), 0 survivors (0K)
 Metaspace       used 15052K, committed 15424K, reserved 1114112K
  class space    used 1945K, committed 2112K, reserved 1048576K
}
Event: 10.716 GC heap after
{Heap after GC invocations=10 (full 7):
 garbage-first heap   total 45056K, used 11398K [0x0000000780000000, 0x0000000800000000)
  region size 1024K, 0 young (0K), 0 survivors (0K)
 Metaspace       used 15052K, committed 15424K, reserved 1114112K
  class space    used 1945K, committed 2112K, reserved 1048576K
}
Event: 11.339 GC heap before
{Heap before GC invocations=10 (full 7):
 garbage-first heap   total 45056K, used 16518K [0x0000000780000000, 0x0000000800000000)
  region size 1024K, 6 young (6144K), 0 survivors (0K)
 Metaspace       used 15137K, committed 15488K, reserved 1114112K
  class space    used 1945K, committed 2112K, reserved 1048576K
}
Event: 11.377 GC heap after
{Heap after GC invocations=11 (full 8):
 garbage-first heap   total 45056K, used 11400K [0x0000000780000000, 0x0000000800000000)
  region size 1024K, 0 young (0K), 0 survivors (0K)
 Metaspace       used 15137K, committed 15488K, reserved 1114112K
  class space    used 1945K, committed 2112K, reserved 1048576K
}
Event: 11.960 GC heap before
{Heap before GC invocations=11 (full 8):
 garbage-first heap   total 45056K, used 15496K [0x0000000780000000, 0x0000000800000000)
  region size 1024K, 5 young (5120K), 0 survivors (0K)
 Metaspace       used 15149K, committed 15488K, reserved 1114112K
  class space    used 1945K, committed 2112K, reserved 1048576K
}
Event: 11.988 GC heap after
{Heap after GC invocations=12 (full 9):
 garbage-first heap   total 45056K, used 11406K [0x0000000780000000, 0x0000000800000000)
  region size 1024K, 0 young (0K), 0 survivors (0K)
 Metaspace       used 15149K, committed 15488K, reserved 1114112K
  class space    used 1945K, committed 2112K, reserved 1048576K
}
Event: 12.555 GC heap before
{Heap before GC invocations=12 (full 9):
 garbage-first heap   total 45056K, used 16526K [0x0000000780000000, 0x0000000800000000)
  region size 1024K, 6 young (6144K), 0 survivors (0K)
 Metaspace       used 15179K, committed 15488K, reserved 1114112K
  class space    used 1947K, committed 2112K, reserved 1048576K
}
Event: 12.572 GC heap after
{Heap after GC invocations=13 (full 10):
 garbage-first heap   total 45056K, used 11409K [0x0000000780000000, 0x0000000800000000)
  region size 1024K, 0 young (0K), 0 survivors (0K)
 Metaspace       used 15179K, committed 15488K, reserved 1114112K
  class space    used 1947K, committed 2112K, reserved 1048576K
}
Event: 13.191 GC heap before
{Heap before GC invocations=13 (full 10):
 garbage-first heap   total 45056K, used 16529K [0x0000000780000000, 0x0000000800000000)
  region size 1024K, 6 young (6144K), 0 survivors (0K)
 Metaspace       used 15197K, committed 15488K, reserved 1114112K
  class space    used 1947K, committed 2112K, reserved 1048576K
}
Event: 13.216 GC heap after
{Heap after GC invocations=14 (full 11):
 garbage-first heap   total 45056K, used 11411K [0x0000000780000000, 0x0000000800000000)
  region size 1024K, 0 young (0K), 0 survivors (0K)
 Metaspace       used 15197K, committed 15488K, reserved 1114112K
  class space    used 1947K, committed 2112K, reserved 1048576K
}
Event: 13.800 GC heap before
{Heap before GC invocations=14 (full 11):
 garbage-first heap   total 45056K, used 16531K [0x0000000780000000, 0x0000000800000000)
  region size 1024K, 6 young (6144K), 0 survivors (0K)
 Metaspace       used 15288K, committed 15616K, reserved 1114112K
  class space    used 1947K, committed 2112K, reserved 1048576K
}
Event: 13.821 GC heap after
{Heap after GC invocations=15 (full 12):
 garbage-first heap   total 45056K, used 11418K [0x0000000780000000, 0x0000000800000000)
  region size 1024K, 0 young (0K), 0 survivors (0K)
 Metaspace       used 15288K, committed 15616K, reserved 1114112K
  class space    used 1947K, committed 2112K, reserved 1048576K
}

Dll operation events (16 events):
Event: 0.013 Loaded shared library /Users/Amin/Library/Java/JavaVirtualMachines/openjdk-21.0.2/Contents/Home/lib/libjava.dylib
Event: 0.099 Loaded shared library /Users/Amin/Library/Java/JavaVirtualMachines/openjdk-21.0.2/Contents/Home/lib/libnio.dylib
Event: 0.158 Loaded shared library /Users/Amin/Library/Java/JavaVirtualMachines/openjdk-21.0.2/Contents/Home/lib/libzip.dylib
Event: 0.440 Loaded shared library /Users/Amin/Library/Java/JavaVirtualMachines/openjdk-21.0.2/Contents/Home/lib/libzip.dylib
Event: 0.442 Loaded shared library /Users/Amin/Library/Java/JavaVirtualMachines/openjdk-21.0.2/Contents/Home/lib/libinstrument.dylib
Event: 0.491 Loaded shared library /Users/Amin/Library/Java/JavaVirtualMachines/openjdk-21.0.2/Contents/Home/lib/libnet.dylib
Event: 0.498 Loaded shared library /Users/Amin/Library/Java/JavaVirtualMachines/openjdk-21.0.2/Contents/Home/lib/libextnet.dylib
Event: 0.660 Loaded shared library /Users/Amin/Desktop/AM/Progmeth/javafx-sdk-21.0.2/lib/libprism_es2.dylib
Event: 0.766 Loaded shared library /Users/Amin/Desktop/AM/Progmeth/javafx-sdk-21.0.2/lib/libglass.dylib
Event: 2.126 Loaded shared library /Users/Amin/Desktop/AM/Progmeth/javafx-sdk-21.0.2/lib/libjavafx_font.dylib
Event: 2.952 Loaded shared library /Users/Amin/Desktop/AM/Progmeth/javafx-sdk-21.0.2/lib/libjavafx_iio.dylib
Event: 3.068 Loaded shared library /Users/Amin/Library/Java/JavaVirtualMachines/openjdk-21.0.2/Contents/Home/lib/libjimage.dylib
Event: 4.911 Loaded shared library /Users/Amin/Desktop/AM/Progmeth/javafx-sdk-21.0.2/lib/libglib-lite.dylib
Event: 4.917 Loaded shared library /Users/Amin/Desktop/AM/Progmeth/javafx-sdk-21.0.2/lib/libgstreamer-lite.dylib
Event: 4.922 Loaded shared library /Users/Amin/Desktop/AM/Progmeth/javafx-sdk-21.0.2/lib/libjfxmedia.dylib
Event: 4.936 Loaded shared library /Users/Amin/Desktop/AM/Progmeth/javafx-sdk-21.0.2/lib/libjfxmedia_avf.dylib

Deoptimization events (20 events):
Event: 12.338 Thread 0x00007f8464051400 DEOPT PACKING pc=0x000000012331da3c sp=0x00007ff7b1e64490
Event: 12.338 Thread 0x00007f8464051400 DEOPT UNPACKING pc=0x0000000122caff99 sp=0x00007ff7b1e643d0 mode 2
Event: 12.573 Thread 0x00007f8464335200 Uncommon trap: trap_request=0xffffff45 fr.pc=0x000000012331ba58 relative=0x0000000000000378
Event: 12.573 Thread 0x00007f8464335200 Uncommon trap: reason=unstable_if action=reinterpret pc=0x000000012331ba58 method=java.util.HashMap.removeNode(ILjava/lang/Object;Ljava/lang/Object;ZZ)Ljava/util/HashMap$Node; @ 46 c2
Event: 12.573 Thread 0x00007f8464335200 DEOPT PACKING pc=0x000000012331ba58 sp=0x0000700009f4b8c0
Event: 12.573 Thread 0x00007f8464335200 DEOPT UNPACKING pc=0x0000000122caff99 sp=0x0000700009f4b7c8 mode 2
Event: 12.574 Thread 0x00007f8464051400 Uncommon trap: trap_request=0xffffff45 fr.pc=0x000000012328e144 relative=0x00000000000000a4
Event: 12.574 Thread 0x00007f8464051400 Uncommon trap: reason=unstable_if action=reinterpret pc=0x000000012328e144 method=java.lang.ref.ReferenceQueue.poll()Ljava/lang/ref/Reference; @ 4 c2
Event: 12.574 Thread 0x00007f8464051400 DEOPT PACKING pc=0x000000012328e144 sp=0x00007ff7b1e643e0
Event: 12.574 Thread 0x00007f8464051400 DEOPT UNPACKING pc=0x0000000122caff99 sp=0x00007ff7b1e642e8 mode 2
Event: 13.278 Thread 0x00007f8464051400 DEOPT PACKING pc=0x000000011bb08c3e sp=0x00007ff7b1e63f70
Event: 13.278 Thread 0x00007f8464051400 DEOPT UNPACKING pc=0x0000000122cb072f sp=0x00007ff7b1e636f8 mode 0
Event: 13.431 Thread 0x00007f8464051400 DEOPT PACKING pc=0x000000011bb08c1d sp=0x00007ff7b1e63fa0
Event: 13.431 Thread 0x00007f8464051400 DEOPT UNPACKING pc=0x0000000122cb072f sp=0x00007ff7b1e63720 mode 0
Event: 13.547 Thread 0x00007f8464051400 DEOPT PACKING pc=0x000000011bb08c1d sp=0x00007ff7b1e63fa0
Event: 13.547 Thread 0x00007f8464051400 DEOPT UNPACKING pc=0x0000000122cb072f sp=0x00007ff7b1e63720 mode 0
Event: 13.647 Thread 0x00007f8464051400 DEOPT PACKING pc=0x000000011bb08c1d sp=0x00007ff7b1e63fa0
Event: 13.647 Thread 0x00007f8464051400 DEOPT UNPACKING pc=0x0000000122cb072f sp=0x00007ff7b1e63720 mode 0
Event: 13.764 Thread 0x00007f8464051400 DEOPT PACKING pc=0x000000011bb08c1d sp=0x00007ff7b1e63fa0
Event: 13.764 Thread 0x00007f8464051400 DEOPT UNPACKING pc=0x0000000122cb072f sp=0x00007ff7b1e63720 mode 0

Classes loaded (20 events):
Event: 5.312 Loading class java/lang/reflect/ProxyGenerator$PrimitiveTypeInfo
Event: 5.312 Loading class java/lang/reflect/ProxyGenerator$PrimitiveTypeInfo done
Event: 5.312 Loading class jdk/internal/org/objectweb/asm/Edge
Event: 5.312 Loading class jdk/internal/org/objectweb/asm/Edge done
Event: 5.313 Loading class java/lang/reflect/Proxy$ProxyBuilder$1
Event: 5.313 Loading class java/lang/reflect/Proxy$ProxyBuilder$1 done
Event: 5.313 Loading class java/lang/annotation/Target
Event: 5.314 Loading class java/lang/annotation/Target done
Event: 5.319 Loading class java/io/CharArrayReader
Event: 5.319 Loading class java/io/CharArrayReader done
Event: 5.357 Loading class java/nio/BufferOverflowException
Event: 5.357 Loading class java/nio/BufferOverflowException done
Event: 5.545 Loading class java/util/Timer
Event: 5.545 Loading class java/util/Timer done
Event: 5.545 Loading class java/util/TaskQueue
Event: 5.546 Loading class java/util/TaskQueue done
Event: 5.546 Loading class java/util/TimerThread
Event: 5.546 Loading class java/util/TimerThread done
Event: 5.546 Loading class java/util/Timer$ThreadReaper
Event: 5.546 Loading class java/util/Timer$ThreadReaper done

Classes unloaded (4 events):
Event: 7.090 Thread 0x00007f8462807270 Unloading class 0x000000012e225400 'java/lang/invoke/LambdaForm$DMH+0x000000012e225400'
Event: 7.090 Thread 0x00007f8462807270 Unloading class 0x000000012e225000 'java/lang/invoke/LambdaForm$DMH+0x000000012e225000'
Event: 7.090 Thread 0x00007f8462807270 Unloading class 0x000000012e224000 'java/lang/invoke/LambdaForm$DMH+0x000000012e224000'
Event: 7.090 Thread 0x00007f8462807270 Unloading class 0x000000012e224800 'java/lang/invoke/LambdaForm$DMH+0x000000012e224800'

Classes redefined (0 events):
No events

Internal exceptions (20 events):
Event: 5.245 Thread 0x00007f8464051400 Exception <a 'java/io/FileNotFoundException'{0x0000000784504ef8}> (0x0000000784504ef8) 
thrown [open/src/hotspot/share/prims/jni.cpp, line 520]
Event: 5.247 Thread 0x00007f8464051400 Exception <a 'java/io/FileNotFoundException'{0x0000000784517280}> (0x0000000784517280) 
thrown [open/src/hotspot/share/prims/jni.cpp, line 520]
Event: 5.248 Thread 0x00007f8464051400 Exception <a 'java/io/FileNotFoundException'{0x00000007845294e8}> (0x00000007845294e8) 
thrown [open/src/hotspot/share/prims/jni.cpp, line 520]
Event: 5.249 Thread 0x00007f8464051400 Exception <a 'java/io/FileNotFoundException'{0x000000078453ca88}> (0x000000078453ca88) 
thrown [open/src/hotspot/share/prims/jni.cpp, line 520]
Event: 5.256 Thread 0x00007f8464051400 Exception <a 'java/io/FileNotFoundException'{0x000000078455ce40}> (0x000000078455ce40) 
thrown [open/src/hotspot/share/prims/jni.cpp, line 520]
Event: 5.259 Thread 0x00007f8464051400 Exception <a 'java/io/FileNotFoundException'{0x0000000784562e50}> (0x0000000784562e50) 
thrown [open/src/hotspot/share/prims/jni.cpp, line 520]
Event: 5.261 Thread 0x00007f8464051400 Exception <a 'java/io/FileNotFoundException'{0x000000078456ada0}> (0x000000078456ada0) 
thrown [open/src/hotspot/share/prims/jni.cpp, line 520]
Event: 5.267 Thread 0x00007f8464051400 Exception <a 'java/io/FileNotFoundException'{0x00000007843019b0}> (0x00000007843019b0) 
thrown [open/src/hotspot/share/prims/jni.cpp, line 520]
Event: 5.272 Thread 0x00007f8464051400 Exception <a 'java/io/FileNotFoundException'{0x00000007842663e8}> (0x00000007842663e8) 
thrown [open/src/hotspot/share/prims/jni.cpp, line 520]
Event: 5.278 Thread 0x00007f8464051400 Exception <a 'java/io/FileNotFoundException'{0x00000007841edc38}> (0x00000007841edc38) 
thrown [open/src/hotspot/share/prims/jni.cpp, line 520]
Event: 5.283 Thread 0x00007f8464051400 Exception <a 'java/io/FileNotFoundException'{0x0000000783f9a660}> (0x0000000783f9a660) 
thrown [open/src/hotspot/share/prims/jni.cpp, line 520]
Event: 5.316 Thread 0x00007f8464051400 Implicit null exception at 0x000000012322afe6 to 0x000000012322b092
Event: 5.366 Thread 0x00007f8464051400 Implicit null exception at 0x0000000123247d40 to 0x0000000123247fb8
Event: 5.366 Thread 0x00007f8464051400 Implicit null exception at 0x00000001232226c0 to 0x0000000123222745
Event: 5.484 Thread 0x00007f84642e9000 Exception <a 'java/lang/NoSuchMethodError'{0x000000078538a298}: 'void java.lang.invoke.DirectMethodHandle$Holder.invokeSpecial(java.lang.Object, java.lang.Object, double)'> (0x000000078538a298) 
thrown [open/src/hotspot/share/interpreter/linkResolver.cpp, line 773]
Event: 5.484 Thread 0x00007f8463cf4800 Exception <a 'java/lang/NoSuchMethodError'{0x00000007854cd310}: 'void java.lang.invoke.DirectMethodHandle$Holder.invokeSpecial(java.lang.Object, java.lang.Object, double)'> (0x00000007854cd310) 
thrown [open/src/hotspot/share/interpreter/linkResolver.cpp, line 773]
Event: 5.484 Thread 0x00007f846224c000 Exception <a 'java/lang/NoSuchMethodError'{0x0000000783d01240}: 'void java.lang.invoke.DirectMethodHandle$Holder.invokeSpecial(java.lang.Object, java.lang.Object, double)'> (0x0000000783d01240) 
thrown [open/src/hotspot/share/interpreter/linkResolver.cpp, line 773]
Event: 5.485 Thread 0x00007f8463cf4800 Exception <a 'java/lang/NoSuchMethodError'{0x00000007854d2890}: 'java.lang.Object java.lang.invoke.DirectMethodHandle$Holder.newInvokeSpecial(java.lang.Object, java.lang.Object, double)'> (0x00000007854d2890) 
thrown [open/src/hotspot/share/interpreter/linkResolver.cpp, line 773]
Event: 5.485 Thread 0x00007f84642e9000 Exception <a 'java/lang/NoSuchMethodError'{0x000000078538f508}: 'java.lang.Object java.lang.invoke.DirectMethodHandle$Holder.newInvokeSpecial(java.lang.Object, java.lang.Object, double)'> (0x000000078538f508) 
thrown [open/src/hotspot/share/interpreter/linkResolver.cpp, line 773]
Event: 5.485 Thread 0x00007f846224c000 Exception <a 'java/lang/NoSuchMethodError'{0x0000000783d06198}: 'java.lang.Object java.lang.invoke.DirectMethodHandle$Holder.newInvokeSpecial(java.lang.Object, java.lang.Object, double)'> (0x0000000783d06198) 
thrown [open/src/hotspot/share/interpreter/linkResolver.cpp, line 773]

ZGC Phase Switch (0 events):
No events

VM Operations (20 events):
Event: 8.316 Executing VM operation: G1CollectFull (System.gc())
Event: 8.337 Executing VM operation: G1CollectFull (System.gc()) done
Event: 8.915 Executing VM operation: G1CollectFull (System.gc())
Event: 8.932 Executing VM operation: G1CollectFull (System.gc()) done
Event: 9.520 Executing VM operation: G1CollectFull (System.gc())
Event: 9.536 Executing VM operation: G1CollectFull (System.gc()) done
Event: 10.108 Executing VM operation: G1CollectFull (System.gc())
Event: 10.124 Executing VM operation: G1CollectFull (System.gc()) done
Event: 10.697 Executing VM operation: G1CollectFull (System.gc())
Event: 10.716 Executing VM operation: G1CollectFull (System.gc()) done
Event: 11.339 Executing VM operation: G1CollectFull (System.gc())
Event: 11.380 Executing VM operation: G1CollectFull (System.gc()) done
Event: 11.960 Executing VM operation: G1CollectFull (System.gc())
Event: 11.988 Executing VM operation: G1CollectFull (System.gc()) done
Event: 12.555 Executing VM operation: G1CollectFull (System.gc())
Event: 12.572 Executing VM operation: G1CollectFull (System.gc()) done
Event: 13.191 Executing VM operation: G1CollectFull (System.gc())
Event: 13.216 Executing VM operation: G1CollectFull (System.gc()) done
Event: 13.800 Executing VM operation: G1CollectFull (System.gc())
Event: 13.821 Executing VM operation: G1CollectFull (System.gc()) done

Events (20 events):
Event: 13.812 Thread 0x00007f8462807270 flushing nmethod 0x000000011b973090
Event: 13.812 Thread 0x00007f8462807270 flushing nmethod 0x000000011b8d8990
Event: 13.812 Thread 0x00007f8462807270 flushing nmethod 0x000000011b8a2010
Event: 13.812 Thread 0x00007f8462807270 flushing nmethod 0x000000011b84f890
Event: 13.812 Thread 0x00007f8462807270 flushing nmethod 0x000000011b7af110
Event: 13.812 Thread 0x00007f8462807270 flushing nmethod 0x000000011b79dd10
Event: 13.812 Thread 0x00007f8462807270 flushing nmethod 0x000000011b733490
Event: 13.812 Thread 0x00007f8462807270 flushing nmethod 0x000000012331b510
Event: 13.812 Thread 0x00007f8462807270 flushing nmethod 0x000000012328df10
Event: 13.821 Thread 0x00007f846433e400 Thread added: 0x00007f846433e400
Event: 13.821 Protecting memory [0x000070000afaf000,0x000070000afb3000] with protection modes 3
Event: 13.821 Thread 0x00007f846433e400 Thread exited: 0x00007f846433e400
Event: 13.821 Protecting memory [0x000070000afaf000,0x000070000afb3000] with protection modes 0
Event: 13.821 Thread 0x00007f84626c9400 Thread added: 0x00007f84626c9400
Event: 13.821 Protecting memory [0x000070000afaf000,0x000070000afb3000] with protection modes 3
Event: 13.821 Thread 0x00007f84626c9400 Thread exited: 0x00007f84626c9400
Event: 13.822 Protecting memory [0x000070000a2e1000,0x000070000a2e5000] with protection modes 3
Event: 13.822 Thread 0x00007f84643c6600 Thread exited: 0x00007f84643c6600
Event: 13.822 Protecting memory [0x000070000a467000,0x000070000a46b000] with protection modes 3
Event: 13.822 Thread 0x00007f8462291400 Thread exited: 0x00007f8462291400


Dynamic libraries:
0x000000010e1c0000 	/Users/Amin/Library/Java/JavaVirtualMachines/openjdk-21.0.2/Contents/Home/lib/libjli.dylib
0x00007ff8151a9000 	/usr/lib/libz.1.dylib
0x00007ff815289000 	/usr/lib/libSystem.B.dylib
0x00007ff815284000 	/usr/lib/system/libcache.dylib
0x00007ff815240000 	/usr/lib/system/libcommonCrypto.dylib
0x00007ff815269000 	/usr/lib/system/libcompiler_rt.dylib
0x00007ff81525f000 	/usr/lib/system/libcopyfile.dylib
0x00007ff80a218000 	/usr/lib/system/libcorecrypto.dylib
0x00007ff80a2d6000 	/usr/lib/system/libdispatch.dylib
0x00007ff80a497000 	/usr/lib/system/libdyld.dylib
0x00007ff81527b000 	/usr/lib/system/libkeymgr.dylib
0x00007ff81521e000 	/usr/lib/system/libmacho.dylib
0x00007ff81489f000 	/usr/lib/system/libquarantine.dylib
0x00007ff815279000 	/usr/lib/system/libremovefile.dylib
0x00007ff80f42b000 	/usr/lib/system/libsystem_asl.dylib
0x00007ff80a1c1000 	/usr/lib/system/libsystem_blocks.dylib
0x00007ff80a35b000 	/usr/lib/system/libsystem_c.dylib
0x00007ff815271000 	/usr/lib/system/libsystem_collections.dylib
0x00007ff813b53000 	/usr/lib/system/libsystem_configuration.dylib
0x00007ff812dfd000 	/usr/lib/system/libsystem_containermanager.dylib
0x00007ff814f56000 	/usr/lib/system/libsystem_coreservices.dylib
0x00007ff80cace000 	/usr/lib/system/libsystem_darwin.dylib
0x00007ff81527c000 	/usr/lib/system/libsystem_dnssd.dylib
0x00007ff80a358000 	/usr/lib/system/libsystem_featureflags.dylib
0x00007ff80a4ad000 	/usr/lib/system/libsystem_info.dylib
0x00007ff8151bc000 	/usr/lib/system/libsystem_m.dylib
0x00007ff80a2aa000 	/usr/lib/system/libsystem_malloc.dylib
0x00007ff80f3c6000 	/usr/lib/system/libsystem_networkextension.dylib
0x00007ff80cef4000 	/usr/lib/system/libsystem_notify.dylib
0x00007ff81b4fd000 	/usr/lib/system/libsystem_product_info_filter.dylib
0x00007ff813b57000 	/usr/lib/system/libsystem_sandbox.dylib
0x00007ff815276000 	/usr/lib/system/libsystem_secinit.dylib
0x00007ff80a453000 	/usr/lib/system/libsystem_kernel.dylib
0x00007ff80a4a3000 	/usr/lib/system/libsystem_platform.dylib
0x00007ff80a48b000 	/usr/lib/system/libsystem_pthread.dylib
0x00007ff810c79000 	/usr/lib/system/libsystem_symptoms.dylib
0x00007ff80a1ff000 	/usr/lib/system/libsystem_trace.dylib
0x00007ff81524c000 	/usr/lib/system/libunwind.dylib
0x00007ff80a1c3000 	/usr/lib/system/libxpc.dylib
0x00007ff80a43d000 	/usr/lib/libc++abi.dylib
0x00007ff80a31d000 	/usr/lib/libobjc.A.dylib
0x00007ff815257000 	/usr/lib/liboah.dylib
0x00007ff80a3e4000 	/usr/lib/libc++.1.dylib
0x00007ff82130a000 	/System/Library/Frameworks/Cocoa.framework/Versions/A/Cocoa
0x00007ff80cf52000 	/System/Library/Frameworks/AppKit.framework/Versions/C/AppKit
0x00007ff810467000 	/System/Library/Frameworks/CoreData.framework/Versions/A/CoreData
0x00007ff80b355000 	/System/Library/Frameworks/Foundation.framework/Versions/C/Foundation
0x00007ff80dde2000 	/System/Library/PrivateFrameworks/UIFoundation.framework/Versions/A/UIFoundation
0x00007ff81b200000 	/System/Library/PrivateFrameworks/RemoteViewServices.framework/Versions/A/RemoteViewServices
0x00007ff8134dd000 	/System/Library/PrivateFrameworks/XCTTargetBootstrap.framework/Versions/A/XCTTargetBootstrap
0x00007ff817096000 	/System/Library/PrivateFrameworks/InternationalSupport.framework/Versions/A/InternationalSupport
0x00007ff817120000 	/System/Library/PrivateFrameworks/UserActivity.framework/Versions/A/UserActivity
0x00007ff816472000 	/usr/lib/libspindump.dylib
0x00007ff80e071000 	/System/Library/Frameworks/UniformTypeIdentifiers.framework/Versions/A/UniformTypeIdentifiers
0x00007ff811c02000 	/usr/lib/libapp_launch_measurement.dylib
0x00007ff810e39000 	/System/Library/PrivateFrameworks/CoreAnalytics.framework/Versions/A/CoreAnalytics
0x00007ff811c05000 	/System/Library/PrivateFrameworks/CoreAutoLayout.framework/Versions/A/CoreAutoLayout
0x00007ff812e35000 	/System/Library/Frameworks/Metal.framework/Versions/A/Metal
0x00007ff813b63000 	/usr/lib/liblangid.dylib
0x00007ff8134e2000 	/System/Library/PrivateFrameworks/CoreSVG.framework/Versions/A/CoreSVG
0x00007ff80f45b000 	/System/Library/PrivateFrameworks/SkyLight.framework/Versions/A/SkyLight
0x00007ff80f7fa000 	/System/Library/Frameworks/CoreGraphics.framework/Versions/A/CoreGraphics
0x00007ff81b8c0000 	/System/Library/Frameworks/Accelerate.framework/Versions/A/Accelerate
0x00007ff815ef1000 	/System/Library/PrivateFrameworks/IconServices.framework/Versions/A/IconServices
0x00007ff812e1a000 	/System/Library/Frameworks/IOSurface.framework/Versions/A/IOSurface
0x00007ff810e67000 	/usr/lib/libDiagnosticMessagesClient.dylib
0x00007ff81efae000 	/System/Library/Frameworks/ApplicationServices.framework/Versions/A/ApplicationServices
0x00007ff8134c9000 	/System/Library/PrivateFrameworks/DFRFoundation.framework/Versions/A/DFRFoundation
0x00007ff80c83a000 	/usr/lib/libicucore.A.dylib
0x00007ff817e8c000 	/System/Library/Frameworks/AudioToolbox.framework/Versions/A/AudioToolbox
0x00007ff8170a2000 	/System/Library/PrivateFrameworks/DataDetectorsCore.framework/Versions/A/DataDetectorsCore
0x00007ff9135a2000 	/System/Library/PrivateFrameworks/TextInput.framework/Versions/A/TextInput
0x00007ff80f3de000 	/usr/lib/libMobileGestalt.dylib
0x00007ff8131d5000 	/System/Library/Frameworks/Carbon.framework/Versions/A/Frameworks/HIToolbox.framework/Versions/A/HIToolbox
0x00007ff811604000 	/System/Library/Frameworks/QuartzCore.framework/Versions/A/QuartzCore
0x00007ff80c4df000 	/System/Library/Frameworks/Security.framework/Versions/A/Security
0x00007ff81b238000 	/System/Library/Frameworks/Carbon.framework/Versions/A/Frameworks/SpeechRecognition.framework/Versions/A/SpeechRecognition
0x00007ff811962000 	/System/Library/PrivateFrameworks/CoreUI.framework/Versions/A/CoreUI
0x00007ff80bda9000 	/System/Library/Frameworks/CoreAudio.framework/Versions/A/CoreAudio
0x00007ff810f56000 	/System/Library/Frameworks/DiskArbitration.framework/Versions/A/DiskArbitration
0x00007ff816862000 	/System/Library/PrivateFrameworks/MultitouchSupport.framework/Versions/A/MultitouchSupport
0x00007ff80f3dd000 	/usr/lib/libenergytrace.dylib
0x00007ff80ce3e000 	/System/Library/Frameworks/IOKit.framework/Versions/A/IOKit
0x00007ff81b628000 	/System/Library/Frameworks/CoreServices.framework/Versions/A/CoreServices
0x00007ff811b9c000 	/System/Library/PrivateFrameworks/PerformanceAnalysis.framework/Versions/A/PerformanceAnalysis
0x00007ffa2327b000 	/System/Library/Frameworks/OpenGL.framework/Versions/A/OpenGL
0x00007ff8147c5000 	/System/Library/PrivateFrameworks/MobileKeyBag.framework/Versions/A/MobileKeyBag
0x00007ff80fec6000 	/System/Library/Frameworks/ColorSync.framework/Versions/A/ColorSync
0x00007ff80a4d8000 	/System/Library/Frameworks/CoreFoundation.framework/Versions/A/CoreFoundation
0x00007ff813759000 	/System/Library/Frameworks/CoreImage.framework/Versions/A/CoreImage
0x00007ff80bbbd000 	/System/Library/Frameworks/CoreText.framework/Versions/A/CoreText
0x00007ff813512000 	/System/Library/Frameworks/ImageIO.framework/Versions/A/ImageIO
0x00007ff81528f000 	/System/Library/PrivateFrameworks/SoftLinking.framework/Versions/A/SoftLinking
0x00007ff811c4d000 	/usr/lib/libxml2.2.dylib
0x00007ff815514000 	/usr/lib/libcompression.dylib
0x00007ff816fc9000 	/System/Library/PrivateFrameworks/TextureIO.framework/Versions/A/TextureIO
0x00007ff815c02000 	/usr/lib/libate.dylib
0x00007ff8159de000 	/usr/lib/liblzma.5.dylib
0x00007ff80b067000 	/System/Library/Frameworks/SystemConfiguration.framework/Versions/A/SystemConfiguration
0x00007ff81528b000 	/usr/lib/libfakelink.dylib
0x00007ff80ef38000 	/System/Library/Frameworks/CFNetwork.framework/Versions/A/CFNetwork
0x00007ff8153cc000 	/usr/lib/libarchive.2.dylib
0x00007ff813b5f000 	/System/Library/PrivateFrameworks/AppleSystemInfo.framework/Versions/A/AppleSystemInfo
0x00007ff8148c6000 	/usr/lib/libbsm.0.dylib
0x00007ff80e547000 	/usr/lib/libnetwork.dylib
0x00007ff815224000 	/usr/lib/system/libkxld.dylib
0x00007ff8144f9000 	/System/Library/PrivateFrameworks/IOMobileFramebuffer.framework/Versions/A/IOMobileFramebuffer
0x00007ffb22c5c000 	/usr/lib/libCoreEntitlements.dylib
0x00007ff814f38000 	/System/Library/PrivateFrameworks/AppleFSCompression.framework/Versions/A/AppleFSCompression
0x00007ff8148ae000 	/usr/lib/libcoretls.dylib
0x00007ff8159f8000 	/usr/lib/libcoretls_cfhelpers.dylib
0x00007ff81550e000 	/usr/lib/libpam.2.dylib
0x00007ff810898000 	/usr/lib/libsqlite3.dylib
0x00007ff815a67000 	/usr/lib/libxar.1.dylib
0x00007ff814f48000 	/usr/lib/libbz2.1.0.dylib
0x00007ff815290000 	/usr/lib/libpcap.A.dylib
0x00007ff810c71000 	/usr/lib/libdns_services.dylib
0x00007ff8154de000 	/usr/lib/libapple_nghttp2.dylib
0x00007ff8152ca000 	/usr/lib/libiconv.2.dylib
0x00007ff81521d000 	/usr/lib/libcharset.1.dylib
0x00007ff811bd0000 	/System/Library/Frameworks/CoreServices.framework/Versions/A/Frameworks/FSEvents.framework/Versions/A/FSEvents
0x00007ff80cad8000 	/System/Library/Frameworks/CoreServices.framework/Versions/A/Frameworks/CarbonCore.framework/Versions/A/CarbonCore
0x00007ff810eba000 	/System/Library/Frameworks/CoreServices.framework/Versions/A/Frameworks/Metadata.framework/Versions/A/Metadata
0x00007ff814f5b000 	/System/Library/Frameworks/CoreServices.framework/Versions/A/Frameworks/OSServices.framework/Versions/A/OSServices
0x00007ff815453000 	/System/Library/Frameworks/CoreServices.framework/Versions/A/Frameworks/SearchKit.framework/Versions/A/SearchKit
0x00007ff810c03000 	/System/Library/Frameworks/CoreServices.framework/Versions/A/Frameworks/AE.framework/Versions/A/AE
0x00007ff80a9db000 	/System/Library/Frameworks/CoreServices.framework/Versions/A/Frameworks/LaunchServices.framework/Versions/A/LaunchServices
0x00007ff81598f000 	/System/Library/Frameworks/CoreServices.framework/Versions/A/Frameworks/DictionaryServices.framework/Versions/A/DictionaryServices
0x00007ff811bdd000 	/System/Library/Frameworks/CoreServices.framework/Versions/A/Frameworks/SharedFileList.framework/Versions/A/SharedFileList
0x00007ff8148a2000 	/usr/lib/libCheckFix.dylib
0x00007ff80f442000 	/System/Library/PrivateFrameworks/TCC.framework/Versions/A/TCC
0x00007ff813b65000 	/System/Library/PrivateFrameworks/CoreNLP.framework/Versions/A/CoreNLP
0x00007ff810e6a000 	/System/Library/PrivateFrameworks/MetadataUtilities.framework/Versions/A/MetadataUtilities
0x00007ff80b118000 	/usr/lib/libmecabra.dylib
0x00007ff8148d6000 	/usr/lib/libmecab.dylib
0x00007ff80b0e3000 	/usr/lib/libCRFSuite.dylib
0x00007ff814930000 	/usr/lib/libgermantok.dylib
0x00007ff8154b9000 	/usr/lib/libThaiTokenizer.dylib
0x00007ff810f5d000 	/System/Library/Frameworks/Accelerate.framework/Versions/A/Frameworks/vImage.framework/Versions/A/vImage
0x00007ff81b5ff000 	/System/Library/Frameworks/Accelerate.framework/Versions/A/Frameworks/vecLib.framework/Versions/A/vecLib
0x00007ff815aa8000 	/System/Library/Frameworks/Accelerate.framework/Versions/A/Frameworks/vecLib.framework/Versions/A/libvMisc.dylib
0x00007ff814324000 	/System/Library/Frameworks/Accelerate.framework/Versions/A/Frameworks/vecLib.framework/Versions/A/libvDSP.dylib
0x00007ff80ad57000 	/System/Library/Frameworks/Accelerate.framework/Versions/A/Frameworks/vecLib.framework/Versions/A/libBLAS.dylib
0x00007ff8155f1000 	/System/Library/Frameworks/Accelerate.framework/Versions/A/Frameworks/vecLib.framework/Versions/A/libLAPACK.dylib
0x00007ff814933000 	/System/Library/Frameworks/Accelerate.framework/Versions/A/Frameworks/vecLib.framework/Versions/A/libLinearAlgebra.dylib
0x00007ff8154f6000 	/System/Library/Frameworks/Accelerate.framework/Versions/A/Frameworks/vecLib.framework/Versions/A/libSparseBLAS.dylib
0x00007ff8155eb000 	/System/Library/Frameworks/Accelerate.framework/Versions/A/Frameworks/vecLib.framework/Versions/A/libQuadrature.dylib
0x00007ff813c50000 	/System/Library/Frameworks/Accelerate.framework/Versions/A/Frameworks/vecLib.framework/Versions/A/libBNNS.dylib
0x00007ff80aff1000 	/System/Library/Frameworks/Accelerate.framework/Versions/A/Frameworks/vecLib.framework/Versions/A/libSparse.dylib
0x00007ff813c49000 	/System/Library/PrivateFrameworks/LinguisticData.framework/Versions/A/LinguisticData
0x00007ff80afa7000 	/System/Library/PrivateFrameworks/Lexicon.framework/Versions/A/Lexicon
0x00007ff815aa1000 	/usr/lib/libChineseTokenizer.dylib
0x00007ff80b712000 	/System/Library/PrivateFrameworks/LanguageModeling.framework/Versions/A/LanguageModeling
0x00007ff8154bb000 	/System/Library/PrivateFrameworks/AppleSauce.framework/Versions/A/AppleSauce
0x00007ff8144e7000 	/System/Library/PrivateFrameworks/CoreEmoji.framework/Versions/A/CoreEmoji
0x00007ff8153bb000 	/usr/lib/libcmph.dylib
0x00007ff811bb4000 	/System/Library/Frameworks/OpenDirectory.framework/Versions/A/Frameworks/CFOpenDirectory.framework/Versions/A/CFOpenDirectory
0x00007ff811ba8000 	/System/Library/Frameworks/OpenDirectory.framework/Versions/A/OpenDirectory
0x00007ff8159fa000 	/System/Library/PrivateFrameworks/APFS.framework/Versions/A/APFS
0x00007ff8147fd000 	/System/Library/Frameworks/SecurityFoundation.framework/Versions/A/SecurityFoundation
0x00007ff815a75000 	/usr/lib/libutil.dylib
0x00007ff80ce02000 	/System/Library/PrivateFrameworks/CoreServicesStore.framework/Versions/A/CoreServicesStore
0x00007ff815a79000 	/usr/lib/libxslt.1.dylib
0x00007ff81488a000 	/System/Library/PrivateFrameworks/BackgroundTaskManagement.framework/Versions/A/BackgroundTaskManagement
0x00007ff816ee9000 	/System/Library/Frameworks/ImageIO.framework/Versions/A/Resources/libRadiance.dylib
0x00007ff816ef2000 	/System/Library/Frameworks/ImageIO.framework/Versions/A/Resources/libJPEG.dylib
0x00007ff816e41000 	/System/Library/Frameworks/ImageIO.framework/Versions/A/Resources/libPng.dylib
0x00007ff816e62000 	/System/Library/Frameworks/ImageIO.framework/Versions/A/Resources/libTIFF.dylib
0x00007ff816f52000 	/System/Library/Frameworks/ImageIO.framework/Versions/A/Resources/libGIF.dylib
0x00007ff81677c000 	/System/Library/Frameworks/ImageIO.framework/Versions/A/Resources/libJP2.dylib
0x00007ff815eb7000 	/usr/lib/libexpat.1.dylib
0x00007ff816731000 	/System/Library/PrivateFrameworks/AppleJPEG.framework/Versions/A/AppleJPEG
0x00007ff81309a000 	/System/Library/PrivateFrameworks/FontServices.framework/libFontParser.dylib
0x00007ff810bad000 	/System/Library/PrivateFrameworks/RunningBoardServices.framework/Versions/A/RunningBoardServices
0x00007ff8218c5000 	/System/Library/PrivateFrameworks/IOSurfaceAccelerator.framework/Versions/A/IOSurfaceAccelerator
0x00007ff81685e000 	/System/Library/PrivateFrameworks/WatchdogClient.framework/Versions/A/WatchdogClient
0x00007ff80b800000 	/System/Library/Frameworks/CoreDisplay.framework/Versions/A/CoreDisplay
0x00007ff812f98000 	/System/Library/Frameworks/CoreMedia.framework/Versions/A/CoreMedia
0x00007ff812e2c000 	/System/Library/PrivateFrameworks/IOAccelerator.framework/Versions/A/IOAccelerator
0x00007ff811d31000 	/System/Library/Frameworks/CoreVideo.framework/Versions/A/CoreVideo
0x00007ff81550c000 	/System/Library/Frameworks/MetalPerformanceShaders.framework/Versions/A/MetalPerformanceShaders
0x00007ff81689b000 	/System/Library/Frameworks/VideoToolbox.framework/Versions/A/VideoToolbox
0x00007ff810af7000 	/System/Library/PrivateFrameworks/BaseBoard.framework/Versions/A/BaseBoard
0x00007ff81087e000 	/System/Library/PrivateFrameworks/ProtocolBuffer.framework/Versions/A/ProtocolBuffer
0x00007ff816ee2000 	/System/Library/PrivateFrameworks/GPUWrangler.framework/Versions/A/GPUWrangler
0x00007ff816ec6000 	/System/Library/PrivateFrameworks/IOPresentment.framework/Versions/A/IOPresentment
0x00007ff816eec000 	/System/Library/PrivateFrameworks/DSExternalDisplay.framework/Versions/A/DSExternalDisplay
0x00007ffa2326f000 	/System/Library/Frameworks/OpenGL.framework/Versions/A/Libraries/libCoreFSCache.dylib
0x00007ffb10347000 	/System/Library/PrivateFrameworks/GPUCompiler.framework/Versions/31001/Libraries/libGPUCompilerUtils.dylib
0x00007ff816f57000 	/System/Library/PrivateFrameworks/CMCaptureCore.framework/Versions/A/CMCaptureCore
0x00007ff816460000 	/System/Library/PrivateFrameworks/AppServerSupport.framework/Versions/A/AppServerSupport
0x00007ff818725000 	/System/Library/PrivateFrameworks/perfdata.framework/Versions/A/perfdata
0x00007ff80b92c000 	/System/Library/PrivateFrameworks/AudioToolboxCore.framework/Versions/A/AudioToolboxCore
0x00007ff812f76000 	/System/Library/PrivateFrameworks/caulk.framework/Versions/A/caulk
0x00007ff818037000 	/usr/lib/libAudioStatistics.dylib
0x00007ff90fd2c000 	/System/Library/PrivateFrameworks/SystemPolicy.framework/Versions/A/SystemPolicy
0x00007ff818292000 	/usr/lib/libSMC.dylib
0x00007ff8211bd000 	/System/Library/Frameworks/CoreMIDI.framework/Versions/A/CoreMIDI
0x00007ff816e10000 	/usr/lib/libAudioToolboxUtility.dylib
0x00007ff90bf54000 	/System/Library/PrivateFrameworks/OSAServicesClient.framework/Versions/A/OSAServicesClient
0x00007ff818732000 	/usr/lib/libperfcheck.dylib
0x00007ff9107dd000 	/usr/lib/libmis.dylib
0x00007ffa232ca000 	/System/Library/Frameworks/OpenGL.framework/Versions/A/Libraries/libGLU.dylib
0x00007ffa2328e000 	/System/Library/Frameworks/OpenGL.framework/Versions/A/Libraries/libGFXShared.dylib
0x00007ffa23497000 	/System/Library/Frameworks/OpenGL.framework/Versions/A/Libraries/libGL.dylib
0x00007ffa23297000 	/System/Library/Frameworks/OpenGL.framework/Versions/A/Libraries/libGLImage.dylib
0x00007ffa2328b000 	/System/Library/Frameworks/OpenGL.framework/Versions/A/Libraries/libCVMSPluginSupport.dylib
0x00007ffa23276000 	/System/Library/Frameworks/OpenGL.framework/Versions/A/Libraries/libCoreVMClient.dylib
0x00007ff813ae1000 	/System/Library/Frameworks/MetalPerformanceShaders.framework/Versions/A/Frameworks/MPSCore.framework/Versions/A/MPSCore
0x00007ff814ea3000 	/System/Library/Frameworks/MetalPerformanceShaders.framework/Versions/A/Frameworks/MPSImage.framework/Versions/A/MPSImage
0x00007ff814949000 	/System/Library/Frameworks/MetalPerformanceShaders.framework/Versions/A/Frameworks/MPSNeuralNetwork.framework/Versions/A/MPSNeuralNetwork
0x00007ff814dbd000 	/System/Library/Frameworks/MetalPerformanceShaders.framework/Versions/A/Frameworks/MPSMatrix.framework/Versions/A/MPSMatrix
0x00007ff814b78000 	/System/Library/Frameworks/MetalPerformanceShaders.framework/Versions/A/Frameworks/MPSRayIntersector.framework/Versions/A/MPSRayIntersector
0x00007ff814df5000 	/System/Library/Frameworks/MetalPerformanceShaders.framework/Versions/A/Frameworks/MPSNDArray.framework/Versions/A/MPSNDArray
0x00007ffa28d4f000 	/System/Library/Frameworks/MetalPerformanceShaders.framework/Versions/A/Frameworks/MPSFunctions.framework/Versions/A/MPSFunctions
0x00007ff80ac33000 	/System/Library/PrivateFrameworks/MetalTools.framework/Versions/A/MetalTools
0x00007ff813b5d000 	/System/Library/PrivateFrameworks/AggregateDictionary.framework/Versions/A/AggregateDictionary
0x00007ff815c99000 	/usr/lib/libIOReport.dylib
0x00007ffa248a6000 	/System/Library/Frameworks/OpenCL.framework/Versions/A/OpenCL
0x00007ff815ffe000 	/System/Library/PrivateFrameworks/FaceCore.framework/Versions/A/FaceCore
0x00007ff815fef000 	/System/Library/PrivateFrameworks/GraphVisualizer.framework/Versions/A/GraphVisualizer
0x00007ffb10252000 	/System/Library/PrivateFrameworks/FontServices.framework/Versions/A/FontServices
0x00007ff816418000 	/System/Library/PrivateFrameworks/OTSVG.framework/Versions/A/OTSVG
0x00007ff811917000 	/System/Library/Frameworks/ApplicationServices.framework/Versions/A/Frameworks/ATS.framework/Versions/A/Resources/libFontRegistry.dylib
0x00007ff816468000 	/System/Library/PrivateFrameworks/FontServices.framework/libhvf.dylib
0x00007ffb10253000 	/System/Library/PrivateFrameworks/FontServices.framework/libXTFontStaticRegistryData.dylib
0x00007ff815e67000 	/System/Library/PrivateFrameworks/AppleVA.framework/Versions/A/AppleVA
0x00007ff818057000 	/System/Library/Frameworks/ApplicationServices.framework/Versions/A/Frameworks/ATS.framework/Versions/A/ATS
0x00007ff80ffc4000 	/System/Library/Frameworks/ApplicationServices.framework/Versions/A/Frameworks/HIServices.framework/Versions/A/HIServices
0x00007ff816f61000 	/System/Library/Frameworks/ApplicationServices.framework/Versions/A/Frameworks/PrintCore.framework/Versions/A/PrintCore
0x00007ff8183e5000 	/System/Library/Frameworks/ApplicationServices.framework/Versions/A/Frameworks/QD.framework/Versions/A/QD
0x00007ff8183dd000 	/System/Library/Frameworks/ApplicationServices.framework/Versions/A/Frameworks/ColorSyncLegacy.framework/Versions/A/ColorSyncLegacy
0x00007ff818047000 	/System/Library/Frameworks/ApplicationServices.framework/Versions/A/Frameworks/SpeechSynthesis.framework/Versions/A/SpeechSynthesis
0x00007ff816f22000 	/System/Library/Frameworks/ApplicationServices.framework/Versions/A/Frameworks/ATSUI.framework/Versions/A/ATSUI
0x00007ff818372000 	/usr/lib/libcups.2.dylib
0x00007ff818741000 	/System/Library/Frameworks/Kerberos.framework/Versions/A/Kerberos
0x00007ff818750000 	/System/Library/Frameworks/GSS.framework/Versions/A/GSS
0x00007ff8180c3000 	/usr/lib/libresolv.9.dylib
0x00007ff816477000 	/System/Library/PrivateFrameworks/Heimdal.framework/Versions/A/Heimdal
0x00007ff81f340000 	/System/Library/Frameworks/Kerberos.framework/Versions/A/Libraries/libHeimdalProxy.dylib
0x00007ff810c81000 	/System/Library/Frameworks/Network.framework/Versions/A/Network
0x00007ff815ed2000 	/usr/lib/libheimdal-asn1.dylib
0x00007ff81879b000 	/System/Library/PrivateFrameworks/CommonAuth.framework/Versions/A/CommonAuth
0x00007ff817fc9000 	/System/Library/PrivateFrameworks/AudioSession.framework/Versions/A/AudioSession
0x00007ff815f62000 	/System/Library/PrivateFrameworks/MediaExperience.framework/Versions/A/MediaExperience
0x00007ff817e5b000 	/System/Library/PrivateFrameworks/AudioSession.framework/libSessionUtility.dylib
0x00007ff8183f1000 	/System/Library/PrivateFrameworks/AudioResourceArbitration.framework/Versions/A/AudioResourceArbitration
0x00007ff81c472000 	/System/Library/PrivateFrameworks/PowerLog.framework/Versions/A/PowerLog
0x00007ff815edb000 	/System/Library/PrivateFrameworks/IconFoundation.framework/Versions/A/IconFoundation
0x00007ff81b228000 	/System/Library/PrivateFrameworks/SpeechRecognitionCore.framework/Versions/A/SpeechRecognitionCore
0x000000010f424000 	/Users/Amin/Library/Java/JavaVirtualMachines/openjdk-21.0.2/Contents/Home/lib/server/libjvm.dylib
0x000000010e1ef000 	/Users/Amin/Library/Java/JavaVirtualMachines/openjdk-21.0.2/Contents/Home/lib/libjimage.dylib
0x000000010e212000 	/Users/Amin/Library/Java/JavaVirtualMachines/openjdk-21.0.2/Contents/Home/lib/libinstrument.dylib
0x000000010e250000 	/Users/Amin/Library/Java/JavaVirtualMachines/openjdk-21.0.2/Contents/Home/lib/libjava.dylib
0x000000010ecd7000 	/Users/Amin/Library/Java/JavaVirtualMachines/openjdk-21.0.2/Contents/Home/lib/libnio.dylib
0x000000010ecf3000 	/Users/Amin/Library/Java/JavaVirtualMachines/openjdk-21.0.2/Contents/Home/lib/libnet.dylib
0x000000010ed07000 	/Users/Amin/Library/Java/JavaVirtualMachines/openjdk-21.0.2/Contents/Home/lib/libzip.dylib
0x000000010e23f000 	/Users/Amin/Library/Java/JavaVirtualMachines/openjdk-21.0.2/Contents/Home/lib/libextnet.dylib
0x000000010ed33000 	/Users/Amin/Desktop/AM/Progmeth/javafx-sdk-21.0.2/lib/libprism_es2.dylib
0x00007ff90f850000 	/System/Library/Frameworks/Carbon.framework/Versions/A/Carbon
0x00007ff822c5c000 	/System/Library/Frameworks/Carbon.framework/Versions/A/Frameworks/CommonPanels.framework/Versions/A/CommonPanels
0x00007ff81ed22000 	/System/Library/Frameworks/Carbon.framework/Versions/A/Frameworks/Help.framework/Versions/A/Help
0x00007ff822c60000 	/System/Library/Frameworks/Carbon.framework/Versions/A/Frameworks/ImageCapture.framework/Versions/A/ImageCapture
0x00007ff822c30000 	/System/Library/Frameworks/Carbon.framework/Versions/A/Frameworks/OpenScripting.framework/Versions/A/OpenScripting
0x00007ff822c58000 	/System/Library/Frameworks/Carbon.framework/Versions/A/Frameworks/Ink.framework/Versions/A/Ink
0x00007ff90f84c000 	/System/Library/Frameworks/Carbon.framework/Versions/A/Frameworks/Print.framework/Versions/A/Print
0x00007ff822c54000 	/System/Library/Frameworks/Carbon.framework/Versions/A/Frameworks/SecurityHI.framework/Versions/A/SecurityHI
0x00007ff80cdc4000 	/System/Library/PrivateFrameworks/CoreServicesInternal.framework/Versions/A/CoreServicesInternal
0x00007ffa234a2000 	/System/Library/Frameworks/OpenGL.framework/Versions/A/Resources/GLEngine.bundle/GLEngine
0x00007ffa23308000 	/System/Library/Frameworks/OpenGL.framework/Versions/A/Libraries/libGLProgrammability.dylib
0x00007ffa1ad7b000 	/System/Library/Extensions/AppleIntelSKLGraphicsGLDriver.bundle/Contents/MacOS/AppleIntelSKLGraphicsGLDriver
0x00007ff91a978000 	/System/Library/PrivateFrameworks/GPUSupport.framework/Versions/A/Libraries/libGPUSupportMercury.dylib
0x00007ffa2362c000 	/System/Library/Frameworks/OpenGL.framework/Versions/A/Resources/GLRendererFloat.bundle/GLRendererFloat
0x000000010f209000 	/Users/Amin/Desktop/AM/Progmeth/javafx-sdk-21.0.2/lib/libglass.dylib
0x00007ff81ca63000 	/System/Library/Frameworks/FileProvider.framework/Versions/A/FileProvider
0x00007ff810a64000 	/System/Library/Frameworks/Accounts.framework/Versions/A/Accounts
0x00007ff81cbdc000 	/System/Library/PrivateFrameworks/GenerationalStorage.framework/Versions/A/GenerationalStorage
0x00007ff81d6ed000 	/System/Library/PrivateFrameworks/CoreSymbolication.framework/Versions/A/CoreSymbolication
0x00007ff81c467000 	/System/Library/PrivateFrameworks/SymptomDiagnosticReporter.framework/Versions/A/SymptomDiagnosticReporter
0x00007ff80e085000 	/System/Library/PrivateFrameworks/DesktopServicesPriv.framework/Versions/A/DesktopServicesPriv
0x00007ff80cf03000 	/usr/lib/libsandbox.1.dylib
0x00007ff811db0000 	/System/Library/PrivateFrameworks/UserManagement.framework/Versions/A/UserManagement
0x00007ff81d6b2000 	/System/Library/PrivateFrameworks/DebugSymbols.framework/Versions/A/DebugSymbols
0x00007ff8183d2000 	/System/Library/PrivateFrameworks/NetAuth.framework/Versions/A/NetAuth
0x00007ff8192e1000 	/System/Library/PrivateFrameworks/Sharing.framework/Versions/A/Sharing
0x00007ff811d83000 	/System/Library/PrivateFrameworks/login.framework/Versions/A/Frameworks/loginsupport.framework/Versions/A/loginsupport
0x00007ff81e850000 	/System/Library/PrivateFrameworks/Apple80211.framework/Versions/A/Apple80211
0x00007ff814f88000 	/System/Library/PrivateFrameworks/AuthKit.framework/Versions/A/AuthKit
0x00007ff8145dd000 	/System/Library/PrivateFrameworks/CoreUtils.framework/Versions/A/CoreUtils
0x00007ff814504000 	/System/Library/Frameworks/CoreWLAN.framework/Versions/A/CoreWLAN
0x00007ff819440000 	/System/Library/Frameworks/IOBluetooth.framework/Versions/A/IOBluetooth
0x00007ff81e8b8000 	/System/Library/PrivateFrameworks/CoreWiFi.framework/Versions/A/CoreWiFi
0x00007ff81d286000 	/System/Library/PrivateFrameworks/FrontBoardServices.framework/Versions/A/FrontBoardServices
0x00007ff81d317000 	/System/Library/PrivateFrameworks/BoardServices.framework/Versions/A/BoardServices
0x00007ff8147ec000 	/System/Library/PrivateFrameworks/AssertionServices.framework/Versions/A/AssertionServices
0x00007ff81ea3b000 	/System/Library/PrivateFrameworks/BackBoardServices.framework/Versions/A/BackBoardServices
0x00007ff81882c000 	/System/Library/PrivateFrameworks/CorePhoneNumbers.framework/Versions/A/CorePhoneNumbers
0x00007ff8180f0000 	/System/Library/PrivateFrameworks/MultiverseSupport.framework/Versions/A/MultiverseSupport
0x00007ff81ecaf000 	/System/Library/PrivateFrameworks/RemoteServiceDiscovery.framework/Versions/A/RemoteServiceDiscovery
0x00007ff81c584000 	/System/Library/PrivateFrameworks/DiskManagement.framework/Versions/A/DiskManagement
0x00007ff81c498000 	/System/Library/PrivateFrameworks/AppleIDAuthSupport.framework/Versions/A/AppleIDAuthSupport
0x00007ffb0abcd000 	/System/Library/PrivateFrameworks/AAAFoundation.framework/Versions/A/AAAFoundation
0x00007ff81880d000 	/System/Library/PrivateFrameworks/KeychainCircle.framework/Versions/A/KeychainCircle
0x00007ff81ecbf000 	/System/Library/PrivateFrameworks/RemoteXPC.framework/Versions/A/RemoteXPC
0x00007ff81c550000 	/System/Library/PrivateFrameworks/MediaKit.framework/Versions/A/MediaKit
0x00007ff81c4a4000 	/System/Library/Frameworks/DiscRecording.framework/Versions/A/DiscRecording
0x00007ff815ddf000 	/usr/lib/libCoreStorage.dylib
0x00007ff81ed2a000 	/usr/lib/libcsfde.dylib
0x00007ff81950d000 	/System/Library/PrivateFrameworks/ProtectedCloudStorage.framework/Versions/A/ProtectedCloudStorage
0x00007ff81ed26000 	/System/Library/PrivateFrameworks/EFILogin.framework/Versions/A/EFILogin
0x00007ff81cc02000 	/System/Library/PrivateFrameworks/OctagonTrust.framework/Versions/A/OctagonTrust
0x00007ffb0f4b5000 	/System/Library/PrivateFrameworks/CoreUtilsExtras.framework/Versions/A/CoreUtilsExtras
0x00007ff81c3cb000 	/System/Library/Frameworks/CoreBluetooth.framework/Versions/A/CoreBluetooth
0x00007ff81f3c5000 	/System/Library/Frameworks/AudioUnit.framework/Versions/A/AudioUnit
0x00007ff815dd7000 	/usr/lib/libMatch.1.dylib
0x00007ff914e01000 	/System/Library/Frameworks/Accelerate.framework/Versions/A/Frameworks/vImage.framework/Versions/A/Libraries/libCGInterfaces.dylib
0x00000001130cb000 	/usr/lib/libobjc-trampolines.dylib
0x00007ffb22d4b000 	/usr/lib/libRosetta.dylib
0x00007ff811aa8000 	/System/Library/PrivateFrameworks/ViewBridge.framework/Versions/A/ViewBridge
0x00007ff81652f000 	/System/Library/PrivateFrameworks/login.framework/Versions/A/login
0x00000001767eb000 	/Users/Amin/Desktop/AM/Progmeth/javafx-sdk-21.0.2/lib/libjavafx_font.dylib
0x00000001768e5000 	/Users/Amin/Desktop/AM/Progmeth/javafx-sdk-21.0.2/lib/libjavafx_iio.dylib
0x0000000181cb2000 	/Users/Amin/Desktop/AM/Progmeth/javafx-sdk-21.0.2/lib/libglib-lite.dylib
0x0000000181f8a000 	/Users/Amin/Desktop/AM/Progmeth/javafx-sdk-21.0.2/lib/libgstreamer-lite.dylib
0x0000000181bb7000 	/Users/Amin/Desktop/AM/Progmeth/javafx-sdk-21.0.2/lib/libjfxmedia.dylib
0x0000000181bf3000 	/Users/Amin/Desktop/AM/Progmeth/javafx-sdk-21.0.2/lib/libjfxmedia_avf.dylib
0x00007ff90fb44000 	/System/Library/Frameworks/AVFoundation.framework/Versions/A/AVFoundation
0x00007ffa27966000 	/System/Library/Frameworks/AVFAudio.framework/Versions/A/AVFAudio
0x00007ff81d096000 	/System/Library/PrivateFrameworks/AVFCore.framework/Versions/A/AVFCore
0x00007ff82431c000 	/System/Library/PrivateFrameworks/AVFCapture.framework/Versions/A/AVFCapture
0x00007ff90e7b7000 	/System/Library/PrivateFrameworks/AirPlaySync.framework/Versions/A/AirPlaySync
0x00007ff81718b000 	/System/Library/Frameworks/MediaToolbox.framework/Versions/A/MediaToolbox
0x00007ff81ca33000 	/System/Library/PrivateFrameworks/CoreAVCHD.framework/Versions/A/CoreAVCHD
0x00007ff81b908000 	/System/Library/Frameworks/MediaAccessibility.framework/Versions/A/MediaAccessibility
0x00007ff81ca2f000 	/System/Library/PrivateFrameworks/Mangrove.framework/Versions/A/Mangrove
0x00007ff81b913000 	/System/Library/PrivateFrameworks/AlgosScoreFramework.framework/Versions/A/AlgosScoreFramework
0x00007ffb0c7a9000 	/System/Library/PrivateFrameworks/CMPhoto.framework/Versions/A/CMPhoto
0x00007ff81d588000 	/System/Library/PrivateFrameworks/AppleVPA.framework/Versions/A/AppleVPA
0x00007ff81c674000 	/System/Library/PrivateFrameworks/CoreAUC.framework/Versions/A/CoreAUC
0x00007ffb0c792000 	/System/Library/PrivateFrameworks/CMImaging.framework/Versions/A/CMImaging
0x00007ff82446e000 	/System/Library/PrivateFrameworks/Quagga.framework/Versions/A/Quagga
0x00007ff90a1c1000 	/System/Library/PrivateFrameworks/CMCapture.framework/Versions/A/CMCapture
0x00007ff8181b2000 	/System/Library/Frameworks/CoreMediaIO.framework/Versions/A/CoreMediaIO
0x00007ff81f4ed000 	/System/Library/PrivateFrameworks/Espresso.framework/Versions/A/Espresso
0x00007ff81edb6000 	/System/Library/PrivateFrameworks/AppSupport.framework/Versions/A/AppSupport
0x00007ffa15ee1000 	/System/Library/PrivateFrameworks/ANECompiler.framework/Versions/A/ANECompiler
0x00007ff82113d000 	/System/Library/PrivateFrameworks/AppleNeuralEngine.framework/Versions/A/AppleNeuralEngine
0x00007ffb12d6f000 	/System/Library/PrivateFrameworks/MIL.framework/Versions/A/MIL
0x00007ffa28d62000 	/System/Library/Frameworks/MetalPerformanceShadersGraph.framework/Versions/A/MetalPerformanceShadersGraph
0x00007ff82008c000 	/System/Library/PrivateFrameworks/ANEServices.framework/Versions/A/ANEServices
0x00007ff9145a8000 	/usr/lib/libncurses.5.4.dylib
0x0000000181b94000 	/Users/Amin/Desktop/AM/Progmeth/javafx-sdk-21.0.2/lib/libfxplugins.dylib
0x0000000181b7c000 	/System/Library/Extensions/AppleHDA.kext/Contents/PlugIns/AppleHDAHALPlugIn.bundle/Contents/MacOS/AppleHDAHALPlugIn
0x0000000181dea000 	/System/Library/Components/CoreAudio.component/Contents/MacOS/CoreAudio
0x0000000184423000 	/System/Library/Components/AudioCodecs.component/Contents/MacOS/AudioCodecs
0x0000000184b2b000 	/System/Library/Components/AudioDSP.component/Contents/MacOS/AudioDSP
0x00007ffb22bf0000 	/usr/lib/libAudioDSPCore.dylib
0x00007ff81b944000 	/System/Library/PrivateFrameworks/SystemAdministration.framework/Versions/A/SystemAdministration
0x00007ff81b1f4000 	/System/Library/Frameworks/DirectoryService.framework/Versions/A/DirectoryService
0x00007ff81ebc7000 	/System/Library/PrivateFrameworks/DiskImages.framework/Versions/A/DiskImages
0x00007ff814894000 	/System/Library/Frameworks/ServiceManagement.framework/Versions/A/ServiceManagement
0x00007ff81edae000 	/System/Library/PrivateFrameworks/LoginUIKit.framework/Versions/A/Frameworks/LoginUICore.framework/Versions/A/LoginUICore
0x00007ff8166d8000 	/usr/lib/libodfde.dylib
0x00007ff81ed36000 	/usr/lib/libcurl.4.dylib
0x00007ffb231b7000 	/usr/lib/libcrypto.46.dylib
0x00007ffb236ac000 	/usr/lib/libssl.48.dylib
0x00007ff81ea59000 	/System/Library/Frameworks/LDAP.framework/Versions/A/LDAP
0x00007ff81ea91000 	/System/Library/PrivateFrameworks/TrustEvaluationAgent.framework/Versions/A/TrustEvaluationAgent
0x00007ff8180dc000 	/usr/lib/libsasl2.2.dylib
0x00007ff81b938000 	/System/Library/PrivateFrameworks/CoreDaemon.framework/Versions/B/CoreDaemon
0x00007ff81b933000 	/System/Library/PrivateFrameworks/AppleSRP.framework/Versions/A/AppleSRP


VM Arguments:
jvm_args: --module-path=/Users/Amin/Desktop/AM/Progmeth/javafx-sdk-21.0.2/lib --add-modules=javafx.controls,javafx.fxml,javafx.graphics,javafx.media -javaagent:/Applications/IntelliJ IDEA CE.app/Contents/lib/idea_rt.jar=49462:/Applications/IntelliJ IDEA CE.app/Contents/bin -Dfile.encoding=UTF-8 -Dsun.stdout.encoding=UTF-8 -Dsun.stderr.encoding=UTF-8 
java_command: main.Main
java_class_path (initial): /Users/Amin/Desktop/ProjrctProgmeth/mafiahatyai-progmeth/out/production/mafiahatyai-progmeth:/Users/Amin/Desktop/Progmeth/javafx-sdk-21.0.2/lib/javafx-swt.jar:/Users/Amin/Desktop/Progmeth/javafx-sdk-21.0.2/lib/javafx.base.jar:/Users/Amin/Desktop/Progmeth/javafx-sdk-21.0.2/lib/javafx.controls.jar:/Users/Amin/Desktop/Progmeth/javafx-sdk-21.0.2/lib/javafx.fxml.jar:/Users/Amin/Desktop/Progmeth/javafx-sdk-21.0.2/lib/javafx.graphics.jar:/Users/Amin/Desktop/Progmeth/javafx-sdk-21.0.2/lib/javafx.media.jar:/Users/Amin/Desktop/Progmeth/javafx-sdk-21.0.2/lib/javafx.swing.jar:/Users/Amin/Desktop/Progmeth/javafx-sdk-21.0.2/lib/javafx.web.jar
Launcher Type: SUN_STANDARD

[Global flags]
     intx CICompilerCount                          = 3                                         {product} {ergonomic}
     uint ConcGCThreads                            = 1                                         {product} {ergonomic}
     uint G1ConcRefinementThreads                  = 4                                         {product} {ergonomic}
   size_t G1HeapRegionSize                         = 1048576                                   {product} {ergonomic}
    uintx GCDrainStackTargetSize                   = 64                                        {product} {ergonomic}
   size_t InitialHeapSize                          = 134217728                                 {product} {ergonomic}
   size_t MarkStackSize                            = 4194304                                   {product} {ergonomic}
   size_t MaxHeapSize                              = 2147483648                                {product} {ergonomic}
   size_t MaxNewSize                               = 1287651328                                {product} {ergonomic}
   size_t MinHeapDeltaBytes                        = 1048576                                   {product} {ergonomic}
   size_t MinHeapSize                              = 8388608                                   {product} {ergonomic}
    uintx NonNMethodCodeHeapSize                   = 5832780                                {pd product} {ergonomic}
    uintx NonProfiledCodeHeapSize                  = 122912730                              {pd product} {ergonomic}
    uintx ProfiledCodeHeapSize                     = 122912730                              {pd product} {ergonomic}
    uintx ReservedCodeCacheSize                    = 251658240                              {pd product} {ergonomic}
     bool SegmentedCodeCache                       = true                                      {product} {ergonomic}
   size_t SoftMaxHeapSize                          = 2147483648                             {manageable} {ergonomic}
     bool UseCompressedOops                        = true                           {product lp64_product} {ergonomic}
     bool UseG1GC                                  = true                                      {product} {ergonomic}
     bool UseNUMA                                  = false                                     {product} {ergonomic}
     bool UseNUMAInterleaving                      = false                                     {product} {ergonomic}

Logging:
Log output configuration:
 #0: stdout all=warning uptime,level,tags foldmultilines=false
 #1: stderr all=off uptime,level,tags foldmultilines=false

Environment Variables:
PATH=/Users/Amin/.nvm/versions/node/v18.17.1/bin:/usr/local/bin:/usr/bin:/bin:/usr/sbin:/sbin:/usr/local/go/bin:/Library/Apple/usr/bin
SHELL=/bin/zsh
LC_CTYPE=en_US.UTF-8
TMPDIR=/var/folders/hp/t773fw1s7lz94nq_yp0srrzm0000gp/T/

Active Locale:
LC_ALL=C/en_US.UTF-8/C/C/C/C
LC_COLLATE=C
LC_CTYPE=en_US.UTF-8
LC_MESSAGES=C
LC_MONETARY=C
LC_NUMERIC=C
LC_TIME=C

Signal Handlers:
   SIGSEGV: crash_handler in libjvm.dylib, mask=11100110000111110111111111111111, flags=SA_ONSTACK|SA_RESTART|SA_SIGINFO, unblocked
    SIGBUS: crash_handler in libjvm.dylib, mask=11100110000111110111111111111111, flags=SA_RESTART|SA_SIGINFO, unblocked
    SIGFPE: crash_handler in libjvm.dylib, mask=11100110000111110111111111111111, flags=SA_RESTART|SA_SIGINFO, unblocked
   SIGPIPE: javaSignalHandler in libjvm.dylib, mask=11100110000111110111111111111111, flags=SA_RESTART|SA_SIGINFO, blocked
   SIGXFSZ: javaSignalHandler in libjvm.dylib, mask=11100110000111110111111111111111, flags=SA_RESTART|SA_SIGINFO, blocked
    SIGILL: crash_handler in libjvm.dylib, mask=11100110000111110111111111111111, flags=SA_RESTART|SA_SIGINFO, unblocked
   SIGUSR2: SR_handler in libjvm.dylib, mask=00100000000000000000000000000000, flags=SA_RESTART|SA_SIGINFO, blocked
    SIGHUP: UserHandler in libjvm.dylib, mask=11100110000111110111111111111111, flags=SA_RESTART|SA_SIGINFO, blocked
    SIGINT: UserHandler in libjvm.dylib, mask=11100110000111110111111111111111, flags=SA_RESTART|SA_SIGINFO, blocked
   SIGTERM: UserHandler in libjvm.dylib, mask=11100110000111110111111111111111, flags=SA_RESTART|SA_SIGINFO, blocked
   SIGQUIT: UserHandler in libjvm.dylib, mask=11100110000111110111111111111111, flags=SA_RESTART|SA_SIGINFO, blocked
   SIGTRAP: crash_handler in libjvm.dylib, mask=11100110000111110111111111111111, flags=SA_RESTART|SA_SIGINFO, unblocked


Periodic native trim disabled

---------------  S Y S T E M  ---------------

OS:
uname: Darwin 21.6.0 Darwin Kernel Version 21.6.0: Fri Sep 15 16:17:23 PDT 2023; root:xnu-8020.240.18.703.5~1/RELEASE_X86_64 x86_64
OS uptime: 0 days 1:33 hours
rlimit (soft/hard): STACK 8192k/65532k , CORE 0k/infinity , NPROC 1392/2088 , NOFILE 10240/infinity , AS infinity/infinity , CPU infinity/infinity , DATA infinity/infinity , FSIZE infinity/infinity , MEMLOCK infinity/infinity , RSS infinity/infinity
load average: 10.40 7.14 5.09

CPU: total 4 (initial active 4) (2 cores per cpu, 2 threads per core) family 6 model 78 stepping 3 microcode 0xf0, cx8, cmov, fxsr, ht, mmx, 3dnowpref, sse, sse2, sse3, ssse3, sse4.1, sse4.2, popcnt, lzcnt, tsc, tscinvbit, avx, avx2, aes, erms, clmul, bmi1, bmi2, adx, fma, vzeroupper, clflush, clflushopt, rdtscp, f16c
machdep.cpu.brand_string:Intel(R) Core(TM) i5-6267U CPU @ 2.90GHz
hw.cpufrequency:2900000000
hw.cpufrequency_min:2900000000
hw.cpufrequency_max:2900000000
hw.cachelinesize:64
hw.l1icachesize:32768
hw.l1dcachesize:32768
hw.l2cachesize:262144
hw.l3cachesize:4194304

Memory: 4k page, physical 8388608k(45472k free), swap 3145728k(1153024k free)

vm_info: OpenJDK 64-Bit Server VM (21.0.2+13-58) for bsd-amd64 JRE (21.0.2+13-58), built on 2024-01-05T18:32:24Z by "mach5one" with clang Apple LLVM 12.0.0 (clang-1200.0.32.29)

END.
