#
# A fatal error has been detected by the Java Runtime Environment:
#
#  SIGSEGV (0xb) at pc=0x000000010a36534d, pid=61291, tid=259
#
# JRE version: OpenJDK Runtime Environment (21.0.2+13) (build 21.0.2+13-58)
# Java VM: OpenJDK 64-Bit Server VM (21.0.2+13-58, mixed mode, sharing, tiered, compressed oops, compressed class ptrs, g1 gc, bsd-amd64)
# Problematic frame:
# C  [libglass.dylib+0x934d]  JNI_OnLoad+0xdfd
#
# No core dump will be written. Core dumps have been disabled. To enable core dumping, try "ulimit -c unlimited" before starting Java again
#
# If you would like to submit a bug report, please visit:
#   https://bugreport.java.com/bugreport/crash.jsp
#

---------------  S U M M A R Y ------------

Command Line: --module-path=/Users/Amin/Desktop/AM/Progmeth/javafx-sdk-21.0.2/lib --add-modules=javafx.controls,javafx.fxml,javafx.graphics,javafx.media -javaagent:/Applications/IntelliJ IDEA CE.app/Contents/lib/idea_rt.jar=55320:/Applications/IntelliJ IDEA CE.app/Contents/bin -Dfile.encoding=UTF-8 -Dsun.stdout.encoding=UTF-8 -Dsun.stderr.encoding=UTF-8 main.Main

Host: "MacBookPro13,2" x86_64 2900 MHz, 4 cores, 8G, Darwin 21.6.0, macOS 12.7 (21G816)
Time: Thu Apr 18 15:38:07 2024 +07 elapsed time: 7.338008 seconds (0d 0h 0m 7s)

---------------  T H R E A D  ---------------

Current thread is native thread

Stack: [0x00007ff7b6533000,0x00007ff7b6d33000],  sp=0x00007ff7b6d2e650,  free space=8173k
Native frames: (J=compiled Java code, j=interpreted, Vv=VM code, C=native code)
C  [libglass.dylib+0x934d]  JNI_OnLoad+0xdfd
C  [CoreFoundation+0x7569c]  __CFNOTIFICATIONCENTER_IS_CALLING_OUT_TO_AN_OBSERVER__+0xc
C  [CoreFoundation+0x112ab2]  ___CFXRegistrationPost_block_invoke+0x31
C  [CoreFoundation+0x112a30]  _CFXRegistrationPost+0x1f0
C  [CoreFoundation+0x47308]  _CFXNotificationPost+0x2df
C  [Foundation+0x97be]  -[NSNotificationCenter postNotificationName:object:userInfo:]+0x52
C  [AppKit+0x2b3e6e]  -[NSApplication _doHideMaybeFakingIt:]+0x118
C  [AppKit+0x233f80]  _hideShowHandler+0x8b
C  [HIToolbox+0x834d]  DispatchEventToHandlers(EventTargetRec*, OpaqueEventRef*, HandlerCallRec*)+0x555
C  [HIToolbox+0x779c]  SendEventToEventTargetInternal(OpaqueEventRef*, OpaqueEventTargetRef*, HandlerCallRec*)+0x14d
C  [HIToolbox+0x1c3a9]  SendEventToEventTarget+0x27
C  [AppKit+0x3f4ac]  _DPSNextEvent+0x8de
C  [AppKit+0x3d62a]  -[NSApplication(NSEvent) _nextEventMatchingEventMask:untilDate:inMode:dequeue:]+0x572
C  [AppKit+0x2fcd9]  -[NSApplication run]+0x24a
C  [libosxapp.dylib+0x4379]  +[NSApplicationAWT runAWTLoopWithApp:]+0xa9
C  [libawt_lwawt.dylib+0x6f5f0]  +[AWTStarter starter:headless:]+0x1f0
C  [libosxapp.dylib+0x604f]  +[ThreadUtilities invokeBlockCopy:]+0xf
C  [Foundation+0x814e7]  __NSThreadPerformPerform+0xb3
C  [CoreFoundation+0x800bb]  __CFRUNLOOP_IS_CALLING_OUT_TO_A_SOURCE0_PERFORM_FUNCTION__+0x11
C  [CoreFoundation+0x80023]  __CFRunLoopDoSource0+0xb4
C  [CoreFoundation+0x7fd9d]  __CFRunLoopDoSources0+0xf2
C  [CoreFoundation+0x7e7b8]  __CFRunLoopRun+0x37c
C  [CoreFoundation+0x7dd7c]  CFRunLoopRunSpecific+0x232
C  [libjli.dylib+0x6ee2]  CreateExecutionEnvironment+0x182
C  [libjli.dylib+0x28bd]  JLI_Launch+0x54d
C  [java+0x3c0f]  main+0x18f
C  0x000000011190b52e

siginfo: si_signo: 11 (SIGSEGV), si_code: 1 (SEGV_MAPERR), si_addr: 0x0000000000000000

Registers:
RAX=0x0000600003171170, RBX=0x0000000000000000, RCX=0x00007fdb94009088, RDX=0x011d800000000001
RSP=0x00007ff7b6d2e650, RBP=0x00007ff7b6d2ea80, RSI=0x00007fdb94009000, RDI=0x00007fdb94009080
R8 =0x00008c0a22891170, R9 =0x0000000000000a00, R10=0x00007ff8534d98f8, R11=0x00007ff812dd6468
R12=0x000000010a3a5780, R13=0x00007fdb941e1c00, R14=0x00006000031e1ad0, R15=0x0000600003171170
RIP=0x000000010a36534d, EFLAGS=0x0000000000010202, ERR=0x0000000000000004
  TRAPNO=0x000000000000000e


Top of Stack: (sp=0x00007ff7b6d2e650)
0x00007ff7b6d2e650:   000000010a365305 00007ff811fb169c
0x00007ff7b6d2e660:   00007ff81204eab2 00007ff81204ea30
0x00007ff7b6d2e670:   00007ff811f83308 00007ff812dc27be
0x00007ff7b6d2e680:   00007ff814c69e6e 00007ff814be9f80
0x00007ff7b6d2e690:   00007ff81ac4134d 00007ff81ac4079c
0x00007ff7b6d2e6a0:   00007ff81ac553a9 00007ff8149f54ac
0x00007ff7b6d2e6b0:   00007ff8149f362a 00007ff8149e5cd9
0x00007ff7b6d2e6c0:   0000000176402379 000000017676c5f0
0x00007ff7b6d2e6d0:   000000017640404f 00007ff812e3a4e7
0x00007ff7b6d2e6e0:   00007ff811fbc0bb 00007ff811fbc023
0x00007ff7b6d2e6f0:   00007ff811fbbd9d 00007ff811fba7b8
0x00007ff7b6d2e700:   00007ff811fb9d7c 00000001092fcee2
0x00007ff7b6d2e710:   00000001092f88bd 00000001091d0c0f
0x00007ff7b6d2e720:   000000011190b52e 0000000000000000
0x00007ff7b6d2e730:   0000000000000000 0000000000000000
0x00007ff7b6d2e740:   0000000000000000 0000000000000000
0x00007ff7b6d2e750:   0000000000000000 0000000000000000
0x00007ff7b6d2e760:   0000000000000000 0000000000000000
0x00007ff7b6d2e770:   0000000000000000 0000000000000000
0x00007ff7b6d2e780:   0000000000000000 0000000000000000
0x00007ff7b6d2e790:   0000000000000000 0000000000000000
0x00007ff7b6d2e7a0:   0000000000000000 0000000000000000
0x00007ff7b6d2e7b0:   0000000000000000 0000000000000000
0x00007ff7b6d2e7c0:   0000000000000000 0000000000000000
0x00007ff7b6d2e7d0:   0000000000000000 0000000000000000
0x00007ff7b6d2e7e0:   0000000000000000 0000000000000000
0x00007ff7b6d2e7f0:   0000000000000000 00007ff811eb8cd8
0x00007ff7b6d2e800:   0000000000000000 0000000000000000
0x00007ff7b6d2e810:   0000000000000003 00007ff7b6d2e870
0x00007ff7b6d2e820:   0000000000000000 0000000000000004
0x00007ff7b6d2e830:   0000000000010957 0000000000000034
0x00007ff7b6d2e840:   0000000000000013 00006000004d1e10 

Instructions: (pc=0x000000010a36534d)
0x000000010a36524d:   00 48 8b 38 48 8b 35 58 be 03 00 ba 01 00 00 00
0x000000010a36525d:   ff 15 0d 2f 03 00 48 8b 05 b6 2e 03 00 48 8b 00
0x000000010a36526d:   48 3b 45 d0 75 12 48 81 c4 08 04 00 00 5b 41 5c
0x000000010a36527d:   41 5d 41 5e 41 5f 5d c3 e8 f6 64 02 00 66 0f 1f
0x000000010a36528d:   44 00 00 55 48 89 e5 41 57 41 56 41 55 41 54 53
0x000000010a36529d:   48 81 ec 08 04 00 00 49 89 fe 48 8b 05 72 2e 03
0x000000010a3652ad:   00 48 8b 00 48 89 45 d0 4c 8d 25 c4 04 04 00 49
0x000000010a3652bd:   8b 1c 24 48 85 db 75 79 48 8b 05 5c 2e 03 00 48
0x000000010a3652cd:   8b 38 48 8d 35 66 c9 02 00 48 8d 15 a6 d4 02 00
0x000000010a3652dd:   48 8d 0d b7 d2 02 00 41 b8 49 01 00 00 31 c0 e8
0x000000010a3652ed:   e3 64 02 00 48 8d 9d d0 fb ff ff 48 89 df be 80
0x000000010a3652fd:   00 00 00 e8 93 64 02 00 41 89 c7 48 89 df 89 c6
0x000000010a36530d:   e8 8c 64 02 00 49 89 c5 45 85 ff 7e 18 45 89 ff
0x000000010a36531d:   31 db 90 49 8b 7c dd 00 e8 72 66 02 00 48 ff c3
0x000000010a36532d:   49 39 df 75 ee 4c 89 ef e8 a6 64 02 00 49 8b 1c
0x000000010a36533d:   24 48 8b 3d 63 d0 03 00 e8 9e 65 02 00 49 89 c7
0x000000010a36534d:   48 8b 03 4c 8b a0 e8 01 00 00 4d 8b 76 10 48 8b
0x000000010a36535d:   3d 4e d0 03 00 48 8b 35 e7 ba 03 00 4c 8b 2d 00
0x000000010a36536d:   2e 03 00 41 ff d5 48 89 df 4c 89 f6 48 89 c2 31
0x000000010a36537d:   c0 41 ff d4 48 8b 35 60 c1 03 00 4c 89 ff 41 ff
0x000000010a36538d:   d5 48 8b 03 48 89 df ff 50 78 48 85 c0 74 42 49
0x000000010a36539d:   89 c6 48 8b 03 48 89 df ff 90 88 00 00 00 4c 8b
0x000000010a3653ad:   03 48 8d 05 d3 03 04 00 48 8b 30 48 8d 05 31 05
0x000000010a3653bd:   04 00 48 8b 50 50 48 89 df 4c 89 f1 31 c0 41 ff
0x000000010a3653cd:   90 68 04 00 00 48 8b 03 48 89 df ff 90 88 00 00
0x000000010a3653dd:   00 48 8b 05 3b 2d 03 00 48 8b 00 48 3b 45 d0 75
0x000000010a3653ed:   12 48 81 c4 08 04 00 00 5b 41 5c 41 5d 41 5e 41
0x000000010a3653fd:   5f 5d c3 e8 7b 63 02 00 66 66 2e 0f 1f 84 00 00
0x000000010a36540d:   00 00 00 55 48 89 e5 41 57 41 56 41 55 41 54 53
0x000000010a36541d:   48 81 ec 08 04 00 00 49 89 fe 48 8b 05 f2 2c 03
0x000000010a36542d:   00 48 8b 00 48 89 45 d0 4c 8d 25 44 03 04 00 49
0x000000010a36543d:   8b 1c 24 48 85 db 75 79 48 8b 05 dc 2c 03 00 48 



---------------  P R O C E S S  ---------------

VM state: not at safepoint (normal execution)

VM Mutex/Monitor currently owned by a thread: None

Heap address: 0x0000000780000000, size: 2048 MB, Compressed Oops mode: Zero based, Oop shift amount: 3

CDS archive(s) mapped at: [0x0000000129000000-0x0000000129ca4000-0x0000000129ca4000), size 13254656, SharedBaseAddress: 0x0000000129000000, ArchiveRelocationMode: 1.
Compressed class space mapped at: 0x000000012a000000-0x000000016a000000, reserved size: 1073741824
Narrow klass base: 0x0000000129000000, Narrow klass shift: 0, Narrow klass range: 0x100000000

GC Precious Log:
<Skipped>

Heap:
 garbage-first heap   total 133120K, used 10774K [0x0000000780000000, 0x0000000800000000)
  region size 1024K, 9 young (9216K), 2 survivors (2048K)
 Metaspace       used 9865K, committed 10112K, reserved 1114112K
  class space    used 1303K, committed 1408K, reserved 1048576K

Heap Regions: E=young(eden), S=young(survivor), O=old, HS=humongous(starts), HC=humongous(continues), CS=collection set, F=free, TAMS=top-at-mark-start, PB=parsable bottom
|   0|0x0000000780000000, 0x0000000780100000, 0x0000000780100000|100%| O|  |TAMS 0x0000000780000000| PB 0x0000000780000000| Untracked 
|   1|0x0000000780100000, 0x00000007801e06c8, 0x0000000780200000| 87%| O|  |TAMS 0x0000000780100000| PB 0x0000000780100000| Untracked 
|   2|0x0000000780200000, 0x0000000780200000, 0x0000000780300000|  0%| F|  |TAMS 0x0000000780200000| PB 0x0000000780200000| Untracked 
|   3|0x0000000780300000, 0x0000000780300000, 0x0000000780400000|  0%| F|  |TAMS 0x0000000780300000| PB 0x0000000780300000| Untracked 
|   4|0x0000000780400000, 0x0000000780400000, 0x0000000780500000|  0%| F|  |TAMS 0x0000000780400000| PB 0x0000000780400000| Untracked 
|   5|0x0000000780500000, 0x0000000780500000, 0x0000000780600000|  0%| F|  |TAMS 0x0000000780500000| PB 0x0000000780500000| Untracked 
|   6|0x0000000780600000, 0x0000000780600000, 0x0000000780700000|  0%| F|  |TAMS 0x0000000780600000| PB 0x0000000780600000| Untracked 
|   7|0x0000000780700000, 0x0000000780700000, 0x0000000780800000|  0%| F|  |TAMS 0x0000000780700000| PB 0x0000000780700000| Untracked 
|   8|0x0000000780800000, 0x0000000780800000, 0x0000000780900000|  0%| F|  |TAMS 0x0000000780800000| PB 0x0000000780800000| Untracked 
|   9|0x0000000780900000, 0x0000000780900000, 0x0000000780a00000|  0%| F|  |TAMS 0x0000000780900000| PB 0x0000000780900000| Untracked 
|  10|0x0000000780a00000, 0x0000000780a00000, 0x0000000780b00000|  0%| F|  |TAMS 0x0000000780a00000| PB 0x0000000780a00000| Untracked 
|  11|0x0000000780b00000, 0x0000000780b00000, 0x0000000780c00000|  0%| F|  |TAMS 0x0000000780b00000| PB 0x0000000780b00000| Untracked 
|  12|0x0000000780c00000, 0x0000000780c00000, 0x0000000780d00000|  0%| F|  |TAMS 0x0000000780c00000| PB 0x0000000780c00000| Untracked 
|  13|0x0000000780d00000, 0x0000000780d00000, 0x0000000780e00000|  0%| F|  |TAMS 0x0000000780d00000| PB 0x0000000780d00000| Untracked 
|  14|0x0000000780e00000, 0x0000000780e00000, 0x0000000780f00000|  0%| F|  |TAMS 0x0000000780e00000| PB 0x0000000780e00000| Untracked 
|  15|0x0000000780f00000, 0x0000000780f00000, 0x0000000781000000|  0%| F|  |TAMS 0x0000000780f00000| PB 0x0000000780f00000| Untracked 
|  16|0x0000000781000000, 0x0000000781000000, 0x0000000781100000|  0%| F|  |TAMS 0x0000000781000000| PB 0x0000000781000000| Untracked 
|  17|0x0000000781100000, 0x0000000781100000, 0x0000000781200000|  0%| F|  |TAMS 0x0000000781100000| PB 0x0000000781100000| Untracked 
|  18|0x0000000781200000, 0x0000000781200000, 0x0000000781300000|  0%| F|  |TAMS 0x0000000781200000| PB 0x0000000781200000| Untracked 
|  19|0x0000000781300000, 0x0000000781300000, 0x0000000781400000|  0%| F|  |TAMS 0x0000000781300000| PB 0x0000000781300000| Untracked 
|  20|0x0000000781400000, 0x0000000781400000, 0x0000000781500000|  0%| F|  |TAMS 0x0000000781400000| PB 0x0000000781400000| Untracked 
|  21|0x0000000781500000, 0x0000000781500000, 0x0000000781600000|  0%| F|  |TAMS 0x0000000781500000| PB 0x0000000781500000| Untracked 
|  22|0x0000000781600000, 0x0000000781600000, 0x0000000781700000|  0%| F|  |TAMS 0x0000000781600000| PB 0x0000000781600000| Untracked 
|  23|0x0000000781700000, 0x0000000781700000, 0x0000000781800000|  0%| F|  |TAMS 0x0000000781700000| PB 0x0000000781700000| Untracked 
|  24|0x0000000781800000, 0x0000000781800000, 0x0000000781900000|  0%| F|  |TAMS 0x0000000781800000| PB 0x0000000781800000| Untracked 
|  25|0x0000000781900000, 0x0000000781900000, 0x0000000781a00000|  0%| F|  |TAMS 0x0000000781900000| PB 0x0000000781900000| Untracked 
|  26|0x0000000781a00000, 0x0000000781a00000, 0x0000000781b00000|  0%| F|  |TAMS 0x0000000781a00000| PB 0x0000000781a00000| Untracked 
|  27|0x0000000781b00000, 0x0000000781b00000, 0x0000000781c00000|  0%| F|  |TAMS 0x0000000781b00000| PB 0x0000000781b00000| Untracked 
|  28|0x0000000781c00000, 0x0000000781c00000, 0x0000000781d00000|  0%| F|  |TAMS 0x0000000781c00000| PB 0x0000000781c00000| Untracked 
|  29|0x0000000781d00000, 0x0000000781d00000, 0x0000000781e00000|  0%| F|  |TAMS 0x0000000781d00000| PB 0x0000000781d00000| Untracked 
|  30|0x0000000781e00000, 0x0000000781e00000, 0x0000000781f00000|  0%| F|  |TAMS 0x0000000781e00000| PB 0x0000000781e00000| Untracked 
|  31|0x0000000781f00000, 0x0000000781f00000, 0x0000000782000000|  0%| F|  |TAMS 0x0000000781f00000| PB 0x0000000781f00000| Untracked 
|  32|0x0000000782000000, 0x0000000782000000, 0x0000000782100000|  0%| F|  |TAMS 0x0000000782000000| PB 0x0000000782000000| Untracked 
|  33|0x0000000782100000, 0x0000000782100000, 0x0000000782200000|  0%| F|  |TAMS 0x0000000782100000| PB 0x0000000782100000| Untracked 
|  34|0x0000000782200000, 0x0000000782200000, 0x0000000782300000|  0%| F|  |TAMS 0x0000000782200000| PB 0x0000000782200000| Untracked 
|  35|0x0000000782300000, 0x0000000782300000, 0x0000000782400000|  0%| F|  |TAMS 0x0000000782300000| PB 0x0000000782300000| Untracked 
|  36|0x0000000782400000, 0x0000000782400000, 0x0000000782500000|  0%| F|  |TAMS 0x0000000782400000| PB 0x0000000782400000| Untracked 
|  37|0x0000000782500000, 0x0000000782500000, 0x0000000782600000|  0%| F|  |TAMS 0x0000000782500000| PB 0x0000000782500000| Untracked 
|  38|0x0000000782600000, 0x0000000782600000, 0x0000000782700000|  0%| F|  |TAMS 0x0000000782600000| PB 0x0000000782600000| Untracked 
|  39|0x0000000782700000, 0x0000000782700000, 0x0000000782800000|  0%| F|  |TAMS 0x0000000782700000| PB 0x0000000782700000| Untracked 
|  40|0x0000000782800000, 0x0000000782800000, 0x0000000782900000|  0%| F|  |TAMS 0x0000000782800000| PB 0x0000000782800000| Untracked 
|  41|0x0000000782900000, 0x0000000782900000, 0x0000000782a00000|  0%| F|  |TAMS 0x0000000782900000| PB 0x0000000782900000| Untracked 
|  42|0x0000000782a00000, 0x0000000782a00000, 0x0000000782b00000|  0%| F|  |TAMS 0x0000000782a00000| PB 0x0000000782a00000| Untracked 
|  43|0x0000000782b00000, 0x0000000782b00000, 0x0000000782c00000|  0%| F|  |TAMS 0x0000000782b00000| PB 0x0000000782b00000| Untracked 
|  44|0x0000000782c00000, 0x0000000782c00000, 0x0000000782d00000|  0%| F|  |TAMS 0x0000000782c00000| PB 0x0000000782c00000| Untracked 
|  45|0x0000000782d00000, 0x0000000782d00000, 0x0000000782e00000|  0%| F|  |TAMS 0x0000000782d00000| PB 0x0000000782d00000| Untracked 
|  46|0x0000000782e00000, 0x0000000782e00000, 0x0000000782f00000|  0%| F|  |TAMS 0x0000000782e00000| PB 0x0000000782e00000| Untracked 
|  47|0x0000000782f00000, 0x0000000782f00000, 0x0000000783000000|  0%| F|  |TAMS 0x0000000782f00000| PB 0x0000000782f00000| Untracked 
|  48|0x0000000783000000, 0x0000000783000000, 0x0000000783100000|  0%| F|  |TAMS 0x0000000783000000| PB 0x0000000783000000| Untracked 
|  49|0x0000000783100000, 0x0000000783100000, 0x0000000783200000|  0%| F|  |TAMS 0x0000000783100000| PB 0x0000000783100000| Untracked 
|  50|0x0000000783200000, 0x0000000783200000, 0x0000000783300000|  0%| F|  |TAMS 0x0000000783200000| PB 0x0000000783200000| Untracked 
|  51|0x0000000783300000, 0x0000000783300000, 0x0000000783400000|  0%| F|  |TAMS 0x0000000783300000| PB 0x0000000783300000| Untracked 
|  52|0x0000000783400000, 0x0000000783400000, 0x0000000783500000|  0%| F|  |TAMS 0x0000000783400000| PB 0x0000000783400000| Untracked 
|  53|0x0000000783500000, 0x0000000783500000, 0x0000000783600000|  0%| F|  |TAMS 0x0000000783500000| PB 0x0000000783500000| Untracked 
|  54|0x0000000783600000, 0x0000000783600000, 0x0000000783700000|  0%| F|  |TAMS 0x0000000783600000| PB 0x0000000783600000| Untracked 
|  55|0x0000000783700000, 0x0000000783700000, 0x0000000783800000|  0%| F|  |TAMS 0x0000000783700000| PB 0x0000000783700000| Untracked 
|  56|0x0000000783800000, 0x0000000783800000, 0x0000000783900000|  0%| F|  |TAMS 0x0000000783800000| PB 0x0000000783800000| Untracked 
|  57|0x0000000783900000, 0x0000000783900000, 0x0000000783a00000|  0%| F|  |TAMS 0x0000000783900000| PB 0x0000000783900000| Untracked 
|  58|0x0000000783a00000, 0x0000000783a00000, 0x0000000783b00000|  0%| F|  |TAMS 0x0000000783a00000| PB 0x0000000783a00000| Untracked 
|  59|0x0000000783b00000, 0x0000000783b00000, 0x0000000783c00000|  0%| F|  |TAMS 0x0000000783b00000| PB 0x0000000783b00000| Untracked 
|  60|0x0000000783c00000, 0x0000000783c00000, 0x0000000783d00000|  0%| F|  |TAMS 0x0000000783c00000| PB 0x0000000783c00000| Untracked 
|  61|0x0000000783d00000, 0x0000000783d00000, 0x0000000783e00000|  0%| F|  |TAMS 0x0000000783d00000| PB 0x0000000783d00000| Untracked 
|  62|0x0000000783e00000, 0x0000000783e00000, 0x0000000783f00000|  0%| F|  |TAMS 0x0000000783e00000| PB 0x0000000783e00000| Untracked 
|  63|0x0000000783f00000, 0x0000000783f00000, 0x0000000784000000|  0%| F|  |TAMS 0x0000000783f00000| PB 0x0000000783f00000| Untracked 
|  64|0x0000000784000000, 0x0000000784000000, 0x0000000784100000|  0%| F|  |TAMS 0x0000000784000000| PB 0x0000000784000000| Untracked 
|  65|0x0000000784100000, 0x0000000784100000, 0x0000000784200000|  0%| F|  |TAMS 0x0000000784100000| PB 0x0000000784100000| Untracked 
|  66|0x0000000784200000, 0x0000000784200000, 0x0000000784300000|  0%| F|  |TAMS 0x0000000784200000| PB 0x0000000784200000| Untracked 
|  67|0x0000000784300000, 0x0000000784300000, 0x0000000784400000|  0%| F|  |TAMS 0x0000000784300000| PB 0x0000000784300000| Untracked 
|  68|0x0000000784400000, 0x0000000784400000, 0x0000000784500000|  0%| F|  |TAMS 0x0000000784400000| PB 0x0000000784400000| Untracked 
|  69|0x0000000784500000, 0x0000000784500000, 0x0000000784600000|  0%| F|  |TAMS 0x0000000784500000| PB 0x0000000784500000| Untracked 
|  70|0x0000000784600000, 0x0000000784600000, 0x0000000784700000|  0%| F|  |TAMS 0x0000000784600000| PB 0x0000000784600000| Untracked 
|  71|0x0000000784700000, 0x0000000784700000, 0x0000000784800000|  0%| F|  |TAMS 0x0000000784700000| PB 0x0000000784700000| Untracked 
|  72|0x0000000784800000, 0x0000000784800000, 0x0000000784900000|  0%| F|  |TAMS 0x0000000784800000| PB 0x0000000784800000| Untracked 
|  73|0x0000000784900000, 0x0000000784900000, 0x0000000784a00000|  0%| F|  |TAMS 0x0000000784900000| PB 0x0000000784900000| Untracked 
|  74|0x0000000784a00000, 0x0000000784a00000, 0x0000000784b00000|  0%| F|  |TAMS 0x0000000784a00000| PB 0x0000000784a00000| Untracked 
|  75|0x0000000784b00000, 0x0000000784b00000, 0x0000000784c00000|  0%| F|  |TAMS 0x0000000784b00000| PB 0x0000000784b00000| Untracked 
|  76|0x0000000784c00000, 0x0000000784c00000, 0x0000000784d00000|  0%| F|  |TAMS 0x0000000784c00000| PB 0x0000000784c00000| Untracked 
|  77|0x0000000784d00000, 0x0000000784d00000, 0x0000000784e00000|  0%| F|  |TAMS 0x0000000784d00000| PB 0x0000000784d00000| Untracked 
|  78|0x0000000784e00000, 0x0000000784e00000, 0x0000000784f00000|  0%| F|  |TAMS 0x0000000784e00000| PB 0x0000000784e00000| Untracked 
|  79|0x0000000784f00000, 0x0000000784f00000, 0x0000000785000000|  0%| F|  |TAMS 0x0000000784f00000| PB 0x0000000784f00000| Untracked 
|  80|0x0000000785000000, 0x0000000785000000, 0x0000000785100000|  0%| F|  |TAMS 0x0000000785000000| PB 0x0000000785000000| Untracked 
|  81|0x0000000785100000, 0x0000000785100000, 0x0000000785200000|  0%| F|  |TAMS 0x0000000785100000| PB 0x0000000785100000| Untracked 
|  82|0x0000000785200000, 0x0000000785200000, 0x0000000785300000|  0%| F|  |TAMS 0x0000000785200000| PB 0x0000000785200000| Untracked 
|  83|0x0000000785300000, 0x0000000785300000, 0x0000000785400000|  0%| F|  |TAMS 0x0000000785300000| PB 0x0000000785300000| Untracked 
|  84|0x0000000785400000, 0x0000000785400000, 0x0000000785500000|  0%| F|  |TAMS 0x0000000785400000| PB 0x0000000785400000| Untracked 
|  85|0x0000000785500000, 0x0000000785500000, 0x0000000785600000|  0%| F|  |TAMS 0x0000000785500000| PB 0x0000000785500000| Untracked 
|  86|0x0000000785600000, 0x0000000785600000, 0x0000000785700000|  0%| F|  |TAMS 0x0000000785600000| PB 0x0000000785600000| Untracked 
|  87|0x0000000785700000, 0x0000000785700000, 0x0000000785800000|  0%| F|  |TAMS 0x0000000785700000| PB 0x0000000785700000| Untracked 
|  88|0x0000000785800000, 0x0000000785800000, 0x0000000785900000|  0%| F|  |TAMS 0x0000000785800000| PB 0x0000000785800000| Untracked 
|  89|0x0000000785900000, 0x0000000785900000, 0x0000000785a00000|  0%| F|  |TAMS 0x0000000785900000| PB 0x0000000785900000| Untracked 
|  90|0x0000000785a00000, 0x0000000785a00000, 0x0000000785b00000|  0%| F|  |TAMS 0x0000000785a00000| PB 0x0000000785a00000| Untracked 
|  91|0x0000000785b00000, 0x0000000785b00000, 0x0000000785c00000|  0%| F|  |TAMS 0x0000000785b00000| PB 0x0000000785b00000| Untracked 
|  92|0x0000000785c00000, 0x0000000785c00000, 0x0000000785d00000|  0%| F|  |TAMS 0x0000000785c00000| PB 0x0000000785c00000| Untracked 
|  93|0x0000000785d00000, 0x0000000785d00000, 0x0000000785e00000|  0%| F|  |TAMS 0x0000000785d00000| PB 0x0000000785d00000| Untracked 
|  94|0x0000000785e00000, 0x0000000785e00000, 0x0000000785f00000|  0%| F|  |TAMS 0x0000000785e00000| PB 0x0000000785e00000| Untracked 
|  95|0x0000000785f00000, 0x0000000785f00000, 0x0000000786000000|  0%| F|  |TAMS 0x0000000785f00000| PB 0x0000000785f00000| Untracked 
|  96|0x0000000786000000, 0x0000000786000000, 0x0000000786100000|  0%| F|  |TAMS 0x0000000786000000| PB 0x0000000786000000| Untracked 
|  97|0x0000000786100000, 0x0000000786100000, 0x0000000786200000|  0%| F|  |TAMS 0x0000000786100000| PB 0x0000000786100000| Untracked 
|  98|0x0000000786200000, 0x0000000786200000, 0x0000000786300000|  0%| F|  |TAMS 0x0000000786200000| PB 0x0000000786200000| Untracked 
|  99|0x0000000786300000, 0x0000000786300000, 0x0000000786400000|  0%| F|  |TAMS 0x0000000786300000| PB 0x0000000786300000| Untracked 
| 100|0x0000000786400000, 0x0000000786400000, 0x0000000786500000|  0%| F|  |TAMS 0x0000000786400000| PB 0x0000000786400000| Untracked 
| 101|0x0000000786500000, 0x0000000786500000, 0x0000000786600000|  0%| F|  |TAMS 0x0000000786500000| PB 0x0000000786500000| Untracked 
| 102|0x0000000786600000, 0x0000000786600000, 0x0000000786700000|  0%| F|  |TAMS 0x0000000786600000| PB 0x0000000786600000| Untracked 
| 103|0x0000000786700000, 0x000000078675f808, 0x0000000786800000| 37%| S|CS|TAMS 0x0000000786700000| PB 0x0000000786700000| Complete 
| 104|0x0000000786800000, 0x0000000786900000, 0x0000000786900000|100%| S|CS|TAMS 0x0000000786800000| PB 0x0000000786800000| Complete 
| 105|0x0000000786900000, 0x0000000786900000, 0x0000000786a00000|  0%| F|  |TAMS 0x0000000786900000| PB 0x0000000786900000| Untracked 
| 106|0x0000000786a00000, 0x0000000786a00000, 0x0000000786b00000|  0%| F|  |TAMS 0x0000000786a00000| PB 0x0000000786a00000| Untracked 
| 107|0x0000000786b00000, 0x0000000786b00000, 0x0000000786c00000|  0%| F|  |TAMS 0x0000000786b00000| PB 0x0000000786b00000| Untracked 
| 108|0x0000000786c00000, 0x0000000786c00000, 0x0000000786d00000|  0%| F|  |TAMS 0x0000000786c00000| PB 0x0000000786c00000| Untracked 
| 109|0x0000000786d00000, 0x0000000786d00000, 0x0000000786e00000|  0%| F|  |TAMS 0x0000000786d00000| PB 0x0000000786d00000| Untracked 
| 110|0x0000000786e00000, 0x0000000786e00000, 0x0000000786f00000|  0%| F|  |TAMS 0x0000000786e00000| PB 0x0000000786e00000| Untracked 
| 111|0x0000000786f00000, 0x0000000786f00000, 0x0000000787000000|  0%| F|  |TAMS 0x0000000786f00000| PB 0x0000000786f00000| Untracked 
| 112|0x0000000787000000, 0x0000000787000000, 0x0000000787100000|  0%| F|  |TAMS 0x0000000787000000| PB 0x0000000787000000| Untracked 
| 113|0x0000000787100000, 0x0000000787100000, 0x0000000787200000|  0%| F|  |TAMS 0x0000000787100000| PB 0x0000000787100000| Untracked 
| 114|0x0000000787200000, 0x0000000787200000, 0x0000000787300000|  0%| F|  |TAMS 0x0000000787200000| PB 0x0000000787200000| Untracked 
| 115|0x0000000787300000, 0x0000000787300000, 0x0000000787400000|  0%| F|  |TAMS 0x0000000787300000| PB 0x0000000787300000| Untracked 
| 116|0x0000000787400000, 0x0000000787400000, 0x0000000787500000|  0%| F|  |TAMS 0x0000000787400000| PB 0x0000000787400000| Untracked 
| 117|0x0000000787500000, 0x0000000787500000, 0x0000000787600000|  0%| F|  |TAMS 0x0000000787500000| PB 0x0000000787500000| Untracked 
| 118|0x0000000787600000, 0x0000000787600000, 0x0000000787700000|  0%| F|  |TAMS 0x0000000787600000| PB 0x0000000787600000| Untracked 
| 119|0x0000000787700000, 0x0000000787700000, 0x0000000787800000|  0%| F|  |TAMS 0x0000000787700000| PB 0x0000000787700000| Untracked 
| 120|0x0000000787800000, 0x0000000787800000, 0x0000000787900000|  0%| F|  |TAMS 0x0000000787800000| PB 0x0000000787800000| Untracked 
| 121|0x0000000787900000, 0x00000007879428b0, 0x0000000787a00000| 25%| E|  |TAMS 0x0000000787900000| PB 0x0000000787900000| Complete 
| 122|0x0000000787a00000, 0x0000000787b00000, 0x0000000787b00000|100%| E|CS|TAMS 0x0000000787a00000| PB 0x0000000787a00000| Complete 
| 123|0x0000000787b00000, 0x0000000787c00000, 0x0000000787c00000|100%| E|CS|TAMS 0x0000000787b00000| PB 0x0000000787b00000| Complete 
| 124|0x0000000787c00000, 0x0000000787d00000, 0x0000000787d00000|100%| E|CS|TAMS 0x0000000787c00000| PB 0x0000000787c00000| Complete 
| 125|0x0000000787d00000, 0x0000000787e00000, 0x0000000787e00000|100%| E|CS|TAMS 0x0000000787d00000| PB 0x0000000787d00000| Complete 
| 126|0x0000000787e00000, 0x0000000787f00000, 0x0000000787f00000|100%| E|CS|TAMS 0x0000000787e00000| PB 0x0000000787e00000| Complete 
| 127|0x0000000787f00000, 0x0000000788000000, 0x0000000788000000|100%| E|CS|TAMS 0x0000000787f00000| PB 0x0000000787f00000| Complete 
|2046|0x00000007ffe00000, 0x00000007fff00000, 0x00000007fff00000|100%| O|  |TAMS 0x00000007ffe00000| PB 0x00000007ffe00000| Untracked 
|2047|0x00000007fff00000, 0x00000007fff033c0, 0x0000000800000000|  1%| O|  |TAMS 0x00000007fff00000| PB 0x00000007fff00000| Untracked 

Card table byte_map: [0x00000001099c8000,0x0000000109dc8000] _byte_map_base: 0x0000000105dc8000

Marking Bits: (CMBitMap*) 0x00007fdb94808210
 Bits: [0x000000010b7fe000, 0x000000010d7fe000)

Polling page: 0x00000001092f4000

Metaspace:

Usage:
  Non-class:      8.36 MB used.
      Class:      1.27 MB used.
       Both:      9.63 MB used.

Virtual space:
  Non-class space:       64.00 MB reserved,       8.50 MB ( 13%) committed,  1 nodes.
      Class space:        1.00 GB reserved,       1.38 MB ( <1%) committed,  1 nodes.
             Both:        1.06 GB reserved,       9.88 MB ( <1%) committed. 

Chunk freelists:
   Non-Class:  6.39 MB
       Class:  14.66 MB
        Both:  21.05 MB

MaxMetaspaceSize: unlimited
CompressedClassSpaceSize: 1.00 GB
Initial GC threshold: 21.00 MB
Current GC threshold: 21.00 MB
CDS: on
 - commit_granule_bytes: 65536.
 - commit_granule_words: 8192.
 - virtual_space_node_default_size: 8388608.
 - enlarge_chunks_in_place: 1.
 - use_allocation_guard: 0.


Internal statistics:

num_allocs_failed_limit: 0.
num_arena_births: 192.
num_arena_deaths: 0.
num_vsnodes_births: 2.
num_vsnodes_deaths: 0.
num_space_committed: 158.
num_space_uncommitted: 0.
num_chunks_returned_to_freelist: 0.
num_chunks_taken_from_freelist: 486.
num_chunk_merges: 0.
num_chunk_splits: 339.
num_chunks_enlarged: 252.
num_inconsistent_stats: 0.

CodeHeap 'non-profiled nmethods': size=120032Kb used=398Kb max_used=398Kb free=119633Kb
 bounds [0x00000001217d1000, 0x0000000121a41000, 0x0000000128d09000]
CodeHeap 'profiled nmethods': size=120028Kb used=1932Kb max_used=1932Kb free=118095Kb
 bounds [0x0000000119d09000, 0x0000000119f79000, 0x0000000121240000]
CodeHeap 'non-nmethods': size=5700Kb used=1628Kb max_used=1638Kb free=4071Kb
 bounds [0x0000000121240000, 0x00000001214b0000, 0x00000001217d1000]
 total_blobs=1902 nmethods=1199 adapters=609
 compilation: enabled
              stopped_count=0, restarted_count=0
 full_count=0

Compilation events (20 events):
Event: 7.292 Thread 0x00007fdb94812a00 nmethod 1183 0x0000000119edde90 code [0x0000000119ede0a0, 0x0000000119ede5f0]
Event: 7.292 Thread 0x00007fdb94812a00 1189       3       jdk.internal.org.objectweb.asm.Type::getDescriptor (93 bytes)
Event: 7.292 Thread 0x00007fdb94812a00 nmethod 1189 0x0000000119ede710 code [0x0000000119ede960, 0x0000000119edf050]
Event: 7.292 Thread 0x00007fdb94812a00 1190       3       jdk.internal.org.objectweb.asm.MethodWriter::visitAbstractType (8 bytes)
Event: 7.292 Thread 0x00007fdb94812a00 nmethod 1190 0x0000000119edf310 code [0x0000000119edf4a0, 0x0000000119edf5d8]
Event: 7.292 Thread 0x00007fdb94812a00 1181       3       java.lang.invoke.LambdaForm::forceInterpretation (14 bytes)
Event: 7.292 Thread 0x00007fdb94812a00 nmethod 1181 0x0000000119edf690 code [0x0000000119edf820, 0x0000000119edf980]
Event: 7.294 Thread 0x00007fdb94812a00 1192       3       jdk.internal.org.objectweb.asm.Frame::execute (2305 bytes)
Event: 7.295 Thread 0x00007fdb94089200 nmethod 1188 0x0000000121833f10 code [0x00000001218340a0, 0x0000000121834440]
Event: 7.300 Thread 0x00007fdb94812a00 nmethod 1192 0x0000000119edfa10 code [0x0000000119ee0840, 0x0000000119ee6e38]
Event: 7.300 Thread 0x00007fdb94812a00 1195       3       java.lang.invoke.LambdaFormEditor::getInCache (165 bytes)
Event: 7.301 Thread 0x00007fdb94812a00 nmethod 1195 0x0000000119ee8a90 code [0x0000000119ee8d00, 0x0000000119ee9bb8]
Event: 7.301 Thread 0x00007fdb94812a00 1193       3       java.lang.invoke.LambdaFormEditor$TransformKey::inRange (36 bytes)
Event: 7.301 Thread 0x00007fdb94812a00 nmethod 1193 0x0000000119ee9f90 code [0x0000000119eea120, 0x0000000119eea270]
Event: 7.301 Thread 0x00007fdb94812a00 1194       3       java.lang.invoke.LambdaFormEditor$TransformKey::<init> (15 bytes)
Event: 7.301 Thread 0x00007fdb94812a00 nmethod 1194 0x0000000119eea310 code [0x0000000119eea4a0, 0x0000000119eea630]
Event: 7.301 Thread 0x00007fdb94812a00 1191       3       java.lang.invoke.BoundMethodHandle$Species_L::<init> (12 bytes)
Event: 7.302 Thread 0x00007fdb94812a00 nmethod 1191 0x0000000119eea710 code [0x0000000119eea8c0, 0x0000000119eeaae8]
Event: 7.326 Thread 0x00007fdb94812a00 1198       3       java.lang.invoke.MethodType::dropParameterTypes (162 bytes)
Event: 7.327 Thread 0x00007fdb94812a00 nmethod 1198 0x0000000119eeac10 code [0x0000000119eeaf00, 0x0000000119eebde8]

GC Heap History (4 events):
Event: 0.776 GC heap before
{Heap before GC invocations=0 (full 0):
 garbage-first heap   total 133120K, used 13324K [0x0000000780000000, 0x0000000800000000)
  region size 1024K, 13 young (13312K), 0 survivors (0K)
 Metaspace       used 2554K, committed 2752K, reserved 1114112K
  class space    used 267K, committed 384K, reserved 1048576K
}
Event: 0.780 GC heap after
{Heap after GC invocations=1 (full 0):
 garbage-first heap   total 133120K, used 3019K [0x0000000780000000, 0x0000000800000000)
  region size 1024K, 2 young (2048K), 2 survivors (2048K)
 Metaspace       used 2554K, committed 2752K, reserved 1114112K
  class space    used 267K, committed 384K, reserved 1048576K
}
Event: 2.116 GC heap before
{Heap before GC invocations=1 (full 0):
 garbage-first heap   total 133120K, used 23499K [0x0000000780000000, 0x0000000800000000)
  region size 1024K, 23 young (23552K), 2 survivors (2048K)
 Metaspace       used 7474K, committed 7680K, reserved 1114112K
  class space    used 1024K, committed 1152K, reserved 1048576K
}
Event: 2.151 GC heap after
{Heap after GC invocations=2 (full 0):
 garbage-first heap   total 133120K, used 4364K [0x0000000780000000, 0x0000000800000000)
  region size 1024K, 2 young (2048K), 2 survivors (2048K)
 Metaspace       used 7474K, committed 7680K, reserved 1114112K
  class space    used 1024K, committed 1152K, reserved 1048576K
}

Dll operation events (14 events):
Event: 0.016 Loaded shared library /Users/Amin/Library/Java/JavaVirtualMachines/openjdk-21.0.2/Contents/Home/lib/libjava.dylib
Event: 0.158 Loaded shared library /Users/Amin/Library/Java/JavaVirtualMachines/openjdk-21.0.2/Contents/Home/lib/libnio.dylib
Event: 0.221 Loaded shared library /Users/Amin/Library/Java/JavaVirtualMachines/openjdk-21.0.2/Contents/Home/lib/libzip.dylib
Event: 0.468 Loaded shared library /Users/Amin/Library/Java/JavaVirtualMachines/openjdk-21.0.2/Contents/Home/lib/libzip.dylib
Event: 0.473 Loaded shared library /Users/Amin/Library/Java/JavaVirtualMachines/openjdk-21.0.2/Contents/Home/lib/libinstrument.dylib
Event: 0.510 Loaded shared library /Users/Amin/Library/Java/JavaVirtualMachines/openjdk-21.0.2/Contents/Home/lib/libnet.dylib
Event: 0.518 Loaded shared library /Users/Amin/Library/Java/JavaVirtualMachines/openjdk-21.0.2/Contents/Home/lib/libextnet.dylib
Event: 0.709 Loaded shared library /Users/Amin/Desktop/AM/Progmeth/javafx-sdk-21.0.2/lib/libprism_es2.dylib
Event: 0.830 Loaded shared library /Users/Amin/Desktop/AM/Progmeth/javafx-sdk-21.0.2/lib/libglass.dylib
Event: 1.782 Loaded shared library /Users/Amin/Library/Java/JavaVirtualMachines/openjdk-21.0.2/Contents/Home/lib/libjimage.dylib
Event: 1.803 Loaded shared library /Users/Amin/Desktop/AM/Progmeth/javafx-sdk-21.0.2/lib/libjavafx_font.dylib
Event: 7.221 Loaded shared library /Users/Amin/Library/Java/JavaVirtualMachines/openjdk-21.0.2/Contents/Home/lib/libawt.dylib
Event: 7.257 Loaded shared library /Users/Amin/Library/Java/JavaVirtualMachines/openjdk-21.0.2/Contents/Home/lib/libawt_lwawt.dylib
Event: 7.320 Loaded shared library /Users/Amin/Library/Java/JavaVirtualMachines/openjdk-21.0.2/Contents/Home/lib/libfontmanager.dylib

Deoptimization events (20 events):
Event: 2.180 Thread 0x00007fdb9416cc00 Uncommon trap: trap_request=0xffffffde fr.pc=0x000000012180b9e0 relative=0x00000000000001c0
Event: 2.180 Thread 0x00007fdb9416cc00 Uncommon trap: reason=class_check action=maybe_recompile pc=0x000000012180b9e0 method=java.lang.String.equals(Ljava/lang/Object;)Z @ 8 c2
Event: 2.180 Thread 0x00007fdb9416cc00 DEOPT PACKING pc=0x000000012180b9e0 sp=0x00007ff7b6d2d7d0
Event: 2.180 Thread 0x00007fdb9416cc00 DEOPT UNPACKING pc=0x0000000121293f99 sp=0x00007ff7b6d2d788 mode 2
Event: 2.180 Thread 0x00007fdb9416cc00 Uncommon trap: trap_request=0xffffffde fr.pc=0x000000012180b9e0 relative=0x00000000000001c0
Event: 2.180 Thread 0x00007fdb9416cc00 Uncommon trap: reason=class_check action=maybe_recompile pc=0x000000012180b9e0 method=java.lang.String.equals(Ljava/lang/Object;)Z @ 8 c2
Event: 2.180 Thread 0x00007fdb9416cc00 DEOPT PACKING pc=0x000000012180b9e0 sp=0x00007ff7b6d2d6e0
Event: 2.180 Thread 0x00007fdb9416cc00 DEOPT UNPACKING pc=0x0000000121293f99 sp=0x00007ff7b6d2d698 mode 2
Event: 2.180 Thread 0x00007fdb9416cc00 Uncommon trap: trap_request=0xffffffde fr.pc=0x000000012180b9e0 relative=0x00000000000001c0
Event: 2.180 Thread 0x00007fdb9416cc00 Uncommon trap: reason=class_check action=maybe_recompile pc=0x000000012180b9e0 method=java.lang.String.equals(Ljava/lang/Object;)Z @ 8 c2
Event: 2.180 Thread 0x00007fdb9416cc00 DEOPT PACKING pc=0x000000012180b9e0 sp=0x00007ff7b6d2d6e0
Event: 2.180 Thread 0x00007fdb9416cc00 DEOPT UNPACKING pc=0x0000000121293f99 sp=0x00007ff7b6d2d698 mode 2
Event: 7.280 Thread 0x00007fdb9300b400 Uncommon trap: trap_request=0xffffffc6 fr.pc=0x0000000121808b70 relative=0x0000000000000e10
Event: 7.280 Thread 0x00007fdb9300b400 Uncommon trap: reason=bimorphic_or_optimized_type_check action=maybe_recompile pc=0x0000000121808b70 method=java.util.stream.ReferencePipeline$3$1.accept(Ljava/lang/Object;)V @ 17 c2
Event: 7.280 Thread 0x00007fdb9300b400 DEOPT PACKING pc=0x0000000121808b70 sp=0x000070000fac3990
Event: 7.280 Thread 0x00007fdb9300b400 DEOPT UNPACKING pc=0x0000000121293f99 sp=0x000070000fac3968 mode 2
Event: 7.280 Thread 0x00007fdb9300b400 Uncommon trap: trap_request=0xffffffc6 fr.pc=0x0000000121808b70 relative=0x0000000000000e10
Event: 7.280 Thread 0x00007fdb9300b400 Uncommon trap: reason=bimorphic_or_optimized_type_check action=maybe_recompile pc=0x0000000121808b70 method=java.util.stream.ReferencePipeline$3$1.accept(Ljava/lang/Object;)V @ 17 c2
Event: 7.280 Thread 0x00007fdb9300b400 DEOPT PACKING pc=0x0000000121808b70 sp=0x000070000fac3990
Event: 7.280 Thread 0x00007fdb9300b400 DEOPT UNPACKING pc=0x0000000121293f99 sp=0x000070000fac3968 mode 2

Classes loaded (20 events):
Event: 7.325 Loading class sun/awt/AWTAccessor$InputEventAccessor done
Event: 7.325 Loading class java/awt/event/InputEvent$1 done
Event: 7.325 Loading class sun/lwawt/macosx/LWCToolkit$2
Event: 7.325 Loading class sun/lwawt/macosx/LWCToolkit$2 done
Event: 7.325 Loading class java/awt/Toolkit$DesktopPropertyChangeSupport
Event: 7.325 Loading class java/beans/PropertyChangeSupport
Event: 7.325 Loading class java/beans/PropertyChangeSupport done
Event: 7.325 Loading class java/awt/Toolkit$DesktopPropertyChangeSupport done
Event: 7.325 Loading class java/beans/PropertyChangeSupport$PropertyChangeListenerMap
Event: 7.325 Loading class java/beans/ChangeListenerMap
Event: 7.325 Loading class java/beans/ChangeListenerMap done
Event: 7.325 Loading class java/beans/PropertyChangeSupport$PropertyChangeListenerMap done
Event: 7.325 Loading class java/beans/PropertyChangeListener
Event: 7.325 Loading class java/beans/PropertyChangeListener done
Event: 7.325 Loading class sun/awt/SunToolkit$ModalityListenerList
Event: 7.325 Loading class sun/awt/ModalityListener
Event: 7.325 Loading class sun/awt/ModalityListener done
Event: 7.325 Loading class sun/awt/SunToolkit$ModalityListenerList done
Event: 7.326 Loading class sun/awt/util/ThreadGroupUtils
Event: 7.326 Loading class sun/awt/util/ThreadGroupUtils done

Classes unloaded (0 events):
No events

Classes redefined (0 events):
No events

Internal exceptions (20 events):
Event: 0.776 Thread 0x00007fdb9300b400 Exception <a 'java/lang/NoSuchMethodError'{0x00000007873fa950}: 'int java.lang.invoke.DirectMethodHandle$Holder.invokeStaticInit(java.lang.Object, java.lang.Object, java.lang.Object)'> (0x00000007873fa950) 
thrown [open/src/hotspot/share/interpreter/linkResolver.cpp, line 773]
Event: 1.223 Thread 0x00007fdb9416cc00 Exception <a 'java/lang/NoSuchMethodError'{0x0000000787b1fe98}: 'void java.lang.invoke.DirectMethodHandle$Holder.invokeStaticInit(java.lang.Object)'> (0x0000000787b1fe98) 
thrown [open/src/hotspot/share/interpreter/linkResolver.cpp, line 773]
Event: 1.230 Thread 0x00007fdb9300b400 Exception <a 'java/lang/NoSuchMethodError'{0x0000000787e086c0}: 'java.lang.Object java.lang.invoke.DirectMethodHandle$Holder.newInvokeSpecial(java.lang.Object, java.lang.Object, java.lang.Object, java.lang.Object, java.lang.Object, java.lang.Object)'> (0x0000000787e086c0) 
thrown [open/src/hotspot/share/interpreter/linkResolver.cpp, line 773]
Event: 1.414 Thread 0x00007fdb9300b400 Exception <a 'java/lang/NoSuchMethodError'{0x0000000787a296d0}: 'java.lang.Object java.lang.invoke.DirectMethodHandle$Holder.newInvokeSpecial(java.lang.Object, java.lang.Object, java.lang.Object, java.lang.Object, java.lang.Object)'> (0x0000000787a296d0) 
thrown [open/src/hotspot/share/interpreter/linkResolver.cpp, line 773]
Event: 1.697 Thread 0x00007fdb9416cc00 Exception <a 'java/lang/NoSuchMethodError'{0x0000000787653560}: 'java.lang.Object java.lang.invoke.DirectMethodHandle$Holder.invokeStaticInit(java.lang.Object, java.lang.Object, java.lang.Object, java.lang.Object)'> (0x0000000787653560) 
thrown [open/src/hotspot/share/interpreter/linkResolver.cpp, line 773]
Event: 1.698 Thread 0x00007fdb9416cc00 Exception <a 'java/lang/NullPointerException'{0x0000000787664358}> (0x0000000787664358) 
thrown [open/src/hotspot/share/interpreter/linkResolver.cpp, line 1372]
Event: 1.844 Thread 0x00007fdb9416cc00 Implicit null exception at 0x000000012180c8e6 to 0x000000012180c992
Event: 2.188 Thread 0x00007fdb9416cc00 Exception <a 'java/lang/NoSuchMethodError'{0x0000000787e78b80}: 'java.lang.Object java.lang.invoke.DirectMethodHandle$Holder.newInvokeSpecial(java.lang.Object, java.lang.Object, int)'> (0x0000000787e78b80) 
thrown [open/src/hotspot/share/interpreter/linkResolver.cpp, line 773]
Event: 2.318 Thread 0x00007fdb93028600 Exception <a 'java/lang/NoSuchMethodError'{0x0000000787d8eac0}: 'int java.lang.invoke.DirectMethodHandle$Holder.invokeStaticInit(java.lang.Object, java.lang.Object)'> (0x0000000787d8eac0) 
thrown [open/src/hotspot/share/interpreter/linkResolver.cpp, line 773]
Event: 3.293 Thread 0x00007fdb9416cc00 Exception <a 'java/lang/NoSuchMethodError'{0x0000000787b9b500}: 'java.lang.Object java.lang.invoke.DirectMethodHandle$Holder.newInvokeSpecial(java.lang.Object, java.lang.Object, int, int, int, int, int, java.lang.Object)'> (0x0000000787b9b500) 
thrown [open/src/hotspot/share/interpreter/linkResolver.cpp, line 773]
Event: 3.295 Thread 0x00007fdb9416cc00 Exception <a 'java/lang/NoSuchMethodError'{0x0000000787bad110}: 'java.lang.Object java.lang.invoke.DirectMethodHandle$Holder.newInvokeSpecial(java.lang.Object, java.lang.Object, java.lang.Object, int, int, int, int, int)'> (0x0000000787bad110) 
thrown [open/src/hotspot/share/interpreter/linkResolver.cpp, line 773]
Event: 3.296 Thread 0x00007fdb9416cc00 Exception <a 'java/lang/NoSuchMethodError'{0x0000000787bb4450}: 'java.lang.Object java.lang.invoke.Invokers$Holder.linkToTargetMethod(java.lang.Object, java.lang.Object, int, int, int, int, int, java.lang.Object)'> (0x0000000787bb4450) 
thrown [open/src/hotspot/share/interpreter/linkResolver.cpp, line 773]
Event: 3.302 Thread 0x00007fdb9416cc00 Exception <a 'java/lang/NoSuchMethodError'{0x0000000787a15fc0}: 'long java.lang.invoke.DirectMethodHandle$Holder.invokeStatic(java.lang.Object, java.lang.Object, java.lang.Object)'> (0x0000000787a15fc0) 
thrown [open/src/hotspot/share/interpreter/linkResolver.cpp, line 773]
Event: 3.302 Thread 0x00007fdb9416cc00 Exception <a 'java/lang/NoSuchMethodError'{0x0000000787a19390}: 'long java.lang.invoke.DirectMethodHandle$Holder.invokeStaticInit(java.lang.Object, java.lang.Object, java.lang.Object)'> (0x0000000787a19390) 
thrown [open/src/hotspot/share/interpreter/linkResolver.cpp, line 773]
Event: 3.305 Thread 0x00007fdb9416cc00 Exception <a 'java/lang/NoSuchMethodError'{0x0000000787a2da80}: 'java.lang.Object java.lang.invoke.DirectMethodHandle$Holder.newInvokeSpecial(java.lang.Object, java.lang.Object, long)'> (0x0000000787a2da80) 
thrown [open/src/hotspot/share/interpreter/linkResolver.cpp, line 773]
Event: 3.306 Thread 0x00007fdb9416cc00 Exception <a 'java/lang/NoSuchMethodError'{0x0000000787a310c8}: 'java.lang.Object java.lang.invoke.Invokers$Holder.linkToTargetMethod(java.lang.Object, long, java.lang.Object)'> (0x0000000787a310c8) 
thrown [open/src/hotspot/share/interpreter/linkResolver.cpp, line 773]
Event: 7.208 Thread 0x00007fdb9300b400 Exception <a 'java/lang/ClassNotFoundException'{0x0000000787aeaa70}: sun/awt/resources/spi/awtProvider> (0x0000000787aeaa70) 
thrown [open/src/hotspot/share/classfile/systemDictionary.cpp, line 312]
Event: 7.265 Thread 0x00007fdb9300b400 Exception <a 'java/io/FileNotFoundException'{0x0000000787af2278}> (0x0000000787af2278) 
thrown [open/src/hotspot/share/prims/jni.cpp, line 520]
Event: 7.266 Thread 0x00007fdb9300b400 Exception <a 'java/io/FileNotFoundException'{0x0000000787af3788}> (0x0000000787af3788) 
thrown [open/src/hotspot/share/prims/jni.cpp, line 520]
Event: 7.303 Thread 0x00007fdb9300b400 Exception <a 'java/lang/ClassNotFoundException'{0x0000000787930a78}: sun/awt/resources/spi/awtosxProvider> (0x0000000787930a78) 
thrown [open/src/hotspot/share/classfile/systemDictionary.cpp, line 312]

ZGC Phase Switch (0 events):
No events

VM Operations (20 events):
Event: 0.448 Executing VM operation: HandshakeAllThreads (Deoptimize)
Event: 0.448 Executing VM operation: HandshakeAllThreads (Deoptimize) done
Event: 0.776 Executing VM operation: G1CollectForAllocation (G1 Evacuation Pause)
Event: 0.780 Executing VM operation: G1CollectForAllocation (G1 Evacuation Pause) done
Event: 1.783 Executing VM operation: Cleanup
Event: 1.783 Executing VM operation: Cleanup done
Event: 2.116 Executing VM operation: G1CollectForAllocation (G1 Evacuation Pause)
Event: 2.151 Executing VM operation: G1CollectForAllocation (G1 Evacuation Pause) done
Event: 2.335 Executing VM operation: HandshakeAllThreads (Deoptimize)
Event: 2.335 Executing VM operation: HandshakeAllThreads (Deoptimize) done
Event: 3.339 Executing VM operation: Cleanup
Event: 3.339 Executing VM operation: Cleanup done
Event: 4.339 Executing VM operation: Cleanup
Event: 4.339 Executing VM operation: Cleanup done
Event: 5.341 Executing VM operation: Cleanup
Event: 5.341 Executing VM operation: Cleanup done
Event: 7.279 Executing VM operation: HandshakeAllThreads (Deoptimize)
Event: 7.279 Executing VM operation: HandshakeAllThreads (Deoptimize) done
Event: 7.279 Executing VM operation: Cleanup
Event: 7.279 Executing VM operation: Cleanup done

Events (20 events):
Event: 1.486 Protecting memory [0x0000700011190000,0x0000700011194000] with protection modes 3
Event: 1.486 Thread 0x00007fdb9492e000 Thread exited: 0x00007fdb9492e000
Event: 1.995 Protecting memory [0x000070001151f000,0x0000700011523000] with protection modes 0
Event: 1.995 Thread 0x00007fdb948f8c00 Thread added: 0x00007fdb948f8c00
Event: 2.549 Protecting memory [0x000070001151f000,0x0000700011523000] with protection modes 3
Event: 2.549 Thread 0x00007fdb948f8c00 Thread exited: 0x00007fdb948f8c00
Event: 3.300 Protecting memory [0x000070001151f000,0x0000700011523000] with protection modes 0
Event: 3.300 Thread 0x00007fdb941dba00 Thread added: 0x00007fdb941dba00
Event: 3.666 Protecting memory [0x000070001151f000,0x0000700011523000] with protection modes 3
Event: 3.666 Thread 0x00007fdb941dba00 Thread exited: 0x00007fdb941dba00
Event: 3.916 Protecting memory [0x000070001151f000,0x0000700011523000] with protection modes 0
Event: 3.916 Thread 0x00007fdb948f8c00 Thread added: 0x00007fdb948f8c00
Event: 5.382 Protecting memory [0x000070001151f000,0x0000700011523000] with protection modes 3
Event: 5.382 Thread 0x00007fdb948f8c00 Thread exited: 0x00007fdb948f8c00
Event: 7.200 Protecting memory [0x0000700011399000,0x000070001139d000] with protection modes 3
Event: 7.200 Thread 0x00007fdb94186a00 Thread exited: 0x00007fdb94186a00
Event: 7.200 Protecting memory [0x0000700010d84000,0x0000700010d88000] with protection modes 3
Event: 7.200 Thread 0x00007fdb93028600 Thread exited: 0x00007fdb93028600
Event: 7.200 Protecting memory [0x00007ff7b6533000,0x00007ff7b6537000] with protection modes 3
Event: 7.200 Thread 0x00007fdb9416cc00 Thread exited: 0x00007fdb9416cc00


Dynamic libraries:
0x00000001092f6000 	/Users/Amin/Library/Java/JavaVirtualMachines/openjdk-21.0.2/Contents/Home/lib/libjli.dylib
0x00007ff81cc0d000 	/usr/lib/libz.1.dylib
0x00007ff81cced000 	/usr/lib/libSystem.B.dylib
0x00007ff81cce8000 	/usr/lib/system/libcache.dylib
0x00007ff81cca4000 	/usr/lib/system/libcommonCrypto.dylib
0x00007ff81cccd000 	/usr/lib/system/libcompiler_rt.dylib
0x00007ff81ccc3000 	/usr/lib/system/libcopyfile.dylib
0x00007ff811c7c000 	/usr/lib/system/libcorecrypto.dylib
0x00007ff811d3a000 	/usr/lib/system/libdispatch.dylib
0x00007ff811efb000 	/usr/lib/system/libdyld.dylib
0x00007ff81ccdf000 	/usr/lib/system/libkeymgr.dylib
0x00007ff81cc82000 	/usr/lib/system/libmacho.dylib
0x00007ff81c303000 	/usr/lib/system/libquarantine.dylib
0x00007ff81ccdd000 	/usr/lib/system/libremovefile.dylib
0x00007ff816e8f000 	/usr/lib/system/libsystem_asl.dylib
0x00007ff811c25000 	/usr/lib/system/libsystem_blocks.dylib
0x00007ff811dbf000 	/usr/lib/system/libsystem_c.dylib
0x00007ff81ccd5000 	/usr/lib/system/libsystem_collections.dylib
0x00007ff81b5b7000 	/usr/lib/system/libsystem_configuration.dylib
0x00007ff81a861000 	/usr/lib/system/libsystem_containermanager.dylib
0x00007ff81c9ba000 	/usr/lib/system/libsystem_coreservices.dylib
0x00007ff814532000 	/usr/lib/system/libsystem_darwin.dylib
0x00007ff81cce0000 	/usr/lib/system/libsystem_dnssd.dylib
0x00007ff811dbc000 	/usr/lib/system/libsystem_featureflags.dylib
0x00007ff811f11000 	/usr/lib/system/libsystem_info.dylib
0x00007ff81cc20000 	/usr/lib/system/libsystem_m.dylib
0x00007ff811d0e000 	/usr/lib/system/libsystem_malloc.dylib
0x00007ff816e2a000 	/usr/lib/system/libsystem_networkextension.dylib
0x00007ff814958000 	/usr/lib/system/libsystem_notify.dylib
0x00007ff822f61000 	/usr/lib/system/libsystem_product_info_filter.dylib
0x00007ff81b5bb000 	/usr/lib/system/libsystem_sandbox.dylib
0x00007ff81ccda000 	/usr/lib/system/libsystem_secinit.dylib
0x00007ff811eb7000 	/usr/lib/system/libsystem_kernel.dylib
0x00007ff811f07000 	/usr/lib/system/libsystem_platform.dylib
0x00007ff811eef000 	/usr/lib/system/libsystem_pthread.dylib
0x00007ff8186dd000 	/usr/lib/system/libsystem_symptoms.dylib
0x00007ff811c63000 	/usr/lib/system/libsystem_trace.dylib
0x00007ff81ccb0000 	/usr/lib/system/libunwind.dylib
0x00007ff811c27000 	/usr/lib/system/libxpc.dylib
0x00007ff811ea1000 	/usr/lib/libc++abi.dylib
0x00007ff811d81000 	/usr/lib/libobjc.A.dylib
0x00007ff81ccbb000 	/usr/lib/liboah.dylib
0x00007ff811e48000 	/usr/lib/libc++.1.dylib
0x00007ff828d6e000 	/System/Library/Frameworks/Cocoa.framework/Versions/A/Cocoa
0x00007ff8149b6000 	/System/Library/Frameworks/AppKit.framework/Versions/C/AppKit
0x00007ff817ecb000 	/System/Library/Frameworks/CoreData.framework/Versions/A/CoreData
0x00007ff812db9000 	/System/Library/Frameworks/Foundation.framework/Versions/C/Foundation
0x00007ff815846000 	/System/Library/PrivateFrameworks/UIFoundation.framework/Versions/A/UIFoundation
0x00007ff822c64000 	/System/Library/PrivateFrameworks/RemoteViewServices.framework/Versions/A/RemoteViewServices
0x00007ff81af41000 	/System/Library/PrivateFrameworks/XCTTargetBootstrap.framework/Versions/A/XCTTargetBootstrap
0x00007ff81eafa000 	/System/Library/PrivateFrameworks/InternationalSupport.framework/Versions/A/InternationalSupport
0x00007ff81eb84000 	/System/Library/PrivateFrameworks/UserActivity.framework/Versions/A/UserActivity
0x00007ff81ded6000 	/usr/lib/libspindump.dylib
0x00007ff815ad5000 	/System/Library/Frameworks/UniformTypeIdentifiers.framework/Versions/A/UniformTypeIdentifiers
0x00007ff819666000 	/usr/lib/libapp_launch_measurement.dylib
0x00007ff81889d000 	/System/Library/PrivateFrameworks/CoreAnalytics.framework/Versions/A/CoreAnalytics
0x00007ff819669000 	/System/Library/PrivateFrameworks/CoreAutoLayout.framework/Versions/A/CoreAutoLayout
0x00007ff81a899000 	/System/Library/Frameworks/Metal.framework/Versions/A/Metal
0x00007ff81b5c7000 	/usr/lib/liblangid.dylib
0x00007ff81af46000 	/System/Library/PrivateFrameworks/CoreSVG.framework/Versions/A/CoreSVG
0x00007ff816ebf000 	/System/Library/PrivateFrameworks/SkyLight.framework/Versions/A/SkyLight
0x00007ff81725e000 	/System/Library/Frameworks/CoreGraphics.framework/Versions/A/CoreGraphics
0x00007ff823324000 	/System/Library/Frameworks/Accelerate.framework/Versions/A/Accelerate
0x00007ff81d955000 	/System/Library/PrivateFrameworks/IconServices.framework/Versions/A/IconServices
0x00007ff81a87e000 	/System/Library/Frameworks/IOSurface.framework/Versions/A/IOSurface
0x00007ff8188cb000 	/usr/lib/libDiagnosticMessagesClient.dylib
0x00007ff826a12000 	/System/Library/Frameworks/ApplicationServices.framework/Versions/A/ApplicationServices
0x00007ff81af2d000 	/System/Library/PrivateFrameworks/DFRFoundation.framework/Versions/A/DFRFoundation
0x00007ff81429e000 	/usr/lib/libicucore.A.dylib
0x00007ff81f8f0000 	/System/Library/Frameworks/AudioToolbox.framework/Versions/A/AudioToolbox
0x00007ff81eb06000 	/System/Library/PrivateFrameworks/DataDetectorsCore.framework/Versions/A/DataDetectorsCore
0x00007ff91b006000 	/System/Library/PrivateFrameworks/TextInput.framework/Versions/A/TextInput
0x00007ff816e42000 	/usr/lib/libMobileGestalt.dylib
0x00007ff81ac39000 	/System/Library/Frameworks/Carbon.framework/Versions/A/Frameworks/HIToolbox.framework/Versions/A/HIToolbox
0x00007ff819068000 	/System/Library/Frameworks/QuartzCore.framework/Versions/A/QuartzCore
0x00007ff813f43000 	/System/Library/Frameworks/Security.framework/Versions/A/Security
0x00007ff822c9c000 	/System/Library/Frameworks/Carbon.framework/Versions/A/Frameworks/SpeechRecognition.framework/Versions/A/SpeechRecognition
0x00007ff8193c6000 	/System/Library/PrivateFrameworks/CoreUI.framework/Versions/A/CoreUI
0x00007ff81380d000 	/System/Library/Frameworks/CoreAudio.framework/Versions/A/CoreAudio
0x00007ff8189ba000 	/System/Library/Frameworks/DiskArbitration.framework/Versions/A/DiskArbitration
0x00007ff81e2c6000 	/System/Library/PrivateFrameworks/MultitouchSupport.framework/Versions/A/MultitouchSupport
0x00007ff816e41000 	/usr/lib/libenergytrace.dylib
0x00007ff8148a2000 	/System/Library/Frameworks/IOKit.framework/Versions/A/IOKit
0x00007ff82308c000 	/System/Library/Frameworks/CoreServices.framework/Versions/A/CoreServices
0x00007ff819600000 	/System/Library/PrivateFrameworks/PerformanceAnalysis.framework/Versions/A/PerformanceAnalysis
0x00007ffa2acdf000 	/System/Library/Frameworks/OpenGL.framework/Versions/A/OpenGL
0x00007ff81c229000 	/System/Library/PrivateFrameworks/MobileKeyBag.framework/Versions/A/MobileKeyBag
0x00007ff81792a000 	/System/Library/Frameworks/ColorSync.framework/Versions/A/ColorSync
0x00007ff811f3c000 	/System/Library/Frameworks/CoreFoundation.framework/Versions/A/CoreFoundation
0x00007ff81b1bd000 	/System/Library/Frameworks/CoreImage.framework/Versions/A/CoreImage
0x00007ff813621000 	/System/Library/Frameworks/CoreText.framework/Versions/A/CoreText
0x00007ff81af76000 	/System/Library/Frameworks/ImageIO.framework/Versions/A/ImageIO
0x00007ff81ccf3000 	/System/Library/PrivateFrameworks/SoftLinking.framework/Versions/A/SoftLinking
0x00007ff8196b1000 	/usr/lib/libxml2.2.dylib
0x00007ff81cf78000 	/usr/lib/libcompression.dylib
0x00007ff81ea2d000 	/System/Library/PrivateFrameworks/TextureIO.framework/Versions/A/TextureIO
0x00007ff81d666000 	/usr/lib/libate.dylib
0x00007ff81d442000 	/usr/lib/liblzma.5.dylib
0x00007ff812acb000 	/System/Library/Frameworks/SystemConfiguration.framework/Versions/A/SystemConfiguration
0x00007ff81ccef000 	/usr/lib/libfakelink.dylib
0x00007ff81699c000 	/System/Library/Frameworks/CFNetwork.framework/Versions/A/CFNetwork
0x00007ff81ce30000 	/usr/lib/libarchive.2.dylib
0x00007ff81b5c3000 	/System/Library/PrivateFrameworks/AppleSystemInfo.framework/Versions/A/AppleSystemInfo
0x00007ff81c32a000 	/usr/lib/libbsm.0.dylib
0x00007ff815fab000 	/usr/lib/libnetwork.dylib
0x00007ff81cc88000 	/usr/lib/system/libkxld.dylib
0x00007ff81bf5d000 	/System/Library/PrivateFrameworks/IOMobileFramebuffer.framework/Versions/A/IOMobileFramebuffer
0x00007ffb2a6c0000 	/usr/lib/libCoreEntitlements.dylib
0x00007ff81c99c000 	/System/Library/PrivateFrameworks/AppleFSCompression.framework/Versions/A/AppleFSCompression
0x00007ff81c312000 	/usr/lib/libcoretls.dylib
0x00007ff81d45c000 	/usr/lib/libcoretls_cfhelpers.dylib
0x00007ff81cf72000 	/usr/lib/libpam.2.dylib
0x00007ff8182fc000 	/usr/lib/libsqlite3.dylib
0x00007ff81d4cb000 	/usr/lib/libxar.1.dylib
0x00007ff81c9ac000 	/usr/lib/libbz2.1.0.dylib
0x00007ff81ccf4000 	/usr/lib/libpcap.A.dylib
0x00007ff8186d5000 	/usr/lib/libdns_services.dylib
0x00007ff81cf42000 	/usr/lib/libapple_nghttp2.dylib
0x00007ff81cd2e000 	/usr/lib/libiconv.2.dylib
0x00007ff81cc81000 	/usr/lib/libcharset.1.dylib
0x00007ff819634000 	/System/Library/Frameworks/CoreServices.framework/Versions/A/Frameworks/FSEvents.framework/Versions/A/FSEvents
0x00007ff81453c000 	/System/Library/Frameworks/CoreServices.framework/Versions/A/Frameworks/CarbonCore.framework/Versions/A/CarbonCore
0x00007ff81891e000 	/System/Library/Frameworks/CoreServices.framework/Versions/A/Frameworks/Metadata.framework/Versions/A/Metadata
0x00007ff81c9bf000 	/System/Library/Frameworks/CoreServices.framework/Versions/A/Frameworks/OSServices.framework/Versions/A/OSServices
0x00007ff81ceb7000 	/System/Library/Frameworks/CoreServices.framework/Versions/A/Frameworks/SearchKit.framework/Versions/A/SearchKit
0x00007ff818667000 	/System/Library/Frameworks/CoreServices.framework/Versions/A/Frameworks/AE.framework/Versions/A/AE
0x00007ff81243f000 	/System/Library/Frameworks/CoreServices.framework/Versions/A/Frameworks/LaunchServices.framework/Versions/A/LaunchServices
0x00007ff81d3f3000 	/System/Library/Frameworks/CoreServices.framework/Versions/A/Frameworks/DictionaryServices.framework/Versions/A/DictionaryServices
0x00007ff819641000 	/System/Library/Frameworks/CoreServices.framework/Versions/A/Frameworks/SharedFileList.framework/Versions/A/SharedFileList
0x00007ff81c306000 	/usr/lib/libCheckFix.dylib
0x00007ff816ea6000 	/System/Library/PrivateFrameworks/TCC.framework/Versions/A/TCC
0x00007ff81b5c9000 	/System/Library/PrivateFrameworks/CoreNLP.framework/Versions/A/CoreNLP
0x00007ff8188ce000 	/System/Library/PrivateFrameworks/MetadataUtilities.framework/Versions/A/MetadataUtilities
0x00007ff812b7c000 	/usr/lib/libmecabra.dylib
0x00007ff81c33a000 	/usr/lib/libmecab.dylib
0x00007ff812b47000 	/usr/lib/libCRFSuite.dylib
0x00007ff81c394000 	/usr/lib/libgermantok.dylib
0x00007ff81cf1d000 	/usr/lib/libThaiTokenizer.dylib
0x00007ff8189c1000 	/System/Library/Frameworks/Accelerate.framework/Versions/A/Frameworks/vImage.framework/Versions/A/vImage
0x00007ff823063000 	/System/Library/Frameworks/Accelerate.framework/Versions/A/Frameworks/vecLib.framework/Versions/A/vecLib
0x00007ff81d50c000 	/System/Library/Frameworks/Accelerate.framework/Versions/A/Frameworks/vecLib.framework/Versions/A/libvMisc.dylib
0x00007ff81bd88000 	/System/Library/Frameworks/Accelerate.framework/Versions/A/Frameworks/vecLib.framework/Versions/A/libvDSP.dylib
0x00007ff8127bb000 	/System/Library/Frameworks/Accelerate.framework/Versions/A/Frameworks/vecLib.framework/Versions/A/libBLAS.dylib
0x00007ff81d055000 	/System/Library/Frameworks/Accelerate.framework/Versions/A/Frameworks/vecLib.framework/Versions/A/libLAPACK.dylib
0x00007ff81c397000 	/System/Library/Frameworks/Accelerate.framework/Versions/A/Frameworks/vecLib.framework/Versions/A/libLinearAlgebra.dylib
0x00007ff81cf5a000 	/System/Library/Frameworks/Accelerate.framework/Versions/A/Frameworks/vecLib.framework/Versions/A/libSparseBLAS.dylib
0x00007ff81d04f000 	/System/Library/Frameworks/Accelerate.framework/Versions/A/Frameworks/vecLib.framework/Versions/A/libQuadrature.dylib
0x00007ff81b6b4000 	/System/Library/Frameworks/Accelerate.framework/Versions/A/Frameworks/vecLib.framework/Versions/A/libBNNS.dylib
0x00007ff812a55000 	/System/Library/Frameworks/Accelerate.framework/Versions/A/Frameworks/vecLib.framework/Versions/A/libSparse.dylib
0x00007ff81b6ad000 	/System/Library/PrivateFrameworks/LinguisticData.framework/Versions/A/LinguisticData
0x00007ff812a0b000 	/System/Library/PrivateFrameworks/Lexicon.framework/Versions/A/Lexicon
0x00007ff81d505000 	/usr/lib/libChineseTokenizer.dylib
0x00007ff813176000 	/System/Library/PrivateFrameworks/LanguageModeling.framework/Versions/A/LanguageModeling
0x00007ff81cf1f000 	/System/Library/PrivateFrameworks/AppleSauce.framework/Versions/A/AppleSauce
0x00007ff81bf4b000 	/System/Library/PrivateFrameworks/CoreEmoji.framework/Versions/A/CoreEmoji
0x00007ff81ce1f000 	/usr/lib/libcmph.dylib
0x00007ff819618000 	/System/Library/Frameworks/OpenDirectory.framework/Versions/A/Frameworks/CFOpenDirectory.framework/Versions/A/CFOpenDirectory
0x00007ff81960c000 	/System/Library/Frameworks/OpenDirectory.framework/Versions/A/OpenDirectory
0x00007ff81d45e000 	/System/Library/PrivateFrameworks/APFS.framework/Versions/A/APFS
0x00007ff81c261000 	/System/Library/Frameworks/SecurityFoundation.framework/Versions/A/SecurityFoundation
0x00007ff81d4d9000 	/usr/lib/libutil.dylib
0x00007ff814866000 	/System/Library/PrivateFrameworks/CoreServicesStore.framework/Versions/A/CoreServicesStore
0x00007ff81d4dd000 	/usr/lib/libxslt.1.dylib
0x00007ff81c2ee000 	/System/Library/PrivateFrameworks/BackgroundTaskManagement.framework/Versions/A/BackgroundTaskManagement
0x00007ff81e94d000 	/System/Library/Frameworks/ImageIO.framework/Versions/A/Resources/libRadiance.dylib
0x00007ff81e956000 	/System/Library/Frameworks/ImageIO.framework/Versions/A/Resources/libJPEG.dylib
0x00007ff81e8a5000 	/System/Library/Frameworks/ImageIO.framework/Versions/A/Resources/libPng.dylib
0x00007ff81e8c6000 	/System/Library/Frameworks/ImageIO.framework/Versions/A/Resources/libTIFF.dylib
0x00007ff81e9b6000 	/System/Library/Frameworks/ImageIO.framework/Versions/A/Resources/libGIF.dylib
0x00007ff81e1e0000 	/System/Library/Frameworks/ImageIO.framework/Versions/A/Resources/libJP2.dylib
0x00007ff81d91b000 	/usr/lib/libexpat.1.dylib
0x00007ff81e195000 	/System/Library/PrivateFrameworks/AppleJPEG.framework/Versions/A/AppleJPEG
0x00007ff81aafe000 	/System/Library/PrivateFrameworks/FontServices.framework/libFontParser.dylib
0x00007ff818611000 	/System/Library/PrivateFrameworks/RunningBoardServices.framework/Versions/A/RunningBoardServices
0x00007ff829329000 	/System/Library/PrivateFrameworks/IOSurfaceAccelerator.framework/Versions/A/IOSurfaceAccelerator
0x00007ff81e2c2000 	/System/Library/PrivateFrameworks/WatchdogClient.framework/Versions/A/WatchdogClient
0x00007ff813264000 	/System/Library/Frameworks/CoreDisplay.framework/Versions/A/CoreDisplay
0x00007ff81a9fc000 	/System/Library/Frameworks/CoreMedia.framework/Versions/A/CoreMedia
0x00007ff81a890000 	/System/Library/PrivateFrameworks/IOAccelerator.framework/Versions/A/IOAccelerator
0x00007ff819795000 	/System/Library/Frameworks/CoreVideo.framework/Versions/A/CoreVideo
0x00007ff81cf70000 	/System/Library/Frameworks/MetalPerformanceShaders.framework/Versions/A/MetalPerformanceShaders
0x00007ff81e2ff000 	/System/Library/Frameworks/VideoToolbox.framework/Versions/A/VideoToolbox
0x00007ff81855b000 	/System/Library/PrivateFrameworks/BaseBoard.framework/Versions/A/BaseBoard
0x00007ff8182e2000 	/System/Library/PrivateFrameworks/ProtocolBuffer.framework/Versions/A/ProtocolBuffer
0x00007ff81e946000 	/System/Library/PrivateFrameworks/GPUWrangler.framework/Versions/A/GPUWrangler
0x00007ff81e92a000 	/System/Library/PrivateFrameworks/IOPresentment.framework/Versions/A/IOPresentment
0x00007ff81e950000 	/System/Library/PrivateFrameworks/DSExternalDisplay.framework/Versions/A/DSExternalDisplay
0x00007ffa2acd3000 	/System/Library/Frameworks/OpenGL.framework/Versions/A/Libraries/libCoreFSCache.dylib
0x00007ffb17dab000 	/System/Library/PrivateFrameworks/GPUCompiler.framework/Versions/31001/Libraries/libGPUCompilerUtils.dylib
0x00007ff81e9bb000 	/System/Library/PrivateFrameworks/CMCaptureCore.framework/Versions/A/CMCaptureCore
0x00007ff81dec4000 	/System/Library/PrivateFrameworks/AppServerSupport.framework/Versions/A/AppServerSupport
0x00007ff820189000 	/System/Library/PrivateFrameworks/perfdata.framework/Versions/A/perfdata
0x00007ff813390000 	/System/Library/PrivateFrameworks/AudioToolboxCore.framework/Versions/A/AudioToolboxCore
0x00007ff81a9da000 	/System/Library/PrivateFrameworks/caulk.framework/Versions/A/caulk
0x00007ff81fa9b000 	/usr/lib/libAudioStatistics.dylib
0x00007ff917790000 	/System/Library/PrivateFrameworks/SystemPolicy.framework/Versions/A/SystemPolicy
0x00007ff81fcf6000 	/usr/lib/libSMC.dylib
0x00007ff828c21000 	/System/Library/Frameworks/CoreMIDI.framework/Versions/A/CoreMIDI
0x00007ff81e874000 	/usr/lib/libAudioToolboxUtility.dylib
0x00007ff9139b8000 	/System/Library/PrivateFrameworks/OSAServicesClient.framework/Versions/A/OSAServicesClient
0x00007ff820196000 	/usr/lib/libperfcheck.dylib
0x00007ff918241000 	/usr/lib/libmis.dylib
0x00007ffa2ad2e000 	/System/Library/Frameworks/OpenGL.framework/Versions/A/Libraries/libGLU.dylib
0x00007ffa2acf2000 	/System/Library/Frameworks/OpenGL.framework/Versions/A/Libraries/libGFXShared.dylib
0x00007ffa2aefb000 	/System/Library/Frameworks/OpenGL.framework/Versions/A/Libraries/libGL.dylib
0x00007ffa2acfb000 	/System/Library/Frameworks/OpenGL.framework/Versions/A/Libraries/libGLImage.dylib
0x00007ffa2acef000 	/System/Library/Frameworks/OpenGL.framework/Versions/A/Libraries/libCVMSPluginSupport.dylib
0x00007ffa2acda000 	/System/Library/Frameworks/OpenGL.framework/Versions/A/Libraries/libCoreVMClient.dylib
0x00007ff81b545000 	/System/Library/Frameworks/MetalPerformanceShaders.framework/Versions/A/Frameworks/MPSCore.framework/Versions/A/MPSCore
0x00007ff81c907000 	/System/Library/Frameworks/MetalPerformanceShaders.framework/Versions/A/Frameworks/MPSImage.framework/Versions/A/MPSImage
0x00007ff81c3ad000 	/System/Library/Frameworks/MetalPerformanceShaders.framework/Versions/A/Frameworks/MPSNeuralNetwork.framework/Versions/A/MPSNeuralNetwork
0x00007ff81c821000 	/System/Library/Frameworks/MetalPerformanceShaders.framework/Versions/A/Frameworks/MPSMatrix.framework/Versions/A/MPSMatrix
0x00007ff81c5dc000 	/System/Library/Frameworks/MetalPerformanceShaders.framework/Versions/A/Frameworks/MPSRayIntersector.framework/Versions/A/MPSRayIntersector
0x00007ff81c859000 	/System/Library/Frameworks/MetalPerformanceShaders.framework/Versions/A/Frameworks/MPSNDArray.framework/Versions/A/MPSNDArray
0x00007ffa307b3000 	/System/Library/Frameworks/MetalPerformanceShaders.framework/Versions/A/Frameworks/MPSFunctions.framework/Versions/A/MPSFunctions
0x00007ff812697000 	/System/Library/PrivateFrameworks/MetalTools.framework/Versions/A/MetalTools
0x00007ff81b5c1000 	/System/Library/PrivateFrameworks/AggregateDictionary.framework/Versions/A/AggregateDictionary
0x00007ff81d6fd000 	/usr/lib/libIOReport.dylib
0x00007ffa2c30a000 	/System/Library/Frameworks/OpenCL.framework/Versions/A/OpenCL
0x00007ff81da62000 	/System/Library/PrivateFrameworks/FaceCore.framework/Versions/A/FaceCore
0x00007ff81da53000 	/System/Library/PrivateFrameworks/GraphVisualizer.framework/Versions/A/GraphVisualizer
0x00007ffb17cb6000 	/System/Library/PrivateFrameworks/FontServices.framework/Versions/A/FontServices
0x00007ff81de7c000 	/System/Library/PrivateFrameworks/OTSVG.framework/Versions/A/OTSVG
0x00007ff81937b000 	/System/Library/Frameworks/ApplicationServices.framework/Versions/A/Frameworks/ATS.framework/Versions/A/Resources/libFontRegistry.dylib
0x00007ff81decc000 	/System/Library/PrivateFrameworks/FontServices.framework/libhvf.dylib
0x00007ffb17cb7000 	/System/Library/PrivateFrameworks/FontServices.framework/libXTFontStaticRegistryData.dylib
0x00007ff81d8cb000 	/System/Library/PrivateFrameworks/AppleVA.framework/Versions/A/AppleVA
0x00007ff81fabb000 	/System/Library/Frameworks/ApplicationServices.framework/Versions/A/Frameworks/ATS.framework/Versions/A/ATS
0x00007ff817a28000 	/System/Library/Frameworks/ApplicationServices.framework/Versions/A/Frameworks/HIServices.framework/Versions/A/HIServices
0x00007ff81e9c5000 	/System/Library/Frameworks/ApplicationServices.framework/Versions/A/Frameworks/PrintCore.framework/Versions/A/PrintCore
0x00007ff81fe49000 	/System/Library/Frameworks/ApplicationServices.framework/Versions/A/Frameworks/QD.framework/Versions/A/QD
0x00007ff81fe41000 	/System/Library/Frameworks/ApplicationServices.framework/Versions/A/Frameworks/ColorSyncLegacy.framework/Versions/A/ColorSyncLegacy
0x00007ff81faab000 	/System/Library/Frameworks/ApplicationServices.framework/Versions/A/Frameworks/SpeechSynthesis.framework/Versions/A/SpeechSynthesis
0x00007ff81e986000 	/System/Library/Frameworks/ApplicationServices.framework/Versions/A/Frameworks/ATSUI.framework/Versions/A/ATSUI
0x00007ff81fdd6000 	/usr/lib/libcups.2.dylib
0x00007ff8201a5000 	/System/Library/Frameworks/Kerberos.framework/Versions/A/Kerberos
0x00007ff8201b4000 	/System/Library/Frameworks/GSS.framework/Versions/A/GSS
0x00007ff81fb27000 	/usr/lib/libresolv.9.dylib
0x00007ff81dedb000 	/System/Library/PrivateFrameworks/Heimdal.framework/Versions/A/Heimdal
0x00007ff826da4000 	/System/Library/Frameworks/Kerberos.framework/Versions/A/Libraries/libHeimdalProxy.dylib
0x00007ff8186e5000 	/System/Library/Frameworks/Network.framework/Versions/A/Network
0x00007ff81d936000 	/usr/lib/libheimdal-asn1.dylib
0x00007ff8201ff000 	/System/Library/PrivateFrameworks/CommonAuth.framework/Versions/A/CommonAuth
0x00007ff81fa2d000 	/System/Library/PrivateFrameworks/AudioSession.framework/Versions/A/AudioSession
0x00007ff81d9c6000 	/System/Library/PrivateFrameworks/MediaExperience.framework/Versions/A/MediaExperience
0x00007ff81f8bf000 	/System/Library/PrivateFrameworks/AudioSession.framework/libSessionUtility.dylib
0x00007ff81fe55000 	/System/Library/PrivateFrameworks/AudioResourceArbitration.framework/Versions/A/AudioResourceArbitration
0x00007ff823ed6000 	/System/Library/PrivateFrameworks/PowerLog.framework/Versions/A/PowerLog
0x00007ff81d93f000 	/System/Library/PrivateFrameworks/IconFoundation.framework/Versions/A/IconFoundation
0x00007ff822c8c000 	/System/Library/PrivateFrameworks/SpeechRecognitionCore.framework/Versions/A/SpeechRecognitionCore
0x000000010a55a000 	/Users/Amin/Library/Java/JavaVirtualMachines/openjdk-21.0.2/Contents/Home/lib/server/libjvm.dylib
0x0000000109325000 	/Users/Amin/Library/Java/JavaVirtualMachines/openjdk-21.0.2/Contents/Home/lib/libjimage.dylib
0x0000000109348000 	/Users/Amin/Library/Java/JavaVirtualMachines/openjdk-21.0.2/Contents/Home/lib/libinstrument.dylib
0x0000000109386000 	/Users/Amin/Library/Java/JavaVirtualMachines/openjdk-21.0.2/Contents/Home/lib/libjava.dylib
0x0000000109e0d000 	/Users/Amin/Library/Java/JavaVirtualMachines/openjdk-21.0.2/Contents/Home/lib/libnio.dylib
0x0000000109e29000 	/Users/Amin/Library/Java/JavaVirtualMachines/openjdk-21.0.2/Contents/Home/lib/libnet.dylib
0x0000000109e3d000 	/Users/Amin/Library/Java/JavaVirtualMachines/openjdk-21.0.2/Contents/Home/lib/libzip.dylib
0x0000000109375000 	/Users/Amin/Library/Java/JavaVirtualMachines/openjdk-21.0.2/Contents/Home/lib/libextnet.dylib
0x0000000109e69000 	/Users/Amin/Desktop/AM/Progmeth/javafx-sdk-21.0.2/lib/libprism_es2.dylib
0x00007ff9172b4000 	/System/Library/Frameworks/Carbon.framework/Versions/A/Carbon
0x00007ff82a6c0000 	/System/Library/Frameworks/Carbon.framework/Versions/A/Frameworks/CommonPanels.framework/Versions/A/CommonPanels
0x00007ff826786000 	/System/Library/Frameworks/Carbon.framework/Versions/A/Frameworks/Help.framework/Versions/A/Help
0x00007ff82a6c4000 	/System/Library/Frameworks/Carbon.framework/Versions/A/Frameworks/ImageCapture.framework/Versions/A/ImageCapture
0x00007ff82a694000 	/System/Library/Frameworks/Carbon.framework/Versions/A/Frameworks/OpenScripting.framework/Versions/A/OpenScripting
0x00007ff82a6bc000 	/System/Library/Frameworks/Carbon.framework/Versions/A/Frameworks/Ink.framework/Versions/A/Ink
0x00007ff9172b0000 	/System/Library/Frameworks/Carbon.framework/Versions/A/Frameworks/Print.framework/Versions/A/Print
0x00007ff82a6b8000 	/System/Library/Frameworks/Carbon.framework/Versions/A/Frameworks/SecurityHI.framework/Versions/A/SecurityHI
0x00007ff814828000 	/System/Library/PrivateFrameworks/CoreServicesInternal.framework/Versions/A/CoreServicesInternal
0x00007ffa2af06000 	/System/Library/Frameworks/OpenGL.framework/Versions/A/Resources/GLEngine.bundle/GLEngine
0x00007ffa2ad6c000 	/System/Library/Frameworks/OpenGL.framework/Versions/A/Libraries/libGLProgrammability.dylib
0x00007ffa227df000 	/System/Library/Extensions/AppleIntelSKLGraphicsGLDriver.bundle/Contents/MacOS/AppleIntelSKLGraphicsGLDriver
0x00007ff9223dc000 	/System/Library/PrivateFrameworks/GPUSupport.framework/Versions/A/Libraries/libGPUSupportMercury.dylib
0x00007ffa2b090000 	/System/Library/Frameworks/OpenGL.framework/Versions/A/Resources/GLRendererFloat.bundle/GLRendererFloat
0x000000010a35c000 	/Users/Amin/Desktop/AM/Progmeth/javafx-sdk-21.0.2/lib/libglass.dylib
0x00007ff8244c7000 	/System/Library/Frameworks/FileProvider.framework/Versions/A/FileProvider
0x00007ff8184c8000 	/System/Library/Frameworks/Accounts.framework/Versions/A/Accounts
0x00007ff824640000 	/System/Library/PrivateFrameworks/GenerationalStorage.framework/Versions/A/GenerationalStorage
0x00007ff825151000 	/System/Library/PrivateFrameworks/CoreSymbolication.framework/Versions/A/CoreSymbolication
0x00007ff823ecb000 	/System/Library/PrivateFrameworks/SymptomDiagnosticReporter.framework/Versions/A/SymptomDiagnosticReporter
0x00007ff815ae9000 	/System/Library/PrivateFrameworks/DesktopServicesPriv.framework/Versions/A/DesktopServicesPriv
0x00007ff814967000 	/usr/lib/libsandbox.1.dylib
0x00007ff819814000 	/System/Library/PrivateFrameworks/UserManagement.framework/Versions/A/UserManagement
0x00007ff825116000 	/System/Library/PrivateFrameworks/DebugSymbols.framework/Versions/A/DebugSymbols
0x00007ff81fe36000 	/System/Library/PrivateFrameworks/NetAuth.framework/Versions/A/NetAuth
0x00007ff820d45000 	/System/Library/PrivateFrameworks/Sharing.framework/Versions/A/Sharing
0x00007ff8197e7000 	/System/Library/PrivateFrameworks/login.framework/Versions/A/Frameworks/loginsupport.framework/Versions/A/loginsupport
0x00007ff8262b4000 	/System/Library/PrivateFrameworks/Apple80211.framework/Versions/A/Apple80211
0x00007ff81c9ec000 	/System/Library/PrivateFrameworks/AuthKit.framework/Versions/A/AuthKit
0x00007ff81c041000 	/System/Library/PrivateFrameworks/CoreUtils.framework/Versions/A/CoreUtils
0x00007ff81bf68000 	/System/Library/Frameworks/CoreWLAN.framework/Versions/A/CoreWLAN
0x00007ff820ea4000 	/System/Library/Frameworks/IOBluetooth.framework/Versions/A/IOBluetooth
0x00007ff82631c000 	/System/Library/PrivateFrameworks/CoreWiFi.framework/Versions/A/CoreWiFi
0x00007ff824cea000 	/System/Library/PrivateFrameworks/FrontBoardServices.framework/Versions/A/FrontBoardServices
0x00007ff824d7b000 	/System/Library/PrivateFrameworks/BoardServices.framework/Versions/A/BoardServices
0x00007ff81c250000 	/System/Library/PrivateFrameworks/AssertionServices.framework/Versions/A/AssertionServices
0x00007ff82649f000 	/System/Library/PrivateFrameworks/BackBoardServices.framework/Versions/A/BackBoardServices
0x00007ff820290000 	/System/Library/PrivateFrameworks/CorePhoneNumbers.framework/Versions/A/CorePhoneNumbers
0x00007ff81fb54000 	/System/Library/PrivateFrameworks/MultiverseSupport.framework/Versions/A/MultiverseSupport
0x00007ff826713000 	/System/Library/PrivateFrameworks/RemoteServiceDiscovery.framework/Versions/A/RemoteServiceDiscovery
0x00007ff823fe8000 	/System/Library/PrivateFrameworks/DiskManagement.framework/Versions/A/DiskManagement
0x00007ff823efc000 	/System/Library/PrivateFrameworks/AppleIDAuthSupport.framework/Versions/A/AppleIDAuthSupport
0x00007ffb12631000 	/System/Library/PrivateFrameworks/AAAFoundation.framework/Versions/A/AAAFoundation
0x00007ff820271000 	/System/Library/PrivateFrameworks/KeychainCircle.framework/Versions/A/KeychainCircle
0x00007ff826723000 	/System/Library/PrivateFrameworks/RemoteXPC.framework/Versions/A/RemoteXPC
0x00007ff823fb4000 	/System/Library/PrivateFrameworks/MediaKit.framework/Versions/A/MediaKit
0x00007ff823f08000 	/System/Library/Frameworks/DiscRecording.framework/Versions/A/DiscRecording
0x00007ff81d843000 	/usr/lib/libCoreStorage.dylib
0x00007ff82678e000 	/usr/lib/libcsfde.dylib
0x00007ff820f71000 	/System/Library/PrivateFrameworks/ProtectedCloudStorage.framework/Versions/A/ProtectedCloudStorage
0x00007ff82678a000 	/System/Library/PrivateFrameworks/EFILogin.framework/Versions/A/EFILogin
0x00007ff824666000 	/System/Library/PrivateFrameworks/OctagonTrust.framework/Versions/A/OctagonTrust
0x00007ffb16f19000 	/System/Library/PrivateFrameworks/CoreUtilsExtras.framework/Versions/A/CoreUtilsExtras
0x00007ff823e2f000 	/System/Library/Frameworks/CoreBluetooth.framework/Versions/A/CoreBluetooth
0x00007ff826e29000 	/System/Library/Frameworks/AudioUnit.framework/Versions/A/AudioUnit
0x00007ff81d83b000 	/usr/lib/libMatch.1.dylib
0x00007ff91c865000 	/System/Library/Frameworks/Accelerate.framework/Versions/A/Frameworks/vImage.framework/Versions/A/Libraries/libCGInterfaces.dylib
0x0000000111842000 	/usr/lib/libobjc-trampolines.dylib
0x00007ff81950c000 	/System/Library/PrivateFrameworks/ViewBridge.framework/Versions/A/ViewBridge
0x00007ff81df93000 	/System/Library/PrivateFrameworks/login.framework/Versions/A/login
0x00007ff81d706000 	/System/Library/PrivateFrameworks/CrashReporterSupport.framework/Versions/A/CrashReporterSupport
0x00007ff924282000 	/System/Library/PrivateFrameworks/OSAnalytics.framework/Versions/A/OSAnalytics
0x00007ff92f440000 	/System/Library/PrivateFrameworks/Symbolication.framework/Versions/A/Symbolication
0x00007ff91821a000 	/System/Library/PrivateFrameworks/MallocStackLogging.framework/Versions/A/MallocStackLogging
0x00000001718db000 	/Users/Amin/Desktop/AM/Progmeth/javafx-sdk-21.0.2/lib/libjavafx_font.dylib
0x00007ffb2a7af000 	/usr/lib/libRosetta.dylib
0x0000000176474000 	/Users/Amin/Library/Java/JavaVirtualMachines/openjdk-21.0.2/Contents/Home/lib/libawt.dylib
0x0000000176534000 	/Users/Amin/Library/Java/JavaVirtualMachines/openjdk-21.0.2/Contents/Home/lib/libmlib_image.dylib
0x00007ffa3071c000 	/System/Library/Frameworks/JavaRuntimeSupport.framework/Versions/A/JavaRuntimeSupport
0x00000001766fd000 	/Users/Amin/Library/Java/JavaVirtualMachines/openjdk-21.0.2/Contents/Home/lib/libawt_lwawt.dylib
0x00000001763fe000 	/Users/Amin/Library/Java/JavaVirtualMachines/openjdk-21.0.2/Contents/Home/lib/libosxapp.dylib
0x00007ff91657e000 	/System/Library/Frameworks/ExceptionHandling.framework/Versions/A/ExceptionHandling
0x0000000176be3000 	/Users/Amin/Library/Java/JavaVirtualMachines/openjdk-21.0.2/Contents/Home/lib/libfontmanager.dylib
0x0000000176831000 	/Users/Amin/Library/Java/JavaVirtualMachines/openjdk-21.0.2/Contents/Home/lib/libfreetype.dylib


VM Arguments:
jvm_args: --module-path=/Users/Amin/Desktop/AM/Progmeth/javafx-sdk-21.0.2/lib --add-modules=javafx.controls,javafx.fxml,javafx.graphics,javafx.media -javaagent:/Applications/IntelliJ IDEA CE.app/Contents/lib/idea_rt.jar=55320:/Applications/IntelliJ IDEA CE.app/Contents/bin -Dfile.encoding=UTF-8 -Dsun.stdout.encoding=UTF-8 -Dsun.stderr.encoding=UTF-8 
java_command: main.Main
java_class_path (initial): /Users/Amin/Desktop/ProjrctProgmeth/mafiahatyai-progmeth/out/production/mafiahatyai-progmeth:/Users/Amin/Desktop/Progmeth/javafx-sdk-21.0.2/lib/javafx-swt.jar:/Users/Amin/Desktop/Progmeth/javafx-sdk-21.0.2/lib/javafx.base.jar:/Users/Amin/Desktop/Progmeth/javafx-sdk-21.0.2/lib/javafx.controls.jar:/Users/Amin/Desktop/Progmeth/javafx-sdk-21.0.2/lib/javafx.fxml.jar:/Users/Amin/Desktop/Progmeth/javafx-sdk-21.0.2/lib/javafx.graphics.jar:/Users/Amin/Desktop/Progmeth/javafx-sdk-21.0.2/lib/javafx.media.jar:/Users/Amin/Desktop/Progmeth/javafx-sdk-21.0.2/lib/javafx.swing.jar:/Users/Amin/Desktop/Progmeth/javafx-sdk-21.0.2/lib/javafx.web.jar
Launcher Type: SUN_STANDARD

[Global flags]
     intx CICompilerCount                          = 3                                         {product} {ergonomic}
     uint ConcGCThreads                            = 1                                         {product} {ergonomic}
     uint G1ConcRefinementThreads                  = 4                                         {product} {ergonomic}
   size_t G1HeapRegionSize                         = 1048576                                   {product} {ergonomic}
    uintx GCDrainStackTargetSize                   = 64                                        {product} {ergonomic}
   size_t InitialHeapSize                          = 134217728                                 {product} {ergonomic}
   size_t MarkStackSize                            = 4194304                                   {product} {ergonomic}
   size_t MaxHeapSize                              = 2147483648                                {product} {ergonomic}
   size_t MaxNewSize                               = 1287651328                                {product} {ergonomic}
   size_t MinHeapDeltaBytes                        = 1048576                                   {product} {ergonomic}
   size_t MinHeapSize                              = 8388608                                   {product} {ergonomic}
    uintx NonNMethodCodeHeapSize                   = 5832780                                {pd product} {ergonomic}
    uintx NonProfiledCodeHeapSize                  = 122912730                              {pd product} {ergonomic}
    uintx ProfiledCodeHeapSize                     = 122912730                              {pd product} {ergonomic}
    uintx ReservedCodeCacheSize                    = 251658240                              {pd product} {ergonomic}
     bool SegmentedCodeCache                       = true                                      {product} {ergonomic}
   size_t SoftMaxHeapSize                          = 2147483648                             {manageable} {ergonomic}
     bool UseCompressedOops                        = true                           {product lp64_product} {ergonomic}
     bool UseG1GC                                  = true                                      {product} {ergonomic}
     bool UseNUMA                                  = false                                     {product} {ergonomic}
     bool UseNUMAInterleaving                      = false                                     {product} {ergonomic}

Logging:
Log output configuration:
 #0: stdout all=warning uptime,level,tags foldmultilines=false
 #1: stderr all=off uptime,level,tags foldmultilines=false

Environment Variables:
PATH=/Users/Amin/.nvm/versions/node/v18.17.1/bin:/usr/local/bin:/usr/bin:/bin:/usr/sbin:/sbin:/usr/local/go/bin:/Library/Apple/usr/bin
SHELL=/bin/zsh
LC_CTYPE=en_US.UTF-8
TMPDIR=/var/folders/hp/t773fw1s7lz94nq_yp0srrzm0000gp/T/

Active Locale:
LC_ALL=C/en_US.UTF-8/C/C/C/C
LC_COLLATE=C
LC_CTYPE=en_US.UTF-8
LC_MESSAGES=C
LC_MONETARY=C
LC_NUMERIC=C
LC_TIME=C

Signal Handlers:
   SIGSEGV: crash_handler in libjvm.dylib, mask=11100110000111110111111111111111, flags=SA_ONSTACK|SA_RESTART|SA_SIGINFO, unblocked
    SIGBUS: crash_handler in libjvm.dylib, mask=11100110000111110111111111111111, flags=SA_RESTART|SA_SIGINFO, unblocked
    SIGFPE: crash_handler in libjvm.dylib, mask=11100110000111110111111111111111, flags=SA_RESTART|SA_SIGINFO, unblocked
   SIGPIPE: javaSignalHandler in libjvm.dylib, mask=11100110000111110111111111111111, flags=SA_RESTART|SA_SIGINFO, blocked
   SIGXFSZ: javaSignalHandler in libjvm.dylib, mask=11100110000111110111111111111111, flags=SA_RESTART|SA_SIGINFO, blocked
    SIGILL: crash_handler in libjvm.dylib, mask=11100110000111110111111111111111, flags=SA_RESTART|SA_SIGINFO, unblocked
   SIGUSR2: SR_handler in libjvm.dylib, mask=00100000000000000000000000000000, flags=SA_RESTART|SA_SIGINFO, blocked
    SIGHUP: UserHandler in libjvm.dylib, mask=11100110000111110111111111111111, flags=SA_RESTART|SA_SIGINFO, blocked
    SIGINT: UserHandler in libjvm.dylib, mask=11100110000111110111111111111111, flags=SA_RESTART|SA_SIGINFO, blocked
   SIGTERM: UserHandler in libjvm.dylib, mask=11100110000111110111111111111111, flags=SA_RESTART|SA_SIGINFO, blocked
   SIGQUIT: UserHandler in libjvm.dylib, mask=11100110000111110111111111111111, flags=SA_RESTART|SA_SIGINFO, blocked
   SIGTRAP: crash_handler in libjvm.dylib, mask=11100110000111110111111111111111, flags=SA_RESTART|SA_SIGINFO, unblocked


Periodic native trim disabled

---------------  S Y S T E M  ---------------

OS:
uname: Darwin 21.6.0 Darwin Kernel Version 21.6.0: Fri Sep 15 16:17:23 PDT 2023; root:xnu-8020.240.18.703.5~1/RELEASE_X86_64 x86_64
OS uptime: 38 days 4:23 hours
rlimit (soft/hard): STACK 8192k/65532k , CORE 0k/infinity , NPROC 1392/2088 , NOFILE 10240/infinity , AS infinity/infinity , CPU infinity/infinity , DATA infinity/infinity , FSIZE infinity/infinity , MEMLOCK infinity/infinity , RSS infinity/infinity
load average: 5.86 3.80 5.09

CPU: total 4 (initial active 4) (2 cores per cpu, 2 threads per core) family 6 model 78 stepping 3 microcode 0xf0, cx8, cmov, fxsr, ht, mmx, 3dnowpref, sse, sse2, sse3, ssse3, sse4.1, sse4.2, popcnt, lzcnt, tsc, tscinvbit, avx, avx2, aes, erms, clmul, bmi1, bmi2, adx, fma, vzeroupper, clflush, clflushopt, rdtscp, f16c
machdep.cpu.brand_string:Intel(R) Core(TM) i5-6267U CPU @ 2.90GHz
hw.cpufrequency:2900000000
hw.cpufrequency_min:2900000000
hw.cpufrequency_max:2900000000
hw.cachelinesize:64
hw.l1icachesize:32768
hw.l1dcachesize:32768
hw.l2cachesize:262144
hw.l3cachesize:4194304

Memory: 4k page, physical 8388608k(31012k free), swap 6291456k(1014272k free)

vm_info: OpenJDK 64-Bit Server VM (21.0.2+13-58) for bsd-amd64 JRE (21.0.2+13-58), built on 2024-01-05T18:32:24Z by "mach5one" with clang Apple LLVM 12.0.0 (clang-1200.0.32.29)

END.
